#
# There is insufficient memory for the Java Runtime Environment to continue.
# Native memory allocation (malloc) failed to allocate 759696 bytes for Chunk::new
# Possible reasons:
#   The system is out of physical RAM or swap space
#   In 32 bit mode, the process size limit was hit
# Possible solutions:
#   Reduce memory load on the system
#   Increase physical memory or swap space
#   Check if swap backing store is full
#   Use 64 bit Java on a 64 bit OS
#   Decrease Java heap size (-Xmx/-Xms)
#   Decrease number of Java threads
#   Decrease Java thread stack sizes (-Xss)
#   Set larger code cache with -XX:ReservedCodeCacheSize=
# This output file may be truncated or incomplete.
#
#  Out of Memory Error (allocation.cpp:390), pid=11036, tid=0x0000000000001280
#
# JRE version: Java(TM) SE Runtime Environment (8.0_102-b14) (build 1.8.0_102-b14)
# Java VM: Java HotSpot(TM) 64-Bit Server VM (25.102-b14 mixed mode windows-amd64 compressed oops)
# Failed to write core dump. Minidumps are not enabled by default on client versions of Windows
#

---------------  T H R E A D  ---------------

Current thread (0x0000000005f8e000):  JavaThread "C2 CompilerThread1" daemon [_thread_in_native, id=4736, stack(0x0000000007990000,0x0000000007a90000)]

Stack: [0x0000000007990000,0x0000000007a90000]
[error occurred during error reporting (printing stack bounds), id 0xc0000005]

Native frames: (J=compiled Java code, j=interpreted, Vv=VM code, C=native code)


Current CompileTask:
C2:   3826 1415   !   4       com.android.dx.cf.code.BytecodeArray::parseInstruction (2764 bytes)


---------------  P R O C E S S  ---------------

Java Threads: ( => current thread )
  0x0000000007809000 JavaThread "pool-2-thread-4" [_thread_in_Java, id=2832, stack(0x0000000008190000,0x0000000008290000)]
  0x00000000078be000 JavaThread "pool-2-thread-3" [_thread_in_Java, id=5572, stack(0x0000000008090000,0x0000000008190000)]
  0x00000000078bd000 JavaThread "pool-2-thread-2" [_thread_in_Java, id=1640, stack(0x0000000007f90000,0x0000000008090000)]
  0x00000000078bc800 JavaThread "pool-3-thread-1" [_thread_blocked, id=10532, stack(0x0000000007e90000,0x0000000007f90000)]
  0x00000000078b9800 JavaThread "pool-2-thread-1" [_thread_in_Java, id=9532, stack(0x0000000007d90000,0x0000000007e90000)]
  0x00000000075f1000 JavaThread "Service Thread" daemon [_thread_blocked, id=10296, stack(0x0000000007b90000,0x0000000007c90000)]
  0x00000000075ec000 JavaThread "C1 CompilerThread2" daemon [_thread_blocked, id=10812, stack(0x0000000007a90000,0x0000000007b90000)]
=>0x0000000005f8e000 JavaThread "C2 CompilerThread1" daemon [_thread_in_native, id=4736, stack(0x0000000007990000,0x0000000007a90000)]
  0x0000000005f8b000 JavaThread "C2 CompilerThread0" daemon [_thread_in_native, id=7328, stack(0x0000000007490000,0x0000000007590000)]
  0x0000000005f3d000 JavaThread "Attach Listener" daemon [_thread_blocked, id=11720, stack(0x0000000007390000,0x0000000007490000)]
  0x0000000005f3c000 JavaThread "Signal Dispatcher" daemon [_thread_blocked, id=4956, stack(0x0000000007290000,0x0000000007390000)]
  0x000000000285a800 JavaThread "Finalizer" daemon [_thread_blocked, id=7440, stack(0x0000000007190000,0x0000000007290000)]
  0x0000000005ef9000 JavaThread "Reference Handler" daemon [_thread_blocked, id=11168, stack(0x0000000007090000,0x0000000007190000)]
  0x0000000002761000 JavaThread "main" [_thread_in_Java, id=1624, stack(0x0000000002660000,0x0000000002760000)]

Other Threads:
  0x0000000005ef7000 VMThread [stack: 0x0000000006f90000,0x0000000007090000] [id=8168]
  0x0000000007669800 WatcherThread [stack: 0x0000000007c90000,0x0000000007d90000] [id=11780]

VM state:not at safepoint (normal execution)

VM Mutex/Monitor currently owned by a thread: None

Heap:
 PSYoungGen      total 18432K, used 14032K [0x00000000eab00000, 0x00000000ebf80000, 0x0000000100000000)
  eden space 15872K, 72% used [0x00000000eab00000,0x00000000eb635240,0x00000000eba80000)
  from space 2560K, 99% used [0x00000000ebd00000,0x00000000ebf7f0b0,0x00000000ebf80000)
  to   space 2560K, 0% used [0x00000000eba80000,0x00000000eba80000,0x00000000ebd00000)
 ParOldGen       total 42496K, used 3821K [0x00000000c0000000, 0x00000000c2980000, 0x00000000eab00000)
  object space 42496K, 8% used [0x00000000c0000000,0x00000000c03bb680,0x00000000c2980000)
 Metaspace       used 6165K, capacity 7030K, committed 7296K, reserved 1056768K
  class space    used 603K, capacity 622K, committed 640K, reserved 1048576K

Card table byte_map: [0x0000000002c20000,0x0000000002e30000] byte_map_base: 0x0000000002620000

Marking Bits: (ParMarkBitMap*) 0x000000007715a6c0
 Begin Bits: [0x0000000003390000, 0x0000000004390000)
 End Bits:   [0x0000000004390000, 0x0000000005390000)

Polling page: 0x00000000006b0000

CodeCache: size=245760Kb used=5783Kb max_used=5795Kb free=239976Kb
 bounds [0x000000000f010000, 0x000000000f5c0000, 0x000000001e010000]
 total_blobs=1709 nmethods=1438 adapters=184
 compilation: enabled

Compilation events (10 events):
Event: 3.804 Thread 0x00000000075ec000 1442       3       java.util.HashMap$HashIterator::nextNode (100 bytes)
Event: 3.804 Thread 0x00000000075ec000 nmethod 1442 0x000000000f5af650 code [0x000000000f5af800, 0x000000000f5afcd8]
Event: 3.804 Thread 0x00000000075ec000 1443       3       com.android.dx.ssa.NormalSsaInsn::canThrow (8 bytes)
Event: 3.805 Thread 0x00000000075ec000 nmethod 1443 0x000000000f5a22d0 code [0x000000000f5a2460, 0x000000000f5a28a8]
Event: 3.811 Thread 0x0000000005f8b000 nmethod 1439 0x000000000f5bce90 code [0x000000000f5bd020, 0x000000000f5bd7d0]
Event: 3.811 Thread 0x0000000005f8b000 1440       4       java.lang.String::<init> (82 bytes)
Event: 3.815 Thread 0x00000000075ec000 1446       3       com.android.dx.dex.cf.AttributeTranslator::getParameterAnnotations (69 bytes)
Event: 3.816 Thread 0x00000000075ec000 nmethod 1446 0x000000000f5bbfd0 code [0x000000000f5bc1e0, 0x000000000f5bcb58]
Event: 3.817 Thread 0x0000000005f8b000 nmethod 1440 0x000000000f5b4d50 code [0x000000000f5b4ea0, 0x000000000f5b5198]
Event: 3.817 Thread 0x0000000005f8b000 1445       4       com.android.dx.ssa.LocalVariableExtractor::processBlock (383 bytes)

GC Heap History (4 events):
Event: 2.924 GC heap before
{Heap before GC invocations=1 (full 0):
 PSYoungGen      total 18432K, used 15872K [0x00000000eab00000, 0x00000000ebf80000, 0x0000000100000000)
  eden space 15872K, 100% used [0x00000000eab00000,0x00000000eba80000,0x00000000eba80000)
  from space 2560K, 0% used [0x00000000ebd00000,0x00000000ebd00000,0x00000000ebf80000)
  to   space 2560K, 0% used [0x00000000eba80000,0x00000000eba80000,0x00000000ebd00000)
 ParOldGen       total 42496K, used 0K [0x00000000c0000000, 0x00000000c2980000, 0x00000000eab00000)
  object space 42496K, 0% used [0x00000000c0000000,0x00000000c0000000,0x00000000c2980000)
 Metaspace       used 5789K, capacity 6646K, committed 6784K, reserved 1056768K
  class space    used 601K, capacity 622K, committed 640K, reserved 1048576K
Event: 2.989 GC heap after
Heap after GC invocations=1 (full 0):
 PSYoungGen      total 18432K, used 2530K [0x00000000eab00000, 0x00000000ebf80000, 0x0000000100000000)
  eden space 15872K, 0% used [0x00000000eab00000,0x00000000eab00000,0x00000000eba80000)
  from space 2560K, 98% used [0x00000000eba80000,0x00000000ebcf8ab8,0x00000000ebd00000)
  to   space 2560K, 0% used [0x00000000ebd00000,0x00000000ebd00000,0x00000000ebf80000)
 ParOldGen       total 42496K, used 1746K [0x00000000c0000000, 0x00000000c2980000, 0x00000000eab00000)
  object space 42496K, 4% used [0x00000000c0000000,0x00000000c01b49a8,0x00000000c2980000)
 Metaspace       used 5789K, capacity 6646K, committed 6784K, reserved 1056768K
  class space    used 601K, capacity 622K, committed 640K, reserved 1048576K
}
Event: 3.471 GC heap before
{Heap before GC invocations=2 (full 0):
 PSYoungGen      total 18432K, used 18402K [0x00000000eab00000, 0x00000000ebf80000, 0x0000000100000000)
  eden space 15872K, 100% used [0x00000000eab00000,0x00000000eba80000,0x00000000eba80000)
  from space 2560K, 98% used [0x00000000eba80000,0x00000000ebcf8ab8,0x00000000ebd00000)
  to   space 2560K, 0% used [0x00000000ebd00000,0x00000000ebd00000,0x00000000ebf80000)
 ParOldGen       total 42496K, used 1746K [0x00000000c0000000, 0x00000000c2980000, 0x00000000eab00000)
  object space 42496K, 4% used [0x00000000c0000000,0x00000000c01b49a8,0x00000000c2980000)
 Metaspace       used 6070K, capacity 6902K, committed 7040K, reserved 1056768K
  class space    used 602K, capacity 622K, committed 640K, reserved 1048576K
Event: 3.486 GC heap after
Heap after GC invocations=2 (full 0):
 PSYoungGen      total 18432K, used 2556K [0x00000000eab00000, 0x00000000ebf80000, 0x0000000100000000)
  eden space 15872K, 0% used [0x00000000eab00000,0x00000000eab00000,0x00000000eba80000)
  from space 2560K, 99% used [0x00000000ebd00000,0x00000000ebf7f0b0,0x00000000ebf80000)
  to   space 2560K, 0% used [0x00000000eba80000,0x00000000eba80000,0x00000000ebd00000)
 ParOldGen       total 42496K, used 3821K [0x00000000c0000000, 0x00000000c2980000, 0x00000000eab00000)
  object space 42496K, 8% used [0x00000000c0000000,0x00000000c03bb680,0x00000000c2980000)
 Metaspace       used 6070K, capacity 6902K, committed 7040K, reserved 1056768K
  class space    used 602K, capacity 622K, committed 640K, reserved 1048576K
}

Deoptimization events (5 events):
Event: 2.784 Thread 0x00000000078bd000 Uncommon trap: reason=unstable_if action=reinterpret pc=0x000000000f23de54 method=java.util.HashMap.getNode(ILjava/lang/Object;)Ljava/util/HashMap$Node; @ 129
Event: 2.802 Thread 0x0000000002761000 Uncommon trap: reason=unstable_if action=reinterpret pc=0x000000000f1f60ac method=java.lang.String.<init>([CII)V @ 18
Event: 2.915 Thread 0x00000000078b9800 Uncommon trap: reason=unstable_if action=reinterpret pc=0x000000000f245870 method=java.util.BitSet.nextSetBit(I)I @ 87
Event: 3.053 Thread 0x00000000078b9800 Uncommon trap: reason=unstable_if action=reinterpret pc=0x000000000f24cd88 method=com.android.dx.rop.code.RegisterSpec.equals(ILcom/android/dx/rop/type/TypeBearer;Lcom/android/dx/rop/code/LocalItem;)Z @ 16
Event: 3.796 Thread 0x00000000078be000 Uncommon trap: reason=unstable_if action=reinterpret pc=0x000000000f54a0e0 method=com.android.dx.ssa.SCCP.simulateStmt(Lcom/android/dx/ssa/SsaInsn;)V @ 53

Internal exceptions (2 events):
Event: 0.206 Thread 0x0000000002761000 Exception <a 'java/lang/NoSuchMethodError': Method sun.misc.Unsafe.defineClass(Ljava/lang/String;[BII)Ljava/lang/Class; name or signature does not match> (0x00000000eab07c78) thrown at [C:\re\workspace\8-2-build-windows-amd64-cygwin\jdk8u102\7268\hotspot\sSg-_Ê?
Event: 0.206 Thread 0x0000000002761000 Exception <a 'java/lang/NoSuchMethodError': Method sun.misc.Unsafe.prefetchRead(Ljava/lang/Object;J)V name or signature does not match> (0x00000000eab07f60) thrown at [C:\re\workspace\8-2-build-windows-amd64-cygwin\jdk8u102\7268\hotspot\src\share\vm\prims\

Events (10 events):
Event: 3.053 Thread 0x00000000078b9800 DEOPT UNPACKING pc=0x000000000f05582a sp=0x0000000007e8e4b8 mode 2
Event: 3.382 Executing VM operation: ForceSafepoint
Event: 3.388 Executing VM operation: ForceSafepoint done
Event: 3.435 Executing VM operation: ParallelGCFailedAllocation
Event: 3.486 Executing VM operation: ParallelGCFailedAllocation done
Event: 3.604 loading class com/android/dx/cf/attrib/AttAnnotationDefault
Event: 3.604 loading class com/android/dx/cf/attrib/AttAnnotationDefault done
Event: 3.796 Thread 0x00000000078be000 Uncommon trap: trap_request=0xffffff65 fr.pc=0x000000000f54a0e0
Event: 3.796 Thread 0x00000000078be000 DEOPT PACKING pc=0x000000000f54a0e0 sp=0x000000000818e530
Event: 3.796 Thread 0x00000000078be000 DEOPT UNPACKING pc=0x000000000f05582a sp=0x000000000818e518 mode 2


Dynamic libraries:
0x00007ff7070b0000 - 0x00007ff7070e7000 	C:\Program Files\Java\jdk1.8.0_102\bin\java.exe
0x00007ffac7330000 - 0x00007ffac74d9000 	C:\Windows\SYSTEM32\ntdll.dll
0x00007ffac5690000 - 0x00007ffac57c9000 	C:\Windows\system32\KERNEL32.DLL
0x00007ffac4740000 - 0x00007ffac484e000 	C:\Windows\system32\KERNELBASE.dll
0x00007ffac2810000 - 0x00007ffac289b000 	C:\Windows\system32\apphelp.dll
0x00007ffabbfb0000 - 0x00007ffabbfff000 	C:\Windows\AppPatch\AppPatch64\AcGenral.DLL
0x00007ffac4a50000 - 0x00007ffac4af7000 	C:\Windows\system32\msvcrt.dll
0x00007ffac4020000 - 0x00007ffac404b000 	C:\Windows\SYSTEM32\SspiCli.dll
0x00007ffac4bd0000 - 0x00007ffac4c21000 	C:\Windows\system32\SHLWAPI.dll
0x00007ffac5460000 - 0x00007ffac55d1000 	C:\Windows\system32\USER32.dll
0x00007ffac4f20000 - 0x00007ffac5096000 	C:\Windows\system32\ole32.dll
0x00007ffac5830000 - 0x00007ffac6c3d000 	C:\Windows\system32\SHELL32.dll
0x00007ffac3520000 - 0x00007ffac353f000 	C:\Windows\SYSTEM32\USERENV.dll
0x00007ffac4b20000 - 0x00007ffac4bc5000 	C:\Windows\system32\ADVAPI32.dll
0x00007ffaba500000 - 0x00007ffaba51b000 	C:\Windows\SYSTEM32\MPR.dll
0x00007ffac7190000 - 0x00007ffac72c6000 	C:\Windows\system32\RPCRT4.dll
0x00007ffac72d0000 - 0x00007ffac7327000 	C:\Windows\SYSTEM32\sechost.dll
0x00007ffac4d30000 - 0x00007ffac4f07000 	C:\Windows\SYSTEM32\combase.dll
0x00007ffac6e40000 - 0x00007ffac6f85000 	C:\Windows\system32\GDI32.dll
0x00007ffac42e0000 - 0x00007ffac42f4000 	C:\Windows\SYSTEM32\profapi.dll
0x00007ffac3400000 - 0x00007ffac34a1000 	C:\Windows\SYSTEM32\SHCORE.dll
0x00007ffac5140000 - 0x00007ffac5174000 	C:\Windows\system32\IMM32.DLL
0x00007ffac6f90000 - 0x00007ffac70c8000 	C:\Windows\system32\MSCTF.dll
0x00007ffac4290000 - 0x00007ffac42c1000 	C:\Windows\system32\nvinitx.dll
0x000000000f000000 - 0x000000000f006000 	C:\Program Files\NVIDIA Corporation\CoProcManager\_etoured.dll
0x00007ffac1e00000 - 0x00007ffac1e32000 	C:\Program Files\NVIDIA Corporation\CoProcManager\nvd3d9wrapx.dll
0x00007ffac6c40000 - 0x00007ffac6e16000 	C:\Windows\system32\SETUPAPI.dll
0x00007ffac4410000 - 0x00007ffac445a000 	C:\Windows\system32\CFGMGR32.dll
0x00007ffac1dd0000 - 0x00007ffac1df2000 	C:\Program Files\NVIDIA Corporation\CoProcManager\nvdxgiwrapx.dll
0x00007ffac3c50000 - 0x00007ffac3eaa000 	C:\Windows\WinSxS\amd64_microsoft.windows.common-controls_6595b64144ccf1df_6.0.9600.16384_none_62475f7becb72503\COMCTL32.dll
0x00000000771e0000 - 0x00000000772b1000 	C:\Program Files\Java\jdk1.8.0_102\jre\bin\msvcr100.dll
0x0000000076940000 - 0x00000000771da000 	C:\Program Files\Java\jdk1.8.0_102\jre\bin\server\jvm.dll
0x00007ffabf5c0000 - 0x00007ffabf5c9000 	C:\Windows\SYSTEM32\WSOCK32.dll
0x00007ffac48a0000 - 0x00007ffac48bf000 	C:\Windows\system32\WINMM.dll
0x00007ffac37c0000 - 0x00007ffac37ca000 	C:\Windows\SYSTEM32\VERSION.dll
0x00007ffac4a40000 - 0x00007ffac4a47000 	C:\Windows\system32\PSAPI.DLL
0x00007ffac4930000 - 0x00007ffac4988000 	C:\Windows\system32\WS2_32.dll
0x00007ffac43c0000 - 0x00007ffac43ea000 	C:\Windows\system32\WINMMBASE.dll
0x00007ffac4f10000 - 0x00007ffac4f19000 	C:\Windows\system32\NSI.dll
0x00007ffac4390000 - 0x00007ffac43b6000 	C:\Windows\system32\DEVOBJ.dll
0x0000000050250000 - 0x000000005025f000 	C:\Program Files\Java\jdk1.8.0_102\jre\bin\verify.dll
0x0000000050030000 - 0x0000000050059000 	C:\Program Files\Java\jdk1.8.0_102\jre\bin\java.dll
0x0000000050010000 - 0x0000000050026000 	C:\Program Files\Java\jdk1.8.0_102\jre\bin\zip.dll

VM Arguments:
jvm_args: -Djava.awt.headless=true -Xmx1024M -Dfile.encoding=GBK -Duser.country=CN -Duser.language=zh -Duser.variant 
java_command: com.android.dx.command.Main --dex --force-jumbo --num-threads=4 --multi-dex --output E:\Program Files\feiq\Recv Files\anchong\app\build\intermediates\transforms\dex\debug\folders\1000\10\gson-2.6.2_002b7fbf7a0de167c934ae8280ecce1c989b18df C:\Users\Administrator\.gradle\caches\modules-2\files-2.1\com.google.code.gson\gson\2.6.2\f1bc476cc167b18e66c297df599b2377131a8947\gson-2.6.2.jar
java_class_path (initial): C:\Users\Administrator\AppData\Local\Android\Sdk\build-tools\23.0.2\lib\dx.jar
Launcher Type: SUN_STANDARD

Environment Variables:
JAVA_HOME=C:\Program Files\Java\jdk1.8.0_102
PATH=C:\ProgramData\Oracle\Java\javapath;C:\Program Files\Java\jdk1.7.0_79\bin;C:\Windows\system32;C:\Windows;C:\Windows\system32\wbem;E:\Git\cmd;F:\android-ndk-r13;
USERNAME=Administrator
OS=Windows_NT
PROCESSOR_IDENTIFIER=Intel64 Family 6 Model 42 Stepping 7, GenuineIntel



---------------  S Y S T E M  ---------------

OS: Windows 8.1 , 64 bit Build 9600 (6.3.9600.16656)

CPU:total 4 (2 cores per cpu, 2 threads per core) family 6 model 42 stepping 7, cmov, cx8, fxsr, mmx, sse, sse2, sse3, ssse3, sse4.1, sse4.2, popcnt, avx, aes, clmul, ht, tsc, tscinvbit

Memory: 4k page, physical 4036004k(424448k free), swap 8099236k(5404k free)

vm_info: Java HotSpot(TM) 64-Bit Server VM (25.102-b14) for windows-amd64 JRE (1.8.0_102-b14), built on Jun 22 2016 13:15:21 by "java_re" with MS VC++ 10.0 (VS2010)

time: Thu Dec 08 21:52:07 2016
elapsed time: 3 seconds (0d 0h 0m 3s)

