#
# There is insufficient memory for the Java Runtime Environment to continue.
# Native memory allocation (malloc) failed to allocate 1031696 bytes for Chunk::new
# Possible reasons:
#   The system is out of physical RAM or swap space
#   In 32 bit mode, the process size limit was hit
# Possible solutions:
#   Reduce memory load on the system
#   Increase physical memory or swap space
#   Check if swap backing store is full
#   Use 64 bit Java on a 64 bit OS
#   Decrease Java heap size (-Xmx/-Xms)
#   Decrease number of Java threads
#   Decrease Java thread stack sizes (-Xss)
#   Set larger code cache with -XX:ReservedCodeCacheSize=
# This output file may be truncated or incomplete.
#
#  Out of Memory Error (allocation.cpp:390), pid=11504, tid=0x0000000000001154
#
# JRE version: Java(TM) SE Runtime Environment (8.0_102-b14) (build 1.8.0_102-b14)
# Java VM: Java HotSpot(TM) 64-Bit Server VM (25.102-b14 mixed mode windows-amd64 compressed oops)
# Failed to write core dump. Minidumps are not enabled by default on client versions of Windows
#

---------------  T H R E A D  ---------------

Current thread (0x0000000007947000):  JavaThread "C2 CompilerThread1" daemon [_thread_in_native, id=4436, stack(0x0000000007cf0000,0x0000000007df0000)]

Stack: [0x0000000007cf0000,0x0000000007df0000]
[error occurred during error reporting (printing stack bounds), id 0xc0000005]

Native frames: (J=compiled Java code, j=interpreted, Vv=VM code, C=native code)


Current CompileTask:
C2:   7281 1437   !   4       com.android.dx.cf.code.Ropper::processBlock (1101 bytes)


---------------  P R O C E S S  ---------------

Java Threads: ( => current thread )
  0x0000000007b7d800 JavaThread "pool-2-thread-4" [_thread_in_Java, id=11828, stack(0x00000000084f0000,0x00000000085f0000)]
  0x0000000007b7c800 JavaThread "pool-2-thread-3" [_thread_in_Java, id=11552, stack(0x00000000083f0000,0x00000000084f0000)]
  0x0000000007b71000 JavaThread "pool-2-thread-2" [_thread_in_Java, id=10220, stack(0x00000000082f0000,0x00000000083f0000)]
  0x0000000007a3f000 JavaThread "pool-3-thread-1" [_thread_blocked, id=10540, stack(0x00000000081f0000,0x00000000082f0000)]
  0x0000000007a3e800 JavaThread "pool-2-thread-1" [_thread_in_Java, id=11672, stack(0x00000000080f0000,0x00000000081f0000)]
  0x000000000795a800 JavaThread "Service Thread" daemon [_thread_blocked, id=8848, stack(0x0000000007ef0000,0x0000000007ff0000)]
  0x000000000794d000 JavaThread "C1 CompilerThread2" daemon [_thread_blocked, id=10660, stack(0x0000000007df0000,0x0000000007ef0000)]
=>0x0000000007947000 JavaThread "C2 CompilerThread1" daemon [_thread_in_native, id=4436, stack(0x0000000007cf0000,0x0000000007df0000)]
  0x00000000062dc800 JavaThread "C2 CompilerThread0" daemon [_thread_in_native, id=10760, stack(0x00000000077f0000,0x00000000078f0000)]
  0x00000000062da800 JavaThread "Attach Listener" daemon [_thread_blocked, id=12044, stack(0x00000000076f0000,0x00000000077f0000)]
  0x00000000062d9800 JavaThread "Signal Dispatcher" daemon [_thread_blocked, id=11652, stack(0x00000000075f0000,0x00000000076f0000)]
  0x0000000002baa800 JavaThread "Finalizer" daemon [_thread_blocked, id=6268, stack(0x00000000074f0000,0x00000000075f0000)]
  0x0000000002ba0000 JavaThread "Reference Handler" daemon [_thread_blocked, id=10976, stack(0x00000000073f0000,0x00000000074f0000)]
  0x0000000002ab1000 JavaThread "main" [_thread_in_Java, id=11980, stack(0x0000000002600000,0x0000000002700000)]

Other Threads:
  0x0000000006247000 VMThread [stack: 0x00000000072f0000,0x00000000073f0000] [id=10788]
  0x000000000799b000 WatcherThread [stack: 0x0000000007ff0000,0x00000000080f0000] [id=8900]

VM state:not at safepoint (normal execution)

VM Mutex/Monitor currently owned by a thread: None

Heap:
 PSYoungGen      total 34304K, used 17900K [0x00000000eab00000, 0x00000000ecf00000, 0x0000000100000000)
  eden space 31744K, 48% used [0x00000000eab00000,0x00000000eb9fbe68,0x00000000eca00000)
  from space 2560K, 99% used [0x00000000eca00000,0x00000000ecc7f3c8,0x00000000ecc80000)
  to   space 2560K, 0% used [0x00000000ecc80000,0x00000000ecc80000,0x00000000ecf00000)
 ParOldGen       total 42496K, used 10928K [0x00000000c0000000, 0x00000000c2980000, 0x00000000eab00000)
  object space 42496K, 25% used [0x00000000c0000000,0x00000000c0aac1c0,0x00000000c2980000)
 Metaspace       used 5977K, capacity 6960K, committed 7040K, reserved 1056768K
  class space    used 588K, capacity 616K, committed 640K, reserved 1048576K

Card table byte_map: [0x0000000002f70000,0x0000000003180000] byte_map_base: 0x0000000002970000

Marking Bits: (ParMarkBitMap*) 0x000000007715a6c0
 Begin Bits: [0x00000000036e0000, 0x00000000046e0000)
 End Bits:   [0x00000000046e0000, 0x00000000056e0000)

Polling page: 0x00000000009f0000

CodeCache: size=245760Kb used=5831Kb max_used=5856Kb free=239928Kb
 bounds [0x000000000f010000, 0x000000000f5e0000, 0x000000001e010000]
 total_blobs=1672 nmethods=1408 adapters=177
 compilation: enabled

Compilation events (10 events):
Event: 6.767 Thread 0x00000000062dc800 nmethod 1406 0x000000000f5af210 code [0x000000000f5af380, 0x000000000f5af9f8]
Event: 6.846 Thread 0x00000000062dc800 1430       4       com.android.dx.cf.code.ByteBlockList::labelToBlock (46 bytes)
Event: 6.848 Thread 0x00000000062dc800 nmethod 1430 0x000000000f5a2190 code [0x000000000f5a22e0, 0x000000000f5a2438]
Event: 6.848 Thread 0x00000000062dc800 1431       4       com.android.dx.cf.code.Ropper::addOrReplaceBlock (66 bytes)
Event: 6.867 Thread 0x00000000062dc800 nmethod 1431 0x000000000f5969d0 code [0x000000000f596b60, 0x000000000f597478]
Event: 6.868 Thread 0x00000000062dc800 1432       4       com.android.dx.cf.code.ExecutionStack::pop (54 bytes)
Event: 6.870 Thread 0x00000000062dc800 nmethod 1432 0x000000000f596510 code [0x000000000f596660, 0x000000000f5967f8]
Event: 6.876 Thread 0x00000000062dc800 1433       4       com.android.dx.cf.code.Simulator$SimVisitor::visitConstant (332 bytes)
Event: 6.978 Thread 0x0000000007947000 nmethod 1417 0x000000000f5c75d0 code [0x000000000f5c7c00, 0x000000000f5cd150]
Event: 6.979 Thread 0x0000000007947000 1437   !   4       com.android.dx.cf.code.Ropper::processBlock (1101 bytes)

GC Heap History (6 events):
Event: 4.264 GC heap before
{Heap before GC invocations=1 (full 0):
 PSYoungGen      total 18432K, used 15872K [0x00000000eab00000, 0x00000000ebf80000, 0x0000000100000000)
  eden space 15872K, 100% used [0x00000000eab00000,0x00000000eba80000,0x00000000eba80000)
  from space 2560K, 0% used [0x00000000ebd00000,0x00000000ebd00000,0x00000000ebf80000)
  to   space 2560K, 0% used [0x00000000eba80000,0x00000000eba80000,0x00000000ebd00000)
 ParOldGen       total 42496K, used 0K [0x00000000c0000000, 0x00000000c2980000, 0x00000000eab00000)
  object space 42496K, 0% used [0x00000000c0000000,0x00000000c0000000,0x00000000c2980000)
 Metaspace       used 5678K, capacity 6768K, committed 7040K, reserved 1056768K
  class space    used 579K, capacity 616K, committed 640K, reserved 1048576K
Event: 4.418 GC heap after
Heap after GC invocations=1 (full 0):
 PSYoungGen      total 18432K, used 2552K [0x00000000eab00000, 0x00000000ecf00000, 0x0000000100000000)
  eden space 15872K, 0% used [0x00000000eab00000,0x00000000eab00000,0x00000000eba80000)
  from space 2560K, 99% used [0x00000000eba80000,0x00000000ebcfe028,0x00000000ebd00000)
  to   space 2560K, 0% used [0x00000000ecc80000,0x00000000ecc80000,0x00000000ecf00000)
 ParOldGen       total 42496K, used 1613K [0x00000000c0000000, 0x00000000c2980000, 0x00000000eab00000)
  object space 42496K, 3% used [0x00000000c0000000,0x00000000c0193578,0x00000000c2980000)
 Metaspace       used 5678K, capacity 6768K, committed 7040K, reserved 1056768K
  class space    used 579K, capacity 616K, committed 640K, reserved 1048576K
}
Event: 5.096 GC heap before
{Heap before GC invocations=2 (full 0):
 PSYoungGen      total 18432K, used 18424K [0x00000000eab00000, 0x00000000ecf00000, 0x0000000100000000)
  eden space 15872K, 100% used [0x00000000eab00000,0x00000000eba80000,0x00000000eba80000)
  from space 2560K, 99% used [0x00000000eba80000,0x00000000ebcfe028,0x00000000ebd00000)
  to   space 2560K, 0% used [0x00000000ecc80000,0x00000000ecc80000,0x00000000ecf00000)
 ParOldGen       total 42496K, used 1613K [0x00000000c0000000, 0x00000000c2980000, 0x00000000eab00000)
  object space 42496K, 3% used [0x00000000c0000000,0x00000000c0193578,0x00000000c2980000)
 Metaspace       used 5819K, capacity 6896K, committed 7040K, reserved 1056768K
  class space    used 583K, capacity 616K, committed 640K, reserved 1048576K
Event: 5.178 GC heap after
Heap after GC invocations=2 (full 0):
 PSYoungGen      total 34304K, used 2552K [0x00000000eab00000, 0x00000000ecf00000, 0x0000000100000000)
  eden space 31744K, 0% used [0x00000000eab00000,0x00000000eab00000,0x00000000eca00000)
  from space 2560K, 99% used [0x00000000ecc80000,0x00000000ecefe028,0x00000000ecf00000)
  to   space 2560K, 0% used [0x00000000eca00000,0x00000000eca00000,0x00000000ecc80000)
 ParOldGen       total 42496K, used 3821K [0x00000000c0000000, 0x00000000c2980000, 0x00000000eab00000)
  object space 42496K, 8% used [0x00000000c0000000,0x00000000c03bb578,0x00000000c2980000)
 Metaspace       used 5819K, capacity 6896K, committed 7040K, reserved 1056768K
  class space    used 583K, capacity 616K, committed 640K, reserved 1048576K
}
Event: 5.949 GC heap before
{Heap before GC invocations=3 (full 0):
 PSYoungGen      total 34304K, used 34296K [0x00000000eab00000, 0x00000000ecf00000, 0x0000000100000000)
  eden space 31744K, 100% used [0x00000000eab00000,0x00000000eca00000,0x00000000eca00000)
  from space 2560K, 99% used [0x00000000ecc80000,0x00000000ecefe028,0x00000000ecf00000)
  to   space 2560K, 0% used [0x00000000eca00000,0x00000000eca00000,0x00000000ecc80000)
 ParOldGen       total 42496K, used 3821K [0x00000000c0000000, 0x00000000c2980000, 0x00000000eab00000)
  object space 42496K, 8% used [0x00000000c0000000,0x00000000c03bb578,0x00000000c2980000)
 Metaspace       used 5965K, capacity 6960K, committed 7040K, reserved 1056768K
  class space    used 588K, capacity 616K, committed 640K, reserved 1048576K
Event: 6.350 GC heap after
Heap after GC invocations=3 (full 0):
 PSYoungGen      total 34304K, used 2556K [0x00000000eab00000, 0x00000000ecf00000, 0x0000000100000000)
  eden space 31744K, 0% used [0x00000000eab00000,0x00000000eab00000,0x00000000eca00000)
  from space 2560K, 99% used [0x00000000eca00000,0x00000000ecc7f3c8,0x00000000ecc80000)
  to   space 2560K, 0% used [0x00000000ecc80000,0x00000000ecc80000,0x00000000ecf00000)
 ParOldGen       total 42496K, used 10928K [0x00000000c0000000, 0x00000000c2980000, 0x00000000eab00000)
  object space 42496K, 25% used [0x00000000c0000000,0x00000000c0aac1c0,0x00000000c2980000)
 Metaspace       used 5965K, capacity 6960K, committed 7040K, reserved 1056768K
  class space    used 588K, capacity 616K, committed 640K, reserved 1048576K
}

Deoptimization events (10 events):
Event: 5.233 Thread 0x0000000007a3e800 Uncommon trap: reason=class_check action=maybe_recompile pc=0x000000000f355c20 method=com.android.dx.rop.type.Type.equals(Ljava/lang/Object;)Z @ 8
Event: 5.266 Thread 0x0000000007a3e800 Uncommon trap: reason=class_check action=maybe_recompile pc=0x000000000f355c20 method=com.android.dx.rop.type.Type.equals(Ljava/lang/Object;)Z @ 8
Event: 5.266 Thread 0x0000000007a3e800 Uncommon trap: reason=class_check action=maybe_recompile pc=0x000000000f355c20 method=com.android.dx.rop.type.Type.equals(Ljava/lang/Object;)Z @ 8
Event: 5.309 Thread 0x0000000007b7d800 Uncommon trap: reason=class_check action=maybe_recompile pc=0x000000000f3b28dc method=com.android.dx.ssa.NormalSsaInsn.accept(Lcom/android/dx/ssa/SsaInsn$Visitor;)V @ 9
Event: 5.309 Thread 0x0000000007b7d800 Uncommon trap: reason=class_check action=maybe_recompile pc=0x000000000f3b28dc method=com.android.dx.ssa.NormalSsaInsn.accept(Lcom/android/dx/ssa/SsaInsn$Visitor;)V @ 9
Event: 5.309 Thread 0x0000000007b7d800 Uncommon trap: reason=class_check action=maybe_recompile pc=0x000000000f3b28dc method=com.android.dx.ssa.NormalSsaInsn.accept(Lcom/android/dx/ssa/SsaInsn$Visitor;)V @ 9
Event: 5.309 Thread 0x0000000007b7d800 Uncommon trap: reason=class_check action=maybe_recompile pc=0x000000000f3b28dc method=com.android.dx.ssa.NormalSsaInsn.accept(Lcom/android/dx/ssa/SsaInsn$Visitor;)V @ 9
Event: 5.492 Thread 0x0000000007a3e800 Uncommon trap: reason=unstable_if action=reinterpret pc=0x000000000f3dfff8 method=com.android.dx.cf.code.Ropper.labelToResultIndex(I)I @ 34
Event: 5.500 Thread 0x0000000007a3e800 Uncommon trap: reason=unstable_if action=reinterpret pc=0x000000000f4d4470 method=com.android.dx.util.LabeledList.set(ILcom/android/dx/util/LabeledItem;)V @ 16
Event: 5.876 Thread 0x0000000007b7c800 Uncommon trap: reason=null_check action=make_not_entrant pc=0x000000000f4f6c20 method=com.android.dx.rop.type.Type.equals(Ljava/lang/Object;)Z @ 8

Internal exceptions (3 events):
Event: 0.354 Thread 0x0000000002ab1000 Exception <a 'java/lang/NoSuchMethodError': Method sun.misc.Unsafe.defineClass(Ljava/lang/String;[BII)Ljava/lang/Class; name or signature does not match> (0x00000000eab07c78) thrown at [C:\re\workspace\8-2-build-windows-amd64-cygwin\jdk8u102\7268\hotspot\sƒõ`'Ý¦Ö?
Event: 0.354 Thread 0x0000000002ab1000 Exception <a 'java/lang/NoSuchMethodError': Method sun.misc.Unsafe.prefetchRead(Ljava/lang/Object;J)V name or signature does not match> (0x00000000eab07f60) thrown at [C:\re\workspace\8-2-build-windows-amd64-cygwin\jdk8u102\7268\hotspot\src\share\vm\prims\±|uó€@
Event: 5.876 Thread 0x0000000007b7c800 Implicit null exception at 0x000000000f4f6b22 to 0x000000000f4f6c12

Events (10 events):
Event: 5.878 Thread 0x0000000007b7c800 DEOPT PACKING pc=0x000000000f3272d7 sp=0x00000000084ee870
Event: 5.878 Thread 0x0000000007b7c800 DEOPT UNPACKING pc=0x000000000f05787f sp=0x00000000084ee650 mode 0
Event: 5.947 Thread 0x0000000007b7d800 DEOPT PACKING pc=0x000000000f544d42 sp=0x00000000085ee820
Event: 5.947 Thread 0x0000000007b7d800 DEOPT UNPACKING pc=0x000000000f05787f sp=0x00000000085ee588 mode 0
Event: 5.947 Executing VM operation: ParallelGCFailedAllocation
Event: 6.350 Executing VM operation: ParallelGCFailedAllocation done
Event: 6.353 Thread 0x0000000007a3e800 DEOPT PACKING pc=0x000000000f544d42 sp=0x00000000081ee400
Event: 6.353 Thread 0x0000000007a3e800 DEOPT UNPACKING pc=0x000000000f05787f sp=0x00000000081ee168 mode 0
Event: 6.354 Thread 0x0000000007b71000 DEOPT PACKING pc=0x000000000f544d42 sp=0x00000000083ee6d0
Event: 6.354 Thread 0x0000000007b71000 DEOPT UNPACKING pc=0x000000000f05787f sp=0x00000000083ee438 mode 0


Dynamic libraries:
0x00007ff7070b0000 - 0x00007ff7070e7000 	C:\Program Files\Java\jdk1.8.0_102\bin\java.exe
0x00007ffac7330000 - 0x00007ffac74d9000 	C:\Windows\SYSTEM32\ntdll.dll
0x00007ffac5690000 - 0x00007ffac57c9000 	C:\Windows\system32\KERNEL32.DLL
0x00007ffac4740000 - 0x00007ffac484e000 	C:\Windows\system32\KERNELBASE.dll
0x00007ffac2810000 - 0x00007ffac289b000 	C:\Windows\system32\apphelp.dll
0x00007ffabbfb0000 - 0x00007ffabbfff000 	C:\Windows\AppPatch\AppPatch64\AcGenral.DLL
0x00007ffac4a50000 - 0x00007ffac4af7000 	C:\Windows\system32\msvcrt.dll
0x00007ffac4020000 - 0x00007ffac404b000 	C:\Windows\SYSTEM32\SspiCli.dll
0x00007ffac4bd0000 - 0x00007ffac4c21000 	C:\Windows\system32\SHLWAPI.dll
0x00007ffac5460000 - 0x00007ffac55d1000 	C:\Windows\system32\USER32.dll
0x00007ffac4f20000 - 0x00007ffac5096000 	C:\Windows\system32\ole32.dll
0x00007ffac5830000 - 0x00007ffac6c3d000 	C:\Windows\system32\SHELL32.dll
0x00007ffac3520000 - 0x00007ffac353f000 	C:\Windows\SYSTEM32\USERENV.dll
0x00007ffac4b20000 - 0x00007ffac4bc5000 	C:\Windows\system32\ADVAPI32.dll
0x00007ffaba500000 - 0x00007ffaba51b000 	C:\Windows\SYSTEM32\MPR.dll
0x00007ffac7190000 - 0x00007ffac72c6000 	C:\Windows\system32\RPCRT4.dll
0x00007ffac72d0000 - 0x00007ffac7327000 	C:\Windows\SYSTEM32\sechost.dll
0x00007ffac4d30000 - 0x00007ffac4f07000 	C:\Windows\SYSTEM32\combase.dll
0x00007ffac6e40000 - 0x00007ffac6f85000 	C:\Windows\system32\GDI32.dll
0x00007ffac42e0000 - 0x00007ffac42f4000 	C:\Windows\SYSTEM32\profapi.dll
0x00007ffac3400000 - 0x00007ffac34a1000 	C:\Windows\SYSTEM32\SHCORE.dll
0x00007ffac5140000 - 0x00007ffac5174000 	C:\Windows\system32\IMM32.DLL
0x00007ffac6f90000 - 0x00007ffac70c8000 	C:\Windows\system32\MSCTF.dll
0x00007ffac4290000 - 0x00007ffac42c1000 	C:\Windows\system32\nvinitx.dll
0x000000000f000000 - 0x000000000f006000 	C:\Program Files\NVIDIA Corporation\CoProcManager\_etoured.dll
0x00007ffac1e00000 - 0x00007ffac1e32000 	C:\Program Files\NVIDIA Corporation\CoProcManager\nvd3d9wrapx.dll
0x00007ffac6c40000 - 0x00007ffac6e16000 	C:\Windows\system32\SETUPAPI.dll
0x00007ffac4410000 - 0x00007ffac445a000 	C:\Windows\system32\CFGMGR32.dll
0x00007ffac1dd0000 - 0x00007ffac1df2000 	C:\Program Files\NVIDIA Corporation\CoProcManager\nvdxgiwrapx.dll
0x00007ffac3c50000 - 0x00007ffac3eaa000 	C:\Windows\WinSxS\amd64_microsoft.windows.common-controls_6595b64144ccf1df_6.0.9600.16384_none_62475f7becb72503\COMCTL32.dll
0x00000000771e0000 - 0x00000000772b1000 	C:\Program Files\Java\jdk1.8.0_102\jre\bin\msvcr100.dll
0x0000000076940000 - 0x00000000771da000 	C:\Program Files\Java\jdk1.8.0_102\jre\bin\server\jvm.dll
0x00007ffabf5c0000 - 0x00007ffabf5c9000 	C:\Windows\SYSTEM32\WSOCK32.dll
0x00007ffac48a0000 - 0x00007ffac48bf000 	C:\Windows\system32\WINMM.dll
0x00007ffac37c0000 - 0x00007ffac37ca000 	C:\Windows\SYSTEM32\VERSION.dll
0x00007ffac4a40000 - 0x00007ffac4a47000 	C:\Windows\system32\PSAPI.DLL
0x00007ffac4930000 - 0x00007ffac4988000 	C:\Windows\system32\WS2_32.dll
0x00007ffac43c0000 - 0x00007ffac43ea000 	C:\Windows\system32\WINMMBASE.dll
0x00007ffac4f10000 - 0x00007ffac4f19000 	C:\Windows\system32\NSI.dll
0x00007ffac4390000 - 0x00007ffac43b6000 	C:\Windows\system32\DEVOBJ.dll
0x0000000050250000 - 0x000000005025f000 	C:\Program Files\Java\jdk1.8.0_102\jre\bin\verify.dll
0x0000000050030000 - 0x0000000050059000 	C:\Program Files\Java\jdk1.8.0_102\jre\bin\java.dll
0x0000000050010000 - 0x0000000050026000 	C:\Program Files\Java\jdk1.8.0_102\jre\bin\zip.dll

VM Arguments:
jvm_args: -Djava.awt.headless=true -Xmx1024M -Dfile.encoding=GBK -Duser.country=CN -Duser.language=zh -Duser.variant 
java_command: com.android.dx.command.Main --dex --force-jumbo --num-threads=4 --multi-dex --output E:\Program Files\feiq\Recv Files\anchong\app\build\intermediates\transforms\dex\debug\folders\1000\5\slice_9 E:\Program Files\feiq\Recv Files\anchong\app\build\intermediates\transforms\instantRunSlicer\debug\folders\1\5\slice_9
java_class_path (initial): C:\Users\Administrator\AppData\Local\Android\Sdk\build-tools\23.0.2\lib\dx.jar
Launcher Type: SUN_STANDARD

Environment Variables:
JAVA_HOME=C:\Program Files\Java\jdk1.8.0_102
PATH=C:\ProgramData\Oracle\Java\javapath;C:\Program Files\Java\jdk1.7.0_79\bin;C:\Windows\system32;C:\Windows;C:\Windows\system32\wbem;E:\Git\cmd;F:\android-ndk-r13;
USERNAME=Administrator
OS=Windows_NT
PROCESSOR_IDENTIFIER=Intel64 Family 6 Model 42 Stepping 7, GenuineIntel



---------------  S Y S T E M  ---------------

OS: Windows 8.1 , 64 bit Build 9600 (6.3.9600.16656)

CPU:total 4 (2 cores per cpu, 2 threads per core) family 6 model 42 stepping 7, cmov, cx8, fxsr, mmx, sse, sse2, sse3, ssse3, sse4.1, sse4.2, popcnt, avx, aes, clmul, ht, tsc, tscinvbit

Memory: 4k page, physical 4036004k(182916k free), swap 8099236k(5544k free)

vm_info: Java HotSpot(TM) 64-Bit Server VM (25.102-b14) for windows-amd64 JRE (1.8.0_102-b14), built on Jun 22 2016 13:15:21 by "java_re" with MS VC++ 10.0 (VS2010)

time: Thu Dec 08 21:37:35 2016
elapsed time: 7 seconds (0d 0h 0m 7s)

