#
# There is insufficient memory for the Java Runtime Environment to continue.
# Native memory allocation (malloc) failed to allocate 390976 bytes for Chunk::new
# Possible reasons:
#   The system is out of physical RAM or swap space
#   In 32 bit mode, the process size limit was hit
# Possible solutions:
#   Reduce memory load on the system
#   Increase physical memory or swap space
#   Check if swap backing store is full
#   Use 64 bit Java on a 64 bit OS
#   Decrease Java heap size (-Xmx/-Xms)
#   Decrease number of Java threads
#   Decrease Java thread stack sizes (-Xss)
#   Set larger code cache with -XX:ReservedCodeCacheSize=
# This output file may be truncated or incomplete.
#
#  Out of Memory Error (allocation.cpp:390), pid=10388, tid=0x00000000000004dc
#
# JRE version: Java(TM) SE Runtime Environment (8.0_102-b14) (build 1.8.0_102-b14)
# Java VM: Java HotSpot(TM) 64-Bit Server VM (25.102-b14 mixed mode windows-amd64 compressed oops)
# Failed to write core dump. Minidumps are not enabled by default on client versions of Windows
#

---------------  T H R E A D  ---------------

Current thread (0x000000000674e000):  JavaThread "C2 CompilerThread1" daemon [_thread_in_native, id=1244, stack(0x0000000008190000,0x0000000008290000)]

Stack: [0x0000000008190000,0x0000000008290000]
[error occurred during error reporting (printing stack bounds), id 0xc0000005]

Native frames: (J=compiled Java code, j=interpreted, Vv=VM code, C=native code)


Current CompileTask:
C2:  20372 1974   !   4       com.android.dx.cf.code.Ropper::processBlock (1101 bytes)


---------------  P R O C E S S  ---------------

Java Threads: ( => current thread )
  0x0000000008004000 JavaThread "pool-2-thread-4" [_thread_blocked, id=7584, stack(0x0000000008990000,0x0000000008a90000)]
  0x0000000007ee5000 JavaThread "pool-2-thread-3" [_thread_blocked, id=11888, stack(0x0000000008890000,0x0000000008990000)]
  0x0000000007ee4800 JavaThread "pool-2-thread-2" [_thread_blocked, id=4436, stack(0x0000000008790000,0x0000000008890000)]
  0x0000000007ed3800 JavaThread "pool-3-thread-1" [_thread_blocked, id=4744, stack(0x0000000008690000,0x0000000008790000)]
  0x0000000007ed2800 JavaThread "pool-2-thread-1" [_thread_blocked, id=10536, stack(0x0000000008590000,0x0000000008690000)]
  0x0000000007df1000 JavaThread "Service Thread" daemon [_thread_blocked, id=7172, stack(0x0000000008390000,0x0000000008490000)]
  0x0000000007dec000 JavaThread "C1 CompilerThread2" daemon [_thread_blocked, id=11496, stack(0x0000000008290000,0x0000000008390000)]
=>0x000000000674e000 JavaThread "C2 CompilerThread1" daemon [_thread_in_native, id=1244, stack(0x0000000008190000,0x0000000008290000)]
  0x000000000674b000 JavaThread "C2 CompilerThread0" daemon [_thread_in_native, id=11856, stack(0x0000000007c90000,0x0000000007d90000)]
  0x00000000066fd000 JavaThread "Attach Listener" daemon [_thread_blocked, id=10108, stack(0x0000000007b90000,0x0000000007c90000)]
  0x00000000066fc000 JavaThread "Signal Dispatcher" daemon [_thread_blocked, id=1168, stack(0x0000000007a90000,0x0000000007b90000)]
  0x0000000002fca800 JavaThread "Finalizer" daemon [_thread_blocked, id=4160, stack(0x0000000007940000,0x0000000007a40000)]
  0x0000000002fc0000 JavaThread "Reference Handler" daemon [_thread_blocked, id=6336, stack(0x0000000007840000,0x0000000007940000)]
  0x0000000002ed1000 JavaThread "main" [_thread_blocked, id=11964, stack(0x0000000002ab0000,0x0000000002bb0000)]

Other Threads:
  0x00000000066b7000 VMThread [stack: 0x0000000007740000,0x0000000007840000] [id=11520]
  0x0000000007e04000 WatcherThread [stack: 0x0000000008490000,0x0000000008590000] [id=8680]

VM state:at safepoint (normal execution)

VM Mutex/Monitor currently owned by a thread:  ([mutex/lock_event])
[0x000000000301bc40] Threads_lock - owner thread: 0x00000000066b7000
[0x000000000301c240] Heap_lock - owner thread: 0x0000000007ed2800

Heap:
 PSYoungGen      total 106496K, used 11250K [0x00000000eab00000, 0x00000000f4f00000, 0x0000000100000000)
  eden space 95232K, 0% used [0x00000000eab00000,0x00000000eab00000,0x00000000f0800000)
  from space 11264K, 99% used [0x00000000f4400000,0x00000000f4efcb08,0x00000000f4f00000)
  to   space 27136K, 0% used [0x00000000f1a00000,0x00000000f1a00000,0x00000000f3480000)
 ParOldGen       total 92672K, used 75272K [0x00000000c0000000, 0x00000000c5a80000, 0x00000000eab00000)
  object space 92672K, 81% used [0x00000000c0000000,0x00000000c49822f0,0x00000000c5a80000)
 Metaspace       used 6171K, capacity 7152K, committed 7296K, reserved 1056768K
  class space    used 593K, capacity 616K, committed 640K, reserved 1048576K

Card table byte_map: [0x00000000033e0000,0x00000000035f0000] byte_map_base: 0x0000000002de0000

Marking Bits: (ParMarkBitMap*) 0x000000007715a6c0
 Begin Bits: [0x0000000003b50000, 0x0000000004b50000)
 End Bits:   [0x0000000004b50000, 0x0000000005b50000)

Polling page: 0x0000000000f40000

CodeCache: size=245760Kb used=7695Kb max_used=9206Kb free=238064Kb
 bounds [0x000000000f010000, 0x000000000f920000, 0x000000001e010000]
 total_blobs=1854 nmethods=1590 adapters=177
 compilation: enabled

Compilation events (10 events):
Event: 16.948 Thread 0x0000000007dec000 1975       3       com.android.dx.rop.code.RegisterSpec::make (21 bytes)
Event: 16.949 Thread 0x0000000007dec000 nmethod 1975 0x000000000f15cb90 code [0x000000000f15cd00, 0x000000000f15cf58]
Event: 16.949 Thread 0x0000000007dec000 1976       3       com.android.dx.rop.code.Rops::opMarkLocal (69 bytes)
Event: 16.950 Thread 0x0000000007dec000 nmethod 1976 0x000000000f1bd0d0 code [0x000000000f1bd300, 0x000000000f1bded8]
Event: 16.964 Thread 0x000000000674e000 nmethod 1965 0x000000000f649e90 code [0x000000000f64a080, 0x000000000f64b738]
Event: 16.964 Thread 0x000000000674e000 1974   !   4       com.android.dx.cf.code.Ropper::processBlock (1101 bytes)
Event: 17.093 Thread 0x0000000007dec000 1981       3       com.android.dx.ssa.LiteralOpUpgrader$1::visitPhiInsn (1 bytes)
Event: 17.093 Thread 0x0000000007dec000 nmethod 1981 0x000000000f1feb10 code [0x000000000f1fec60, 0x000000000f1fedb0]
Event: 17.093 Thread 0x0000000007dec000 1982       3       com.android.dx.ssa.back.FirstFitLocalCombiningAllocator$1::visitPhiInsn (6 bytes)
Event: 17.094 Thread 0x0000000007dec000 nmethod 1982 0x000000000f1eb150 code [0x000000000f1eb2c0, 0x000000000f1eb448]

GC Heap History (10 events):
Event: 7.268 GC heap before
{Heap before GC invocations=3 (full 0):
 PSYoungGen      total 34304K, used 34300K [0x00000000eab00000, 0x00000000ecf00000, 0x0000000100000000)
  eden space 31744K, 100% used [0x00000000eab00000,0x00000000eca00000,0x00000000eca00000)
  from space 2560K, 99% used [0x00000000ecc80000,0x00000000eceff010,0x00000000ecf00000)
  to   space 2560K, 0% used [0x00000000eca00000,0x00000000eca00000,0x00000000ecc80000)
 ParOldGen       total 42496K, used 5145K [0x00000000c0000000, 0x00000000c2980000, 0x00000000eab00000)
  object space 42496K, 12% used [0x00000000c0000000,0x00000000c05064d0,0x00000000c2980000)
 Metaspace       used 5928K, capacity 6960K, committed 7040K, reserved 1056768K
  class space    used 584K, capacity 616K, committed 640K, reserved 1048576K
Event: 7.405 GC heap after
Heap after GC invocations=3 (full 0):
 PSYoungGen      total 34304K, used 2538K [0x00000000eab00000, 0x00000000eee00000, 0x0000000100000000)
  eden space 31744K, 0% used [0x00000000eab00000,0x00000000eab00000,0x00000000eca00000)
  from space 2560K, 99% used [0x00000000eca00000,0x00000000ecc7a8b8,0x00000000ecc80000)
  to   space 2560K, 0% used [0x00000000eeb80000,0x00000000eeb80000,0x00000000eee00000)
 ParOldGen       total 42496K, used 13730K [0x00000000c0000000, 0x00000000c2980000, 0x00000000eab00000)
  object space 42496K, 32% used [0x00000000c0000000,0x00000000c0d68a90,0x00000000c2980000)
 Metaspace       used 5928K, capacity 6960K, committed 7040K, reserved 1056768K
  class space    used 584K, capacity 616K, committed 640K, reserved 1048576K
}
Event: 9.778 GC heap before
{Heap before GC invocations=4 (full 0):
 PSYoungGen      total 34304K, used 34282K [0x00000000eab00000, 0x00000000eee00000, 0x0000000100000000)
  eden space 31744K, 100% used [0x00000000eab00000,0x00000000eca00000,0x00000000eca00000)
  from space 2560K, 99% used [0x00000000eca00000,0x00000000ecc7a8b8,0x00000000ecc80000)
  to   space 2560K, 0% used [0x00000000eeb80000,0x00000000eeb80000,0x00000000eee00000)
 ParOldGen       total 42496K, used 13730K [0x00000000c0000000, 0x00000000c2980000, 0x00000000eab00000)
  object space 42496K, 32% used [0x00000000c0000000,0x00000000c0d68a90,0x00000000c2980000)
 Metaspace       used 6004K, capacity 7024K, committed 7296K, reserved 1056768K
  class space    used 586K, capacity 616K, committed 640K, reserved 1048576K
Event: 9.920 GC heap after
Heap after GC invocations=4 (full 0):
 PSYoungGen      total 66048K, used 2551K [0x00000000eab00000, 0x00000000eee00000, 0x0000000100000000)
  eden space 63488K, 0% used [0x00000000eab00000,0x00000000eab00000,0x00000000ee900000)
  from space 2560K, 99% used [0x00000000eeb80000,0x00000000eedfddb0,0x00000000eee00000)
  to   space 2560K, 0% used [0x00000000ee900000,0x00000000ee900000,0x00000000eeb80000)
 ParOldGen       total 42496K, used 22125K [0x00000000c0000000, 0x00000000c2980000, 0x00000000eab00000)
  object space 42496K, 52% used [0x00000000c0000000,0x00000000c159b7f8,0x00000000c2980000)
 Metaspace       used 6004K, capacity 7024K, committed 7296K, reserved 1056768K
  class space    used 586K, capacity 616K, committed 640K, reserved 1048576K
}
Event: 10.710 GC heap before
{Heap before GC invocations=5 (full 0):
 PSYoungGen      total 66048K, used 66039K [0x00000000eab00000, 0x00000000eee00000, 0x0000000100000000)
  eden space 63488K, 100% used [0x00000000eab00000,0x00000000ee900000,0x00000000ee900000)
  from space 2560K, 99% used [0x00000000eeb80000,0x00000000eedfddb0,0x00000000eee00000)
  to   space 2560K, 0% used [0x00000000ee900000,0x00000000ee900000,0x00000000eeb80000)
 ParOldGen       total 42496K, used 22125K [0x00000000c0000000, 0x00000000c2980000, 0x00000000eab00000)
  object space 42496K, 52% used [0x00000000c0000000,0x00000000c159b7f8,0x00000000c2980000)
 Metaspace       used 6031K, capacity 7024K, committed 7296K, reserved 1056768K
  class space    used 588K, capacity 616K, committed 640K, reserved 1048576K
Event: 10.963 GC heap after
Heap after GC invocations=5 (full 0):
 PSYoungGen      total 66048K, used 2557K [0x00000000eab00000, 0x00000000f6100000, 0x0000000100000000)
  eden space 63488K, 0% used [0x00000000eab00000,0x00000000eab00000,0x00000000ee900000)
  from space 2560K, 99% used [0x00000000ee900000,0x00000000eeb7f780,0x00000000eeb80000)
  to   space 29696K, 0% used [0x00000000f4400000,0x00000000f4400000,0x00000000f6100000)
 ParOldGen       total 52224K, used 51836K [0x00000000c0000000, 0x00000000c3300000, 0x00000000eab00000)
  object space 52224K, 99% used [0x00000000c0000000,0x00000000c329f2d8,0x00000000c3300000)
 Metaspace       used 6031K, capacity 7024K, committed 7296K, reserved 1056768K
  class space    used 588K, capacity 616K, committed 640K, reserved 1048576K
}
Event: 10.963 GC heap before
{Heap before GC invocations=6 (full 1):
 PSYoungGen      total 66048K, used 2557K [0x00000000eab00000, 0x00000000f6100000, 0x0000000100000000)
  eden space 63488K, 0% used [0x00000000eab00000,0x00000000eab00000,0x00000000ee900000)
  from space 2560K, 99% used [0x00000000ee900000,0x00000000eeb7f780,0x00000000eeb80000)
  to   space 29696K, 0% used [0x00000000f4400000,0x00000000f4400000,0x00000000f6100000)
 ParOldGen       total 52224K, used 51836K [0x00000000c0000000, 0x00000000c3300000, 0x00000000eab00000)
  object space 52224K, 99% used [0x00000000c0000000,0x00000000c329f2d8,0x00000000c3300000)
 Metaspace       used 6031K, capacity 7024K, committed 7296K, reserved 1056768K
  class space    used 588K, capacity 616K, committed 640K, reserved 1048576K
Event: 12.465 GC heap after
Heap after GC invocations=6 (full 1):
 PSYoungGen      total 66048K, used 0K [0x00000000eab00000, 0x00000000f6100000, 0x0000000100000000)
  eden space 63488K, 0% used [0x00000000eab00000,0x00000000eab00000,0x00000000ee900000)
  from space 2560K, 0% used [0x00000000ee900000,0x00000000ee900000,0x00000000eeb80000)
  to   space 29696K, 0% used [0x00000000f4400000,0x00000000f4400000,0x00000000f6100000)
 ParOldGen       total 92672K, used 41562K [0x00000000c0000000, 0x00000000c5a80000, 0x00000000eab00000)
  object space 92672K, 44% used [0x00000000c0000000,0x00000000c2896848,0x00000000c5a80000)
 Metaspace       used 6031K, capacity 7024K, committed 7296K, reserved 1056768K
  class space    used 588K, capacity 616K, committed 640K, reserved 1048576K
}
Event: 13.936 GC heap before
{Heap before GC invocations=7 (full 1):
 PSYoungGen      total 66048K, used 63488K [0x00000000eab00000, 0x00000000f6100000, 0x0000000100000000)
  eden space 63488K, 100% used [0x00000000eab00000,0x00000000ee900000,0x00000000ee900000)
  from space 2560K, 0% used [0x00000000ee900000,0x00000000ee900000,0x00000000eeb80000)
  to   space 29696K, 0% used [0x00000000f4400000,0x00000000f4400000,0x00000000f6100000)
 ParOldGen       total 92672K, used 41562K [0x00000000c0000000, 0x00000000c5a80000, 0x00000000eab00000)
  object space 92672K, 44% used [0x00000000c0000000,0x00000000c2896848,0x00000000c5a80000)
 Metaspace       used 6106K, capacity 7088K, committed 7296K, reserved 1056768K
  class space    used 591K, capacity 616K, committed 640K, reserved 1048576K
Event: 14.235 GC heap after
Heap after GC invocations=7 (full 1):
 PSYoungGen      total 106496K, used 11207K [0x00000000eab00000, 0x00000000f4f00000, 0x0000000100000000)
  eden space 95232K, 0% used [0x00000000eab00000,0x00000000eab00000,0x00000000f0800000)
  from space 11264K, 99% used [0x00000000f4400000,0x00000000f4ef1ff0,0x00000000f4f00000)
  to   space 27136K, 0% used [0x00000000f1a00000,0x00000000f1a00000,0x00000000f3480000)
 ParOldGen       total 92672K, used 41562K [0x00000000c0000000, 0x00000000c5a80000, 0x00000000eab00000)
  object space 92672K, 44% used [0x00000000c0000000,0x00000000c2896848,0x00000000c5a80000)
 Metaspace       used 6106K, capacity 7088K, committed 7296K, reserved 1056768K
  class space    used 591K, capacity 616K, committed 640K, reserved 1048576K
}

Deoptimization events (10 events):
Event: 13.033 Thread 0x0000000008004000 Uncommon trap: reason=bimorphic action=maybe_recompile pc=0x000000000f39d61c method=java.util.HashMap.getNode(ILjava/lang/Object;)Ljava/util/HashMap$Node; @ 126
Event: 14.268 Thread 0x0000000007ed2800 Uncommon trap: reason=unstable_if action=reinterpret pc=0x000000000f3b5114 method=com.android.dx.ssa.SetFactory.makeLivenessSet(I)Lcom/android/dx/util/IntSet; @ 4
Event: 14.269 Thread 0x0000000007ed2800 Uncommon trap: reason=class_check action=maybe_recompile pc=0x000000000f3ca3d0 method=com.android.dx.ssa.back.InterferenceGraph.add(II)V @ 19
Event: 14.269 Thread 0x0000000007ed2800 Uncommon trap: reason=class_check action=maybe_recompile pc=0x000000000f3ca3d0 method=com.android.dx.ssa.back.InterferenceGraph.add(II)V @ 19
Event: 14.269 Thread 0x0000000007ed2800 Uncommon trap: reason=unstable_if action=reinterpret pc=0x000000000f45d3bc method=com.android.dx.util.IntList.binarysearch(I)I @ 105
Event: 14.269 Thread 0x0000000007ed2800 Uncommon trap: reason=class_check action=maybe_recompile pc=0x000000000f3ca3d0 method=com.android.dx.ssa.back.InterferenceGraph.add(II)V @ 19
Event: 14.270 Thread 0x0000000007ed2800 Uncommon trap: reason=class_check action=maybe_recompile pc=0x000000000f3ca3d0 method=com.android.dx.ssa.back.InterferenceGraph.add(II)V @ 19
Event: 14.661 Thread 0x0000000007ee5000 Uncommon trap: reason=unstable_if action=reinterpret pc=0x000000000f4d6c78 method=com.android.dx.util.BitIntSet.has(I)Z @ 8
Event: 15.162 Thread 0x0000000008004000 Uncommon trap: reason=bimorphic action=maybe_recompile pc=0x000000000f85a3cc method=com.android.dx.ssa.SCCP.simulatePhi(Lcom/android/dx/ssa/PhiInsn;)V @ 124
Event: 15.164 Thread 0x0000000008004000 Uncommon trap: reason=bimorphic action=maybe_recompile pc=0x000000000f85a3cc method=com.android.dx.ssa.SCCP.simulatePhi(Lcom/android/dx/ssa/PhiInsn;)V @ 124

Internal exceptions (3 events):
Event: 0.075 Thread 0x0000000002ed1000 Exception <a 'java/lang/NoSuchMethodError': Method sun.misc.Unsafe.defineClass(Ljava/lang/String;[BII)Ljava/lang/Class; name or signature does not match> (0x00000000eab07c78) thrown at [C:\re\workspace\8-2-build-windows-amd64-cygwin\jdk8u102\7268\hotspot\sR Lu>≥?
Event: 0.075 Thread 0x0000000002ed1000 Exception <a 'java/lang/NoSuchMethodError': Method sun.misc.Unsafe.prefetchRead(Ljava/lang/Object;J)V name or signature does not match> (0x00000000eab07f60) thrown at [C:\re\workspace\8-2-build-windows-amd64-cygwin\jdk8u102\7268\hotspot\src\share\vm\prims\fê-ö8'$@
Event: 10.077 Thread 0x0000000002ed1000 Implicit null exception at 0x000000000f453c22 to 0x000000000f453d12

Events (10 events):
Event: 15.949 Thread 0x000000000674b000 flushing nmethod 0x000000000f649e90
Event: 15.949 Thread 0x000000000674b000 flushing nmethod 0x000000000f666190
Event: 15.949 Thread 0x000000000674b000 flushing nmethod 0x000000000f68d5d0
Event: 15.975 Thread 0x0000000007ed2800 DEOPT PACKING pc=0x000000000f4db65f sp=0x000000000868ee80
Event: 15.975 Thread 0x0000000007ed2800 DEOPT UNPACKING pc=0x000000000f05787f sp=0x000000000868ebd8 mode 0
Event: 15.985 Thread 0x0000000007ed2800 DEOPT PACKING pc=0x000000000f5de546 sp=0x000000000868ed60
Event: 15.985 Thread 0x0000000007ed2800 DEOPT UNPACKING pc=0x000000000f05787f sp=0x000000000868ea80 mode 0
Event: 17.075 Thread 0x0000000007ee4800 DEOPT PACKING pc=0x000000000f4e5392 sp=0x000000000888e610
Event: 17.094 Thread 0x0000000008004000 DEOPT PACKING pc=0x000000000f4f226e sp=0x0000000008a8ea10
Event: 17.159 Executing VM operation: ParallelGCFailedAllocation


Dynamic libraries:
0x00007ff7070b0000 - 0x00007ff7070e7000 	C:\Program Files\Java\jdk1.8.0_102\bin\java.exe
0x00007ffac7330000 - 0x00007ffac74d9000 	C:\Windows\SYSTEM32\ntdll.dll
0x00007ffac5690000 - 0x00007ffac57c9000 	C:\Windows\system32\KERNEL32.DLL
0x00007ffac4740000 - 0x00007ffac484e000 	C:\Windows\system32\KERNELBASE.dll
0x00007ffac2810000 - 0x00007ffac289b000 	C:\Windows\system32\apphelp.dll
0x00007ffabbfb0000 - 0x00007ffabbfff000 	C:\Windows\AppPatch\AppPatch64\AcGenral.DLL
0x00007ffac4a50000 - 0x00007ffac4af7000 	C:\Windows\system32\msvcrt.dll
0x00007ffac4020000 - 0x00007ffac404b000 	C:\Windows\SYSTEM32\SspiCli.dll
0x00007ffac4bd0000 - 0x00007ffac4c21000 	C:\Windows\system32\SHLWAPI.dll
0x00007ffac5460000 - 0x00007ffac55d1000 	C:\Windows\system32\USER32.dll
0x00007ffac4f20000 - 0x00007ffac5096000 	C:\Windows\system32\ole32.dll
0x00007ffac5830000 - 0x00007ffac6c3d000 	C:\Windows\system32\SHELL32.dll
0x00007ffac3520000 - 0x00007ffac353f000 	C:\Windows\SYSTEM32\USERENV.dll
0x00007ffac4b20000 - 0x00007ffac4bc5000 	C:\Windows\system32\ADVAPI32.dll
0x00007ffaba500000 - 0x00007ffaba51b000 	C:\Windows\SYSTEM32\MPR.dll
0x00007ffac7190000 - 0x00007ffac72c6000 	C:\Windows\system32\RPCRT4.dll
0x00007ffac72d0000 - 0x00007ffac7327000 	C:\Windows\SYSTEM32\sechost.dll
0x00007ffac4d30000 - 0x00007ffac4f07000 	C:\Windows\SYSTEM32\combase.dll
0x00007ffac6e40000 - 0x00007ffac6f85000 	C:\Windows\system32\GDI32.dll
0x00007ffac42e0000 - 0x00007ffac42f4000 	C:\Windows\SYSTEM32\profapi.dll
0x00007ffac3400000 - 0x00007ffac34a1000 	C:\Windows\SYSTEM32\SHCORE.dll
0x00007ffac5140000 - 0x00007ffac5174000 	C:\Windows\system32\IMM32.DLL
0x00007ffac6f90000 - 0x00007ffac70c8000 	C:\Windows\system32\MSCTF.dll
0x00007ffac4290000 - 0x00007ffac42c1000 	C:\Windows\system32\nvinitx.dll
0x000000000f000000 - 0x000000000f006000 	C:\Program Files\NVIDIA Corporation\CoProcManager\_etoured.dll
0x00007ffac1e00000 - 0x00007ffac1e32000 	C:\Program Files\NVIDIA Corporation\CoProcManager\nvd3d9wrapx.dll
0x00007ffac6c40000 - 0x00007ffac6e16000 	C:\Windows\system32\SETUPAPI.dll
0x00007ffac4410000 - 0x00007ffac445a000 	C:\Windows\system32\CFGMGR32.dll
0x00007ffac1dd0000 - 0x00007ffac1df2000 	C:\Program Files\NVIDIA Corporation\CoProcManager\nvdxgiwrapx.dll
0x00007ffac3c50000 - 0x00007ffac3eaa000 	C:\Windows\WinSxS\amd64_microsoft.windows.common-controls_6595b64144ccf1df_6.0.9600.16384_none_62475f7becb72503\COMCTL32.dll
0x00000000771e0000 - 0x00000000772b1000 	C:\Program Files\Java\jdk1.8.0_102\jre\bin\msvcr100.dll
0x0000000076940000 - 0x00000000771da000 	C:\Program Files\Java\jdk1.8.0_102\jre\bin\server\jvm.dll
0x00007ffabf5c0000 - 0x00007ffabf5c9000 	C:\Windows\SYSTEM32\WSOCK32.dll
0x00007ffac48a0000 - 0x00007ffac48bf000 	C:\Windows\system32\WINMM.dll
0x00007ffac37c0000 - 0x00007ffac37ca000 	C:\Windows\SYSTEM32\VERSION.dll
0x00007ffac4a40000 - 0x00007ffac4a47000 	C:\Windows\system32\PSAPI.DLL
0x00007ffac4930000 - 0x00007ffac4988000 	C:\Windows\system32\WS2_32.dll
0x00007ffac43c0000 - 0x00007ffac43ea000 	C:\Windows\system32\WINMMBASE.dll
0x00007ffac4f10000 - 0x00007ffac4f19000 	C:\Windows\system32\NSI.dll
0x00007ffac4390000 - 0x00007ffac43b6000 	C:\Windows\system32\DEVOBJ.dll
0x0000000050250000 - 0x000000005025f000 	C:\Program Files\Java\jdk1.8.0_102\jre\bin\verify.dll
0x0000000050030000 - 0x0000000050059000 	C:\Program Files\Java\jdk1.8.0_102\jre\bin\java.dll
0x0000000050010000 - 0x0000000050026000 	C:\Program Files\Java\jdk1.8.0_102\jre\bin\zip.dll

VM Arguments:
jvm_args: -Djava.awt.headless=true -Xmx1024M -Dfile.encoding=GBK -Duser.country=CN -Duser.language=zh -Duser.variant 
java_command: com.android.dx.command.Main --dex --force-jumbo --num-threads=4 --multi-dex --output E:\Program Files\feiq\Recv Files\anchong\app\build\intermediates\transforms\dex\debug\folders\1000\5\slice_6 E:\Program Files\feiq\Recv Files\anchong\app\build\intermediates\transforms\instantRunSlicer\debug\folders\1\5\slice_6
java_class_path (initial): C:\Users\Administrator\AppData\Local\Android\Sdk\build-tools\24.0.0\lib\dx.jar
Launcher Type: SUN_STANDARD

Environment Variables:
JAVA_HOME=C:\Program Files\Java\jdk1.8.0_102
PATH=C:\ProgramData\Oracle\Java\javapath;C:\Program Files\Java\jdk1.7.0_79\bin;C:\Windows\system32;C:\Windows;C:\Windows\system32\wbem;E:\Git\cmd;F:\android-ndk-r13;
USERNAME=Administrator
OS=Windows_NT
PROCESSOR_IDENTIFIER=Intel64 Family 6 Model 42 Stepping 7, GenuineIntel



---------------  S Y S T E M  ---------------

OS: Windows 8.1 , 64 bit Build 9600 (6.3.9600.16656)

CPU:total 4 (2 cores per cpu, 2 threads per core) family 6 model 42 stepping 7, cmov, cx8, fxsr, mmx, sse, sse2, sse3, ssse3, sse4.1, sse4.2, popcnt, avx, aes, clmul, ht, tsc, tscinvbit

Memory: 4k page, physical 4036004k(14660k free), swap 8099236k(7476k free)

vm_info: Java HotSpot(TM) 64-Bit Server VM (25.102-b14) for windows-amd64 JRE (1.8.0_102-b14), built on Jun 22 2016 13:15:21 by "java_re" with MS VC++ 10.0 (VS2010)

time: Thu Dec 08 22:56:48 2016
elapsed time: 20 seconds (0d 0h 0m 20s)

