#
# There is insufficient memory for the Java Runtime Environment to continue.
# Native memory allocation (malloc) failed to allocate 32744 bytes for ChunkPool::allocate
# Possible reasons:
#   The system is out of physical RAM or swap space
#   In 32 bit mode, the process size limit was hit
# Possible solutions:
#   Reduce memory load on the system
#   Increase physical memory or swap space
#   Check if swap backing store is full
#   Use 64 bit Java on a 64 bit OS
#   Decrease Java heap size (-Xmx/-Xms)
#   Decrease number of Java threads
#   Decrease Java thread stack sizes (-Xss)
#   Set larger code cache with -XX:ReservedCodeCacheSize=
# This output file may be truncated or incomplete.
#
#  Out of Memory Error (allocation.cpp:273), pid=5528, tid=0x0000000000002f18
#
# JRE version: Java(TM) SE Runtime Environment (8.0_102-b14) (build 1.8.0_102-b14)
# Java VM: Java HotSpot(TM) 64-Bit Server VM (25.102-b14 mixed mode windows-amd64 compressed oops)
# Failed to write core dump. Minidumps are not enabled by default on client versions of Windows
#

---------------  T H R E A D  ---------------

Current thread (0x0000000007ed2800):  JavaThread "C1 CompilerThread2" daemon [_thread_in_native, id=12056, stack(0x00000000083d0000,0x00000000084d0000)]

Stack: [0x00000000083d0000,0x00000000084d0000]
[error occurred during error reporting (printing stack bounds), id 0xc0000005]

Native frames: (J=compiled Java code, j=interpreted, Vv=VM code, C=native code)


Current CompileTask:
C1:   3947  557   !   3       com.android.dx.cf.code.BytecodeArray::parseInstruction (2764 bytes)


---------------  P R O C E S S  ---------------

Java Threads: ( => current thread )
  0x000000000816d800 JavaThread "pool-2-thread-4" [_thread_in_native, id=10448, stack(0x0000000008ad0000,0x0000000008bd0000)]
  0x000000000816a800 JavaThread "pool-2-thread-3" [_thread_blocked, id=7484, stack(0x00000000089d0000,0x0000000008ad0000)]
  0x0000000008166800 JavaThread "pool-2-thread-2" [_thread_blocked, id=11104, stack(0x00000000088d0000,0x00000000089d0000)]
  0x0000000008166000 JavaThread "pool-3-thread-1" [_thread_blocked, id=8512, stack(0x00000000087d0000,0x00000000088d0000)]
  0x0000000008162000 JavaThread "pool-2-thread-1" [_thread_blocked, id=10788, stack(0x00000000086d0000,0x00000000087d0000)]
  0x0000000007edd000 JavaThread "Service Thread" daemon [_thread_blocked, id=8524, stack(0x00000000084d0000,0x00000000085d0000)]
=>0x0000000007ed2800 JavaThread "C1 CompilerThread2" daemon [_thread_in_native, id=12056, stack(0x00000000083d0000,0x00000000084d0000)]
  0x00000000068de000 JavaThread "C2 CompilerThread1" daemon [_thread_in_vm, id=1620, stack(0x00000000082d0000,0x00000000083d0000)]
  0x00000000068db000 JavaThread "C2 CompilerThread0" daemon [_thread_in_vm, id=3548, stack(0x0000000007dd0000,0x0000000007ed0000)]
  0x000000000688d000 JavaThread "Attach Listener" daemon [_thread_blocked, id=1508, stack(0x0000000007cd0000,0x0000000007dd0000)]
  0x000000000688c000 JavaThread "Signal Dispatcher" daemon [_thread_blocked, id=11740, stack(0x0000000007bd0000,0x0000000007cd0000)]
  0x000000000686a000 JavaThread "Finalizer" daemon [_thread_blocked, id=10468, stack(0x0000000007ad0000,0x0000000007bd0000)]
  0x0000000006849000 JavaThread "Reference Handler" daemon [_thread_blocked, id=8700, stack(0x00000000079d0000,0x0000000007ad0000)]
  0x00000000030b1000 JavaThread "main" [_thread_blocked, id=10484, stack(0x0000000002eb0000,0x0000000002fb0000)]

Other Threads:
  0x0000000006847000 VMThread [stack: 0x00000000078d0000,0x00000000079d0000] [id=12212]
  0x0000000007f43800 WatcherThread [stack: 0x00000000085d0000,0x00000000086d0000] [id=9324]

VM state:synchronizing (normal execution)

VM Mutex/Monitor currently owned by a thread:  ([mutex/lock_event])
[0x00000000030ac2c0] Threads_lock - owner thread: 0x0000000006847000
[0x00000000030abd40] Heap_lock - owner thread: 0x00000000030b1000

Heap:
 PSYoungGen      total 18432K, used 15872K [0x00000000eab00000, 0x00000000ebf80000, 0x0000000100000000)
  eden space 15872K, 100% used [0x00000000eab00000,0x00000000eba80000,0x00000000eba80000)
  from space 2560K, 0% used [0x00000000ebd00000,0x00000000ebd00000,0x00000000ebf80000)
  to   space 2560K, 0% used [0x00000000eba80000,0x00000000eba80000,0x00000000ebd00000)
 ParOldGen       total 42496K, used 0K [0x00000000c0000000, 0x00000000c2980000, 0x00000000eab00000)
  object space 42496K, 0% used [0x00000000c0000000,0x00000000c0000000,0x00000000c2980000)
 Metaspace       used 5731K, capacity 6644K, committed 6784K, reserved 1056768K
  class space    used 599K, capacity 620K, committed 640K, reserved 1048576K

Card table byte_map: [0x0000000003570000,0x0000000003780000] byte_map_base: 0x0000000002f70000

Marking Bits: (ParMarkBitMap*) 0x000000007715a6c0
 Begin Bits: [0x0000000003ce0000, 0x0000000004ce0000)
 End Bits:   [0x0000000004ce0000, 0x0000000005ce0000)

Polling page: 0x0000000001030000

CodeCache: size=245760Kb used=2322Kb max_used=2337Kb free=243437Kb
 bounds [0x000000000f010000, 0x000000000f280000, 0x000000001e010000]
 total_blobs=831 nmethods=560 adapters=184
 compilation: enabled

Compilation events (10 events):
Event: 3.856 Thread 0x0000000007ed2800 nmethod 556 0x000000000f254e50 code [0x000000000f254fa0, 0x000000000f2550f0]
Event: 3.856 Thread 0x0000000007ed2800  557   !   3       com.android.dx.cf.code.BytecodeArray::parseInstruction (2764 bytes)
Event: 3.861 Thread 0x00000000068db000  568       4       com.android.dx.util.MutabilityControl::throwIfImmutable (18 bytes)
Event: 3.861 Thread 0x00000000068de000  567       4       java.util.ArrayList::rangeCheck (22 bytes)
Event: 3.862 Thread 0x00000000068db000 nmethod 568 0x000000000f239f90 code [0x000000000f23a0c0, 0x000000000f23a138]
Event: 3.862 Thread 0x00000000068db000  582       4       com.android.dx.util.Bits::set (19 bytes)
Event: 3.862 Thread 0x00000000068de000 nmethod 567 0x000000000f256490 code [0x000000000f2565c0, 0x000000000f256638]
Event: 3.863 Thread 0x00000000068db000 nmethod 582 0x000000000f256210 code [0x000000000f256340, 0x000000000f2563d8]
Event: 3.864 Thread 0x00000000068de000  585   !   4       com.android.dx.util.IntList::get (36 bytes)
Event: 3.865 Thread 0x00000000068de000 nmethod 585 0x000000000f255f50 code [0x000000000f256080, 0x000000000f256138]

GC Heap History (0 events):
No events

Deoptimization events (1 events):
Event: 3.859 Thread 0x00000000030b1000 Uncommon trap: reason=unstable_if action=reinterpret pc=0x000000000f252a00 method=java.util.HashMap.getNode(ILjava/lang/Object;)Ljava/util/HashMap$Node; @ 62

Internal exceptions (2 events):
Event: 0.297 Thread 0x00000000030b1000 Exception <a 'java/lang/NoSuchMethodError': Method sun.misc.Unsafe.defineClass(Ljava/lang/String;[BII)Ljava/lang/Class; name or signature does not match> (0x00000000eab07c78) thrown at [C:\re\workspace\8-2-build-windows-amd64-cygwin\jdk8u102\7268\hotspot\sqç”‹ËÓ?
Event: 0.297 Thread 0x00000000030b1000 Exception <a 'java/lang/NoSuchMethodError': Method sun.misc.Unsafe.prefetchRead(Ljava/lang/Object;J)V name or signature does not match> (0x00000000eab07f60) thrown at [C:\re\workspace\8-2-build-windows-amd64-cygwin\jdk8u102\7268\hotspot\src\share\vm\prims\

Events (10 events):
Event: 3.848 loading class com/android/dx/dex/file/DebugInfoItem done
Event: 3.856 loading class java/util/TreeMap$EntrySet
Event: 3.856 loading class java/util/TreeMap$EntrySet done
Event: 3.856 loading class java/util/TreeMap$EntryIterator
Event: 3.856 loading class java/util/TreeMap$EntryIterator done
Event: 3.859 Thread 0x00000000030b1000 Uncommon trap: trap_request=0xffffff65 fr.pc=0x000000000f252a00
Event: 3.859 Thread 0x00000000030b1000 DEOPT PACKING pc=0x000000000f252a00 sp=0x0000000002fae330
Event: 3.859 Thread 0x00000000030b1000 DEOPT UNPACKING pc=0x000000000f05582a sp=0x0000000002fae2a8 mode 2
Event: 3.860 loading class com/android/dx/cf/code/Ropper$ExceptionHandlerSetup
Event: 3.860 loading class com/android/dx/cf/code/Ropper$ExceptionHandlerSetup done


Dynamic libraries:
0x00007ff7070b0000 - 0x00007ff7070e7000 	C:\Program Files\Java\jdk1.8.0_102\bin\java.exe
0x00007ffac7330000 - 0x00007ffac74d9000 	C:\Windows\SYSTEM32\ntdll.dll
0x00007ffac5690000 - 0x00007ffac57c9000 	C:\Windows\system32\KERNEL32.DLL
0x00007ffac4740000 - 0x00007ffac484e000 	C:\Windows\system32\KERNELBASE.dll
0x00007ffac2810000 - 0x00007ffac289b000 	C:\Windows\system32\apphelp.dll
0x00007ffabbfb0000 - 0x00007ffabbfff000 	C:\Windows\AppPatch\AppPatch64\AcGenral.DLL
0x00007ffac4a50000 - 0x00007ffac4af7000 	C:\Windows\system32\msvcrt.dll
0x00007ffac4020000 - 0x00007ffac404b000 	C:\Windows\SYSTEM32\SspiCli.dll
0x00007ffac4bd0000 - 0x00007ffac4c21000 	C:\Windows\system32\SHLWAPI.dll
0x00007ffac5460000 - 0x00007ffac55d1000 	C:\Windows\system32\USER32.dll
0x00007ffac4f20000 - 0x00007ffac5096000 	C:\Windows\system32\ole32.dll
0x00007ffac5830000 - 0x00007ffac6c3d000 	C:\Windows\system32\SHELL32.dll
0x00007ffac3520000 - 0x00007ffac353f000 	C:\Windows\SYSTEM32\USERENV.dll
0x00007ffac4b20000 - 0x00007ffac4bc5000 	C:\Windows\system32\ADVAPI32.dll
0x00007ffaba500000 - 0x00007ffaba51b000 	C:\Windows\SYSTEM32\MPR.dll
0x00007ffac7190000 - 0x00007ffac72c6000 	C:\Windows\system32\RPCRT4.dll
0x00007ffac72d0000 - 0x00007ffac7327000 	C:\Windows\SYSTEM32\sechost.dll
0x00007ffac4d30000 - 0x00007ffac4f07000 	C:\Windows\SYSTEM32\combase.dll
0x00007ffac6e40000 - 0x00007ffac6f85000 	C:\Windows\system32\GDI32.dll
0x00007ffac42e0000 - 0x00007ffac42f4000 	C:\Windows\SYSTEM32\profapi.dll
0x00007ffac3400000 - 0x00007ffac34a1000 	C:\Windows\SYSTEM32\SHCORE.dll
0x00007ffac5140000 - 0x00007ffac5174000 	C:\Windows\system32\IMM32.DLL
0x00007ffac6f90000 - 0x00007ffac70c8000 	C:\Windows\system32\MSCTF.dll
0x00007ffac4290000 - 0x00007ffac42c1000 	C:\Windows\system32\nvinitx.dll
0x000000000f000000 - 0x000000000f006000 	C:\Program Files\NVIDIA Corporation\CoProcManager\_etoured.dll
0x00007ffac1e00000 - 0x00007ffac1e32000 	C:\Program Files\NVIDIA Corporation\CoProcManager\nvd3d9wrapx.dll
0x00007ffac6c40000 - 0x00007ffac6e16000 	C:\Windows\system32\SETUPAPI.dll
0x00007ffac4410000 - 0x00007ffac445a000 	C:\Windows\system32\CFGMGR32.dll
0x00007ffac1dd0000 - 0x00007ffac1df2000 	C:\Program Files\NVIDIA Corporation\CoProcManager\nvdxgiwrapx.dll
0x00007ffac3c50000 - 0x00007ffac3eaa000 	C:\Windows\WinSxS\amd64_microsoft.windows.common-controls_6595b64144ccf1df_6.0.9600.16384_none_62475f7becb72503\COMCTL32.dll
0x00000000771e0000 - 0x00000000772b1000 	C:\Program Files\Java\jdk1.8.0_102\jre\bin\msvcr100.dll
0x0000000076940000 - 0x00000000771da000 	C:\Program Files\Java\jdk1.8.0_102\jre\bin\server\jvm.dll
0x00007ffabf5c0000 - 0x00007ffabf5c9000 	C:\Windows\SYSTEM32\WSOCK32.dll
0x00007ffac48a0000 - 0x00007ffac48bf000 	C:\Windows\system32\WINMM.dll
0x00007ffac37c0000 - 0x00007ffac37ca000 	C:\Windows\SYSTEM32\VERSION.dll
0x00007ffac4a40000 - 0x00007ffac4a47000 	C:\Windows\system32\PSAPI.DLL
0x00007ffac4930000 - 0x00007ffac4988000 	C:\Windows\system32\WS2_32.dll
0x00007ffac43c0000 - 0x00007ffac43ea000 	C:\Windows\system32\WINMMBASE.dll
0x00007ffac4f10000 - 0x00007ffac4f19000 	C:\Windows\system32\NSI.dll
0x00007ffac4390000 - 0x00007ffac43b6000 	C:\Windows\system32\DEVOBJ.dll
0x0000000050250000 - 0x000000005025f000 	C:\Program Files\Java\jdk1.8.0_102\jre\bin\verify.dll
0x0000000050030000 - 0x0000000050059000 	C:\Program Files\Java\jdk1.8.0_102\jre\bin\java.dll
0x0000000050010000 - 0x0000000050026000 	C:\Program Files\Java\jdk1.8.0_102\jre\bin\zip.dll

VM Arguments:
jvm_args: -Djava.awt.headless=true -Xmx1024M -Dfile.encoding=GBK -Duser.country=CN -Duser.language=zh -Duser.variant 
java_command: com.android.dx.command.Main --dex --force-jumbo --num-threads=4 --multi-dex --output E:\Program Files\feiq\Recv Files\anchong\app\build\intermediates\transforms\dex\debug\folders\1000\10\okhttp-3.3.1_2ea39afb3973a142a4b831a99bc4e2df1de6a0a5 C:\Users\Administrator\.gradle\caches\modules-2\files-2.1\com.squareup.okhttp3\okhttp\3.3.1\19047bdb6a4fc00a44124f64ca98e88fc204e7e3\okhttp-3.3.1.jar
java_class_path (initial): C:\Users\Administrator\AppData\Local\Android\Sdk\build-tools\23.0.2\lib\dx.jar
Launcher Type: SUN_STANDARD

Environment Variables:
JAVA_HOME=C:\Program Files\Java\jdk1.8.0_102
PATH=C:\ProgramData\Oracle\Java\javapath;C:\Program Files\Java\jdk1.7.0_79\bin;C:\Windows\system32;C:\Windows;C:\Windows\system32\wbem;E:\Git\cmd;F:\android-ndk-r13;
USERNAME=Administrator
OS=Windows_NT
PROCESSOR_IDENTIFIER=Intel64 Family 6 Model 42 Stepping 7, GenuineIntel



---------------  S Y S T E M  ---------------

OS: Windows 8.1 , 64 bit Build 9600 (6.3.9600.16656)

CPU:total 4 (2 cores per cpu, 2 threads per core) family 6 model 42 stepping 7, cmov, cx8, fxsr, mmx, sse, sse2, sse3, ssse3, sse4.1, sse4.2, popcnt, avx, aes, clmul, ht, tsc, tscinvbit

Memory: 4k page, physical 4036004k(419204k free), swap 8099236k(5008k free)

vm_info: Java HotSpot(TM) 64-Bit Server VM (25.102-b14) for windows-amd64 JRE (1.8.0_102-b14), built on Jun 22 2016 13:15:21 by "java_re" with MS VC++ 10.0 (VS2010)

time: Thu Dec 08 21:52:07 2016
elapsed time: 3 seconds (0d 0h 0m 3s)

