#
# There is insufficient memory for the Java Runtime Environment to continue.
# Native memory allocation (malloc) failed to allocate 32784 bytes for Chunk::new
# Possible reasons:
#   The system is out of physical RAM or swap space
#   In 32 bit mode, the process size limit was hit
# Possible solutions:
#   Reduce memory load on the system
#   Increase physical memory or swap space
#   Check if swap backing store is full
#   Use 64 bit Java on a 64 bit OS
#   Decrease Java heap size (-Xmx/-Xms)
#   Decrease number of Java threads
#   Decrease Java thread stack sizes (-Xss)
#   Set larger code cache with -XX:ReservedCodeCacheSize=
# This output file may be truncated or incomplete.
#
#  Out of Memory Error (allocation.cpp:390), pid=8968, tid=0x0000000000001ac0
#
# JRE version: Java(TM) SE Runtime Environment (8.0_102-b14) (build 1.8.0_102-b14)
# Java VM: Java HotSpot(TM) 64-Bit Server VM (25.102-b14 mixed mode windows-amd64 compressed oops)
# Failed to write core dump. Minidumps are not enabled by default on client versions of Windows
#

---------------  T H R E A D  ---------------

Current thread (0x000000000658b000):  JavaThread "C2 CompilerThread0" daemon [_thread_in_native, id=6848, stack(0x0000000007af0000,0x0000000007bf0000)]

Stack: [0x0000000007af0000,0x0000000007bf0000]
[error occurred during error reporting (printing stack bounds), id 0xc0000005]

Native frames: (J=compiled Java code, j=interpreted, Vv=VM code, C=native code)


Current CompileTask:
C2:    843  629       4       com.android.dx.ssa.SsaBasicBlock::forEachInsn (37 bytes)


---------------  P R O C E S S  ---------------

Java Threads: ( => current thread )
  0x0000000007dde800 JavaThread "pool-2-thread-4" [_thread_in_Java, id=10396, stack(0x00000000087f0000,0x00000000088f0000)]
  0x0000000007d72800 JavaThread "pool-2-thread-3" [_thread_in_Java, id=3644, stack(0x00000000086f0000,0x00000000087f0000)]
  0x0000000007d6a800 JavaThread "pool-2-thread-2" [_thread_in_Java, id=6276, stack(0x00000000085f0000,0x00000000086f0000)]
  0x0000000007d4c000 JavaThread "pool-3-thread-1" [_thread_blocked, id=80, stack(0x00000000084f0000,0x00000000085f0000)]
  0x0000000007d39000 JavaThread "pool-2-thread-1" [_thread_blocked, id=10108, stack(0x00000000083f0000,0x00000000084f0000)]
  0x0000000007c51000 JavaThread "Service Thread" daemon [_thread_blocked, id=6420, stack(0x00000000081f0000,0x00000000082f0000)]
  0x0000000007c4c000 JavaThread "C1 CompilerThread2" daemon [_thread_in_native, id=10860, stack(0x00000000080f0000,0x00000000081f0000)]
  0x000000000658e000 JavaThread "C2 CompilerThread1" daemon [_thread_in_native, id=10708, stack(0x0000000007ff0000,0x00000000080f0000)]
=>0x000000000658b000 JavaThread "C2 CompilerThread0" daemon [_thread_in_native, id=6848, stack(0x0000000007af0000,0x0000000007bf0000)]
  0x000000000653d000 JavaThread "Attach Listener" daemon [_thread_blocked, id=11632, stack(0x00000000079f0000,0x0000000007af0000)]
  0x000000000653c000 JavaThread "Signal Dispatcher" daemon [_thread_blocked, id=12112, stack(0x00000000078f0000,0x00000000079f0000)]
  0x0000000002e2a800 JavaThread "Finalizer" daemon [_thread_blocked, id=1564, stack(0x0000000007790000,0x0000000007890000)]
  0x00000000064f9000 JavaThread "Reference Handler" daemon [_thread_blocked, id=10556, stack(0x0000000007690000,0x0000000007790000)]
  0x0000000002d31000 JavaThread "main" [_thread_blocked, id=4420, stack(0x0000000002c30000,0x0000000002d30000)]

Other Threads:
  0x00000000064f7000 VMThread [stack: 0x0000000007590000,0x0000000007690000] [id=2396]
  0x0000000007c9a000 WatcherThread [stack: 0x00000000082f0000,0x00000000083f0000] [id=11032]

VM state:not at safepoint (normal execution)

VM Mutex/Monitor currently owned by a thread: None

Heap:
 PSYoungGen      total 18432K, used 13648K [0x00000000eab00000, 0x00000000ebf80000, 0x0000000100000000)
  eden space 15872K, 85% used [0x00000000eab00000,0x00000000eb854278,0x00000000eba80000)
  from space 2560K, 0% used [0x00000000ebd00000,0x00000000ebd00000,0x00000000ebf80000)
  to   space 2560K, 0% used [0x00000000eba80000,0x00000000eba80000,0x00000000ebd00000)
 ParOldGen       total 42496K, used 0K [0x00000000c0000000, 0x00000000c2980000, 0x00000000eab00000)
  object space 42496K, 0% used [0x00000000c0000000,0x00000000c0000000,0x00000000c2980000)
 Metaspace       used 5561K, capacity 6640K, committed 6784K, reserved 1056768K
  class space    used 584K, capacity 616K, committed 640K, reserved 1048576K

Card table byte_map: [0x0000000003200000,0x0000000003410000] byte_map_base: 0x0000000002c00000

Marking Bits: (ParMarkBitMap*) 0x000000007715a6c0
 Begin Bits: [0x0000000003970000, 0x0000000004970000)
 End Bits:   [0x0000000004970000, 0x0000000005970000)

Polling page: 0x00000000028d0000

CodeCache: size=245760Kb used=2509Kb max_used=2516Kb free=243250Kb
 bounds [0x000000000f010000, 0x000000000f290000, 0x000000001e010000]
 total_blobs=872 nmethods=608 adapters=177
 compilation: enabled

Compilation events (10 events):
Event: 0.822 Thread 0x000000000658b000  629       4       com.android.dx.ssa.SsaBasicBlock::forEachInsn (37 bytes)
Event: 0.840 Thread 0x0000000007c4c000  626       1       com.android.dx.rop.cst.CstInteger::getType (4 bytes)
Event: 0.840 Thread 0x0000000007c4c000 nmethod 626 0x000000000f27e290 code [0x000000000f27e3e0, 0x000000000f27e4f0]
Event: 0.840 Thread 0x0000000007c4c000  628       3       com.android.dx.rop.code.RegisterSpecSet::<init> (27 bytes)
Event: 0.840 Thread 0x0000000007c4c000 nmethod 628 0x000000000f27f6d0 code [0x000000000f27f840, 0x000000000f27fb50]
Event: 0.840 Thread 0x0000000007c4c000  631       3       java.util.ArrayList$SubList::size (9 bytes)
Event: 0.841 Thread 0x0000000007c4c000 nmethod 631 0x000000000f27f190 code [0x000000000f27f300, 0x000000000f27f588]
Event: 0.841 Thread 0x0000000007c4c000  613       3       com.android.dx.ssa.back.FirstFitLocalCombiningAllocator$1::visitNonMoveInsn (6 bytes)
Event: 0.841 Thread 0x0000000007c4c000 nmethod 613 0x000000000f27ee10 code [0x000000000f27ef80, 0x000000000f27f108]
Event: 0.841 Thread 0x0000000007c4c000  618       3       com.android.dx.ssa.InterferenceRegisterMapper::interferes (78 bytes)

GC Heap History (0 events):
No events

Deoptimization events (2 events):
Event: 0.701 Thread 0x0000000007d39000 Uncommon trap: reason=unstable_if action=reinterpret pc=0x000000000f1de9e8 method=java.util.HashMap.getNode(ILjava/lang/Object;)Ljava/util/HashMap$Node; @ 129
Event: 0.757 Thread 0x0000000007d39000 Uncommon trap: reason=unstable_if action=reinterpret pc=0x000000000f211430 method=java.util.BitSet.nextSetBit(I)I @ 87

Internal exceptions (2 events):
Event: 0.090 Thread 0x0000000002d31000 Exception <a 'java/lang/NoSuchMethodError': Method sun.misc.Unsafe.defineClass(Ljava/lang/String;[BII)Ljava/lang/Class; name or signature does not match> (0x00000000eab07c78) thrown at [C:\re\workspace\8-2-build-windows-amd64-cygwin\jdk8u102\7268\hotspot\sQÛlËø¶?
Event: 0.090 Thread 0x0000000002d31000 Exception <a 'java/lang/NoSuchMethodError': Method sun.misc.Unsafe.prefetchRead(Ljava/lang/Object;J)V name or signature does not match> (0x00000000eab07f60) thrown at [C:\re\workspace\8-2-build-windows-amd64-cygwin\jdk8u102\7268\hotspot\src\share\vm\prims\

Events (10 events):
Event: 0.757 Thread 0x0000000007d39000 DEOPT PACKING pc=0x000000000f211430 sp=0x00000000084ee640
Event: 0.757 Thread 0x0000000007d39000 DEOPT UNPACKING pc=0x000000000f05582a sp=0x00000000084ee5d8 mode 2
Event: 0.764 loading class com/android/dx/ssa/back/FirstFitLocalCombiningAllocator$Multiset
Event: 0.764 loading class com/android/dx/ssa/back/FirstFitLocalCombiningAllocator$Multiset done
Event: 0.770 loading class com/android/dx/cf/code/SwitchList
Event: 0.770 loading class com/android/dx/cf/code/SwitchList done
Event: 0.801 Executing VM operation: ForceSafepoint
Event: 0.802 Executing VM operation: ForceSafepoint done
Event: 0.804 loading class java/util/DualPivotQuicksort
Event: 0.804 loading class java/util/DualPivotQuicksort done


Dynamic libraries:
0x00007ff7070b0000 - 0x00007ff7070e7000 	C:\Program Files\Java\jdk1.8.0_102\bin\java.exe
0x00007ffac7330000 - 0x00007ffac74d9000 	C:\Windows\SYSTEM32\ntdll.dll
0x00007ffac5690000 - 0x00007ffac57c9000 	C:\Windows\system32\KERNEL32.DLL
0x00007ffac4740000 - 0x00007ffac484e000 	C:\Windows\system32\KERNELBASE.dll
0x00007ffac2810000 - 0x00007ffac289b000 	C:\Windows\system32\apphelp.dll
0x00007ffabbfb0000 - 0x00007ffabbfff000 	C:\Windows\AppPatch\AppPatch64\AcGenral.DLL
0x00007ffac4a50000 - 0x00007ffac4af7000 	C:\Windows\system32\msvcrt.dll
0x00007ffac4020000 - 0x00007ffac404b000 	C:\Windows\SYSTEM32\SspiCli.dll
0x00007ffac4bd0000 - 0x00007ffac4c21000 	C:\Windows\system32\SHLWAPI.dll
0x00007ffac5460000 - 0x00007ffac55d1000 	C:\Windows\system32\USER32.dll
0x00007ffac4f20000 - 0x00007ffac5096000 	C:\Windows\system32\ole32.dll
0x00007ffac5830000 - 0x00007ffac6c3d000 	C:\Windows\system32\SHELL32.dll
0x00007ffac3520000 - 0x00007ffac353f000 	C:\Windows\SYSTEM32\USERENV.dll
0x00007ffac4b20000 - 0x00007ffac4bc5000 	C:\Windows\system32\ADVAPI32.dll
0x00007ffaba500000 - 0x00007ffaba51b000 	C:\Windows\SYSTEM32\MPR.dll
0x00007ffac7190000 - 0x00007ffac72c6000 	C:\Windows\system32\RPCRT4.dll
0x00007ffac72d0000 - 0x00007ffac7327000 	C:\Windows\SYSTEM32\sechost.dll
0x00007ffac4d30000 - 0x00007ffac4f07000 	C:\Windows\SYSTEM32\combase.dll
0x00007ffac6e40000 - 0x00007ffac6f85000 	C:\Windows\system32\GDI32.dll
0x00007ffac42e0000 - 0x00007ffac42f4000 	C:\Windows\SYSTEM32\profapi.dll
0x00007ffac3400000 - 0x00007ffac34a1000 	C:\Windows\SYSTEM32\SHCORE.dll
0x00007ffac5140000 - 0x00007ffac5174000 	C:\Windows\system32\IMM32.DLL
0x00007ffac6f90000 - 0x00007ffac70c8000 	C:\Windows\system32\MSCTF.dll
0x00007ffac4290000 - 0x00007ffac42c1000 	C:\Windows\system32\nvinitx.dll
0x000000000f000000 - 0x000000000f006000 	C:\Program Files\NVIDIA Corporation\CoProcManager\_etoured.dll
0x00007ffac1e00000 - 0x00007ffac1e32000 	C:\Program Files\NVIDIA Corporation\CoProcManager\nvd3d9wrapx.dll
0x00007ffac6c40000 - 0x00007ffac6e16000 	C:\Windows\system32\SETUPAPI.dll
0x00007ffac4410000 - 0x00007ffac445a000 	C:\Windows\system32\CFGMGR32.dll
0x00007ffac1dd0000 - 0x00007ffac1df2000 	C:\Program Files\NVIDIA Corporation\CoProcManager\nvdxgiwrapx.dll
0x00007ffac3c50000 - 0x00007ffac3eaa000 	C:\Windows\WinSxS\amd64_microsoft.windows.common-controls_6595b64144ccf1df_6.0.9600.16384_none_62475f7becb72503\COMCTL32.dll
0x00000000771e0000 - 0x00000000772b1000 	C:\Program Files\Java\jdk1.8.0_102\jre\bin\msvcr100.dll
0x0000000076940000 - 0x00000000771da000 	C:\Program Files\Java\jdk1.8.0_102\jre\bin\server\jvm.dll
0x00007ffabf5c0000 - 0x00007ffabf5c9000 	C:\Windows\SYSTEM32\WSOCK32.dll
0x00007ffac48a0000 - 0x00007ffac48bf000 	C:\Windows\system32\WINMM.dll
0x00007ffac37c0000 - 0x00007ffac37ca000 	C:\Windows\SYSTEM32\VERSION.dll
0x00007ffac4a40000 - 0x00007ffac4a47000 	C:\Windows\system32\PSAPI.DLL
0x00007ffac4930000 - 0x00007ffac4988000 	C:\Windows\system32\WS2_32.dll
0x00007ffac43c0000 - 0x00007ffac43ea000 	C:\Windows\system32\WINMMBASE.dll
0x00007ffac4f10000 - 0x00007ffac4f19000 	C:\Windows\system32\NSI.dll
0x00007ffac4390000 - 0x00007ffac43b6000 	C:\Windows\system32\DEVOBJ.dll
0x0000000050250000 - 0x000000005025f000 	C:\Program Files\Java\jdk1.8.0_102\jre\bin\verify.dll
0x0000000050030000 - 0x0000000050059000 	C:\Program Files\Java\jdk1.8.0_102\jre\bin\java.dll
0x0000000050010000 - 0x0000000050026000 	C:\Program Files\Java\jdk1.8.0_102\jre\bin\zip.dll

VM Arguments:
jvm_args: -Djava.awt.headless=true -Xmx1024M -Dfile.encoding=GBK -Duser.country=CN -Duser.language=zh -Duser.variant 
java_command: com.android.dx.command.Main --dex --force-jumbo --num-threads=4 --multi-dex --output E:\Program Files\feiq\Recv Files\anchong\app\build\intermediates\transforms\dex\debug\folders\1000\5\slice_4 E:\Program Files\feiq\Recv Files\anchong\app\build\intermediates\transforms\instantRunSlicer\debug\folders\1\5\slice_4
java_class_path (initial): C:\Users\Administrator\AppData\Local\Android\Sdk\build-tools\23.0.2\lib\dx.jar
Launcher Type: SUN_STANDARD

Environment Variables:
JAVA_HOME=C:\Program Files\Java\jdk1.8.0_102
PATH=C:\ProgramData\Oracle\Java\javapath;C:\Program Files\Java\jdk1.7.0_79\bin;C:\Windows\system32;C:\Windows;C:\Windows\system32\wbem;E:\Git\cmd;F:\android-ndk-r13;
USERNAME=Administrator
OS=Windows_NT
PROCESSOR_IDENTIFIER=Intel64 Family 6 Model 42 Stepping 7, GenuineIntel



---------------  S Y S T E M  ---------------

OS: Windows 8.1 , 64 bit Build 9600 (6.3.9600.16656)

CPU:total 4 (2 cores per cpu, 2 threads per core) family 6 model 42 stepping 7, cmov, cx8, fxsr, mmx, sse, sse2, sse3, ssse3, sse4.1, sse4.2, popcnt, avx, aes, clmul, ht, tsc, tscinvbit

Memory: 4k page, physical 4036004k(219664k free), swap 8099236k(5128k free)

vm_info: Java HotSpot(TM) 64-Bit Server VM (25.102-b14) for windows-amd64 JRE (1.8.0_102-b14), built on Jun 22 2016 13:15:21 by "java_re" with MS VC++ 10.0 (VS2010)

time: Thu Dec 08 21:37:36 2016
elapsed time: 0 seconds (0d 0h 0m 0s)

