#
# There is insufficient memory for the Java Runtime Environment to continue.
# Native memory allocation (malloc) failed to allocate 32744 bytes for ChunkPool::allocate
# Possible reasons:
#   The system is out of physical RAM or swap space
#   In 32 bit mode, the process size limit was hit
# Possible solutions:
#   Reduce memory load on the system
#   Increase physical memory or swap space
#   Check if swap backing store is full
#   Use 64 bit Java on a 64 bit OS
#   Decrease Java heap size (-Xmx/-Xms)
#   Decrease number of Java threads
#   Decrease Java thread stack sizes (-Xss)
#   Set larger code cache with -XX:ReservedCodeCacheSize=
# This output file may be truncated or incomplete.
#
#  Out of Memory Error (allocation.cpp:273), pid=8600, tid=0x0000000000002e20
#
# JRE version: Java(TM) SE Runtime Environment (8.0_102-b14) (build 1.8.0_102-b14)
# Java VM: Java HotSpot(TM) 64-Bit Server VM (25.102-b14 mixed mode windows-amd64 compressed oops)
# Failed to write core dump. Minidumps are not enabled by default on client versions of Windows
#

---------------  T H R E A D  ---------------

Current thread (0x0000000007bc4000):  JavaThread "C1 CompilerThread2" daemon [_thread_in_native, id=11808, stack(0x00000000080c0000,0x00000000081c0000)]

Stack: [0x00000000080c0000,0x00000000081c0000]
[error occurred during error reporting (printing stack bounds), id 0xc0000005]

Native frames: (J=compiled Java code, j=interpreted, Vv=VM code, C=native code)


Current CompileTask:
C1:   8375  666       3       com.android.dx.rop.cst.CstFieldRef::compareTo0 (43 bytes)


---------------  P R O C E S S  ---------------

Java Threads: ( => current thread )
  0x0000000007e9f000 JavaThread "pool-1-thread-1" [_thread_in_native, id=12112, stack(0x00000000083c0000,0x00000000084c0000)]
  0x0000000007c4a800 JavaThread "Service Thread" daemon [_thread_blocked, id=2384, stack(0x00000000081c0000,0x00000000082c0000)]
=>0x0000000007bc4000 JavaThread "C1 CompilerThread2" daemon [_thread_in_native, id=11808, stack(0x00000000080c0000,0x00000000081c0000)]
  0x0000000007bc1000 JavaThread "C2 CompilerThread1" daemon [_thread_in_native, id=9916, stack(0x0000000007fc0000,0x00000000080c0000)]
  0x00000000065bc800 JavaThread "C2 CompilerThread0" daemon [_thread_blocked, id=4376, stack(0x0000000007ac0000,0x0000000007bc0000)]
  0x00000000065ba800 JavaThread "Attach Listener" daemon [_thread_blocked, id=11928, stack(0x00000000079c0000,0x0000000007ac0000)]
  0x00000000065b9800 JavaThread "Signal Dispatcher" daemon [_thread_blocked, id=11052, stack(0x00000000078c0000,0x00000000079c0000)]
  0x0000000002e8a800 JavaThread "Finalizer" daemon [_thread_blocked, id=11632, stack(0x00000000077c0000,0x00000000078c0000)]
  0x0000000002e80000 JavaThread "Reference Handler" daemon [_thread_blocked, id=12100, stack(0x00000000076c0000,0x00000000077c0000)]
  0x0000000002d91000 JavaThread "main" [_thread_blocked, id=10636, stack(0x0000000002be0000,0x0000000002ce0000)]

Other Threads:
  0x0000000006527000 VMThread [stack: 0x00000000075c0000,0x00000000076c0000] [id=11488]
  0x0000000007c8b800 WatcherThread [stack: 0x00000000082c0000,0x00000000083c0000] [id=12224]

VM state:not at safepoint (normal execution)

VM Mutex/Monitor currently owned by a thread: None

Heap:
 PSYoungGen      total 18432K, used 10758K [0x00000000eab00000, 0x00000000ebf80000, 0x0000000100000000)
  eden space 15872K, 67% used [0x00000000eab00000,0x00000000eb581bc8,0x00000000eba80000)
  from space 2560K, 0% used [0x00000000ebd00000,0x00000000ebd00000,0x00000000ebf80000)
  to   space 2560K, 0% used [0x00000000eba80000,0x00000000eba80000,0x00000000ebd00000)
 ParOldGen       total 42496K, used 0K [0x00000000c0000000, 0x00000000c2980000, 0x00000000eab00000)
  object space 42496K, 0% used [0x00000000c0000000,0x00000000c0000000,0x00000000c2980000)
 Metaspace       used 5617K, capacity 6616K, committed 6912K, reserved 1056768K
  class space    used 598K, capacity 656K, committed 768K, reserved 1048576K

Card table byte_map: [0x0000000003250000,0x0000000003460000] byte_map_base: 0x0000000002c50000

Marking Bits: (ParMarkBitMap*) 0x000000007715a6c0
 Begin Bits: [0x00000000039c0000, 0x00000000049c0000)
 End Bits:   [0x00000000049c0000, 0x00000000059c0000)

Polling page: 0x0000000000ca0000

CodeCache: size=245760Kb used=2818Kb max_used=2818Kb free=242941Kb
 bounds [0x000000000f010000, 0x000000000f2e0000, 0x000000001e010000]
 total_blobs=935 nmethods=665 adapters=183
 compilation: enabled

Compilation events (10 events):
Event: 6.597 Thread 0x0000000007bc4000 nmethod 660 0x000000000f2ce190 code [0x000000000f2ce340, 0x000000000f2cec28]
Event: 6.597 Thread 0x0000000007bc4000  662       3       com.android.dx.rop.cst.Constant::compareTo (9 bytes)
Event: 6.598 Thread 0x0000000007bc4000 nmethod 662 0x000000000f2cee50 code [0x000000000f2cf020, 0x000000000f2cf938]
Event: 6.598 Thread 0x0000000007bc4000  663       3       com.android.dx.rop.cst.CstMemberRef::compareTo0 (49 bytes)
Event: 6.599 Thread 0x0000000007bc4000 nmethod 663 0x000000000f2cfc50 code [0x000000000f2cfea0, 0x000000000f2d1238]
Event: 6.599 Thread 0x0000000007bc4000  664       3       com.android.dx.rop.cst.CstType::compareTo0 (25 bytes)
Event: 6.599 Thread 0x0000000007bc4000 nmethod 664 0x000000000f2d1b50 code [0x000000000f2d1cc0, 0x000000000f2d2108]
Event: 6.599 Thread 0x0000000007bc4000  665       3       com.android.dx.rop.cst.CstBaseMethodRef::compareTo0 (29 bytes)
Event: 6.599 Thread 0x0000000007bc4000 nmethod 665 0x000000000f2d2290 code [0x000000000f2d2420, 0x000000000f2d27b8]
Event: 7.716 Thread 0x0000000007bc4000  666       3       com.android.dx.rop.cst.CstFieldRef::compareTo0 (43 bytes)

GC Heap History (0 events):
No events

Deoptimization events (1 events):
Event: 6.167 Thread 0x0000000007e9f000 Uncommon trap: reason=unstable_if action=reinterpret pc=0x000000000f227798 method=java.util.HashMap.getNode(ILjava/lang/Object;)Ljava/util/HashMap$Node; @ 129

Internal exceptions (2 events):
Event: 0.402 Thread 0x0000000002d91000 Exception <a 'java/lang/NoSuchMethodError': Method sun.misc.Unsafe.defineClass(Ljava/lang/String;[BII)Ljava/lang/Class; name or signature does not match> (0x00000000eab07c78) thrown at [C:\re\workspace\8-2-build-windows-amd64-cygwin\jdk8u102\7268\hotspot\smEOî¿Ù?
Event: 0.402 Thread 0x0000000002d91000 Exception <a 'java/lang/NoSuchMethodError': Method sun.misc.Unsafe.prefetchRead(Ljava/lang/Object;J)V name or signature does not match> (0x00000000eab07f60) thrown at [C:\re\workspace\8-2-build-windows-amd64-cygwin\jdk8u102\7268\hotspot\src\share\vm\prims\

Events (10 events):
Event: 7.655 loading class java/util/SortedSet
Event: 7.709 loading class java/util/SortedSet done
Event: 7.710 loading class java/util/NavigableSet done
Event: 7.710 loading class java/util/TreeMap$KeySet done
Event: 7.710 loading class java/util/TreeMap$KeyIterator
Event: 7.710 loading class java/util/TreeMap$KeyIterator done
Event: 7.711 loading class com/android/dx/dex/file/TypeIdItem
Event: 7.711 loading class com/android/dx/dex/file/TypeIdItem done
Event: 7.716 loading class com/android/dx/rop/cst/CstArray$List
Event: 7.716 loading class com/android/dx/rop/cst/CstArray$List done


Dynamic libraries:
0x00007ff7070b0000 - 0x00007ff7070e7000 	C:\Program Files\Java\jdk1.8.0_102\bin\java.exe
0x00007ffac7330000 - 0x00007ffac74d9000 	C:\Windows\SYSTEM32\ntdll.dll
0x00007ffac5690000 - 0x00007ffac57c9000 	C:\Windows\system32\KERNEL32.DLL
0x00007ffac4740000 - 0x00007ffac484e000 	C:\Windows\system32\KERNELBASE.dll
0x00007ffac2810000 - 0x00007ffac289b000 	C:\Windows\system32\apphelp.dll
0x00007ffabbfb0000 - 0x00007ffabbfff000 	C:\Windows\AppPatch\AppPatch64\AcGenral.DLL
0x00007ffac4a50000 - 0x00007ffac4af7000 	C:\Windows\system32\msvcrt.dll
0x00007ffac4020000 - 0x00007ffac404b000 	C:\Windows\SYSTEM32\SspiCli.dll
0x00007ffac4bd0000 - 0x00007ffac4c21000 	C:\Windows\system32\SHLWAPI.dll
0x00007ffac5460000 - 0x00007ffac55d1000 	C:\Windows\system32\USER32.dll
0x00007ffac4f20000 - 0x00007ffac5096000 	C:\Windows\system32\ole32.dll
0x00007ffac5830000 - 0x00007ffac6c3d000 	C:\Windows\system32\SHELL32.dll
0x00007ffac3520000 - 0x00007ffac353f000 	C:\Windows\SYSTEM32\USERENV.dll
0x00007ffac4b20000 - 0x00007ffac4bc5000 	C:\Windows\system32\ADVAPI32.dll
0x00007ffaba500000 - 0x00007ffaba51b000 	C:\Windows\SYSTEM32\MPR.dll
0x00007ffac7190000 - 0x00007ffac72c6000 	C:\Windows\system32\RPCRT4.dll
0x00007ffac72d0000 - 0x00007ffac7327000 	C:\Windows\SYSTEM32\sechost.dll
0x00007ffac4d30000 - 0x00007ffac4f07000 	C:\Windows\SYSTEM32\combase.dll
0x00007ffac6e40000 - 0x00007ffac6f85000 	C:\Windows\system32\GDI32.dll
0x00007ffac42e0000 - 0x00007ffac42f4000 	C:\Windows\SYSTEM32\profapi.dll
0x00007ffac3400000 - 0x00007ffac34a1000 	C:\Windows\SYSTEM32\SHCORE.dll
0x00007ffac5140000 - 0x00007ffac5174000 	C:\Windows\system32\IMM32.DLL
0x00007ffac6f90000 - 0x00007ffac70c8000 	C:\Windows\system32\MSCTF.dll
0x00007ffac4290000 - 0x00007ffac42c1000 	C:\Windows\system32\nvinitx.dll
0x000000000f000000 - 0x000000000f006000 	C:\Program Files\NVIDIA Corporation\CoProcManager\_etoured.dll
0x00007ffac1e00000 - 0x00007ffac1e32000 	C:\Program Files\NVIDIA Corporation\CoProcManager\nvd3d9wrapx.dll
0x00007ffac6c40000 - 0x00007ffac6e16000 	C:\Windows\system32\SETUPAPI.dll
0x00007ffac4410000 - 0x00007ffac445a000 	C:\Windows\system32\CFGMGR32.dll
0x00007ffac1dd0000 - 0x00007ffac1df2000 	C:\Program Files\NVIDIA Corporation\CoProcManager\nvdxgiwrapx.dll
0x00007ffac3c50000 - 0x00007ffac3eaa000 	C:\Windows\WinSxS\amd64_microsoft.windows.common-controls_6595b64144ccf1df_6.0.9600.16384_none_62475f7becb72503\COMCTL32.dll
0x00000000771e0000 - 0x00000000772b1000 	C:\Program Files\Java\jdk1.8.0_102\jre\bin\msvcr100.dll
0x0000000076940000 - 0x00000000771da000 	C:\Program Files\Java\jdk1.8.0_102\jre\bin\server\jvm.dll
0x00007ffabf5c0000 - 0x00007ffabf5c9000 	C:\Windows\SYSTEM32\WSOCK32.dll
0x00007ffac48a0000 - 0x00007ffac48bf000 	C:\Windows\system32\WINMM.dll
0x00007ffac37c0000 - 0x00007ffac37ca000 	C:\Windows\SYSTEM32\VERSION.dll
0x00007ffac4a40000 - 0x00007ffac4a47000 	C:\Windows\system32\PSAPI.DLL
0x00007ffac4930000 - 0x00007ffac4988000 	C:\Windows\system32\WS2_32.dll
0x00007ffac43c0000 - 0x00007ffac43ea000 	C:\Windows\system32\WINMMBASE.dll
0x00007ffac4f10000 - 0x00007ffac4f19000 	C:\Windows\system32\NSI.dll
0x00007ffac4390000 - 0x00007ffac43b6000 	C:\Windows\system32\DEVOBJ.dll
0x0000000050250000 - 0x000000005025f000 	C:\Program Files\Java\jdk1.8.0_102\jre\bin\verify.dll
0x0000000050030000 - 0x0000000050059000 	C:\Program Files\Java\jdk1.8.0_102\jre\bin\java.dll
0x0000000050010000 - 0x0000000050026000 	C:\Program Files\Java\jdk1.8.0_102\jre\bin\zip.dll

VM Arguments:
jvm_args: -Djava.awt.headless=true -Xmx1024M -Dfile.encoding=GBK -Duser.country=CN -Duser.language=zh -Duser.variant 
java_command: com.android.dx.command.Main --dex --force-jumbo --num-threads=4 --multi-dex --output E:\Program Files\feiq\Recv Files\anchong\app\build\intermediates\transforms\dex\debug\folders\1000\2\android-viewbadger_c9adc81be1c29efe6f70643e1300eb9e96671e95 E:\Program Files\feiq\Recv Files\anchong\app\src\libs\android-viewbadger.jar
java_class_path (initial): C:\Users\Administrator\AppData\Local\Android\Sdk\build-tools\23.0.2\lib\dx.jar
Launcher Type: SUN_STANDARD

Environment Variables:
JAVA_HOME=C:\Program Files\Java\jdk1.8.0_102
PATH=C:\ProgramData\Oracle\Java\javapath;C:\Program Files\Java\jdk1.7.0_79\bin;C:\Windows\system32;C:\Windows;C:\Windows\system32\wbem;E:\Git\cmd;F:\android-ndk-r13;
USERNAME=Administrator
OS=Windows_NT
PROCESSOR_IDENTIFIER=Intel64 Family 6 Model 42 Stepping 7, GenuineIntel



---------------  S Y S T E M  ---------------

OS: Windows 8.1 , 64 bit Build 9600 (6.3.9600.16656)

CPU:total 4 (2 cores per cpu, 2 threads per core) family 6 model 42 stepping 7, cmov, cx8, fxsr, mmx, sse, sse2, sse3, ssse3, sse4.1, sse4.2, popcnt, avx, aes, clmul, ht, tsc, tscinvbit

Memory: 4k page, physical 4036004k(53008k free), swap 8099236k(8224k free)

vm_info: Java HotSpot(TM) 64-Bit Server VM (25.102-b14) for windows-amd64 JRE (1.8.0_102-b14), built on Jun 22 2016 13:15:21 by "java_re" with MS VC++ 10.0 (VS2010)

time: Thu Dec 08 21:50:06 2016
elapsed time: 9 seconds (0d 0h 0m 9s)

