#
# There is insufficient memory for the Java Runtime Environment to continue.
# Native memory allocation (malloc) failed to allocate 32784 bytes for Chunk::new
# Possible reasons:
#   The system is out of physical RAM or swap space
#   In 32 bit mode, the process size limit was hit
# Possible solutions:
#   Reduce memory load on the system
#   Increase physical memory or swap space
#   Check if swap backing store is full
#   Use 64 bit Java on a 64 bit OS
#   Decrease Java heap size (-Xmx/-Xms)
#   Decrease number of Java threads
#   Decrease Java thread stack sizes (-Xss)
#   Set larger code cache with -XX:ReservedCodeCacheSize=
# This output file may be truncated or incomplete.
#
#  Out of Memory Error (allocation.cpp:390), pid=11172, tid=0x00000000000028ac
#
# JRE version: Java(TM) SE Runtime Environment (8.0_102-b14) (build 1.8.0_102-b14)
# Java VM: Java HotSpot(TM) 64-Bit Server VM (25.102-b14 mixed mode windows-amd64 compressed oops)
# Failed to write core dump. Minidumps are not enabled by default on client versions of Windows
#

---------------  T H R E A D  ---------------

Current thread (0x0000000007380000):  JavaThread "C2 CompilerThread1" daemon [_thread_in_native, id=10412, stack(0x0000000007730000,0x0000000007830000)]

Stack: [0x0000000007730000,0x0000000007830000]
[error occurred during error reporting (printing stack bounds), id 0xc0000005]

Native frames: (J=compiled Java code, j=interpreted, Vv=VM code, C=native code)


Current CompileTask:
C2:   2700 1002       4       com.android.dx.dex.code.OutputFinisher::addConstants (93 bytes)


---------------  P R O C E S S  ---------------

Java Threads: ( => current thread )
  0x000000000747c800 JavaThread "pool-1-thread-1" [_thread_in_Java, id=10612, stack(0x0000000007b30000,0x0000000007c30000)]
  0x00000000073ab000 JavaThread "Service Thread" daemon [_thread_blocked, id=10652, stack(0x0000000007930000,0x0000000007a30000)]
  0x0000000007393000 JavaThread "C1 CompilerThread2" daemon [_thread_in_native, id=9632, stack(0x0000000007830000,0x0000000007930000)]
=>0x0000000007380000 JavaThread "C2 CompilerThread1" daemon [_thread_in_native, id=10412, stack(0x0000000007730000,0x0000000007830000)]
  0x0000000005d3e000 JavaThread "C2 CompilerThread0" daemon [_thread_blocked, id=11652, stack(0x0000000007230000,0x0000000007330000)]
  0x0000000005d3c000 JavaThread "Attach Listener" daemon [_thread_blocked, id=6700, stack(0x0000000007130000,0x0000000007230000)]
  0x0000000005d39800 JavaThread "Signal Dispatcher" daemon [_thread_blocked, id=4576, stack(0x0000000007030000,0x0000000007130000)]
  0x000000000260a800 JavaThread "Finalizer" daemon [_thread_blocked, id=9116, stack(0x0000000006f30000,0x0000000007030000)]
  0x0000000005ca9000 JavaThread "Reference Handler" daemon [_thread_blocked, id=4564, stack(0x0000000006e30000,0x0000000006f30000)]
  0x0000000002511000 JavaThread "main" [_thread_blocked, id=10980, stack(0x00000000023a0000,0x00000000024a0000)]

Other Threads:
  0x0000000005ca7000 VMThread [stack: 0x0000000006d30000,0x0000000006e30000] [id=11736]
  0x00000000073fb800 WatcherThread [stack: 0x0000000007a30000,0x0000000007b30000] [id=10632]

VM state:not at safepoint (normal execution)

VM Mutex/Monitor currently owned by a thread: None

Heap:
 PSYoungGen      total 18432K, used 4257K [0x00000000eab00000, 0x00000000ebf80000, 0x0000000100000000)
  eden space 15872K, 10% used [0x00000000eab00000,0x00000000eacae5d0,0x00000000eba80000)
  from space 2560K, 99% used [0x00000000eba80000,0x00000000ebcfa038,0x00000000ebd00000)
  to   space 2560K, 0% used [0x00000000ebd00000,0x00000000ebd00000,0x00000000ebf80000)
 ParOldGen       total 42496K, used 1388K [0x00000000c0000000, 0x00000000c2980000, 0x00000000eab00000)
  object space 42496K, 3% used [0x00000000c0000000,0x00000000c015b1d8,0x00000000c2980000)
 Metaspace       used 5773K, capacity 6832K, committed 7040K, reserved 1056768K
  class space    used 591K, capacity 616K, committed 640K, reserved 1048576K

Card table byte_map: [0x00000000029d0000,0x0000000002be0000] byte_map_base: 0x00000000023d0000

Marking Bits: (ParMarkBitMap*) 0x000000007715a6c0
 Begin Bits: [0x0000000003140000, 0x0000000004140000)
 End Bits:   [0x0000000004140000, 0x0000000005140000)

Polling page: 0x00000000005a0000

CodeCache: size=245760Kb used=4079Kb max_used=4088Kb free=241680Kb
 bounds [0x000000000f010000, 0x000000000f420000, 0x000000001e010000]
 total_blobs=1280 nmethods=1016 adapters=177
 compilation: enabled

Compilation events (10 events):
Event: 2.695 Thread 0x0000000007393000 1010       1       com.android.dx.dex.file.DexFile::getTypeIds (5 bytes)
Event: 2.695 Thread 0x0000000007393000 nmethod 1010 0x000000000f40ad90 code [0x000000000f40aee0, 0x000000000f40aff0]
Event: 2.695 Thread 0x0000000007393000 1011       3       com.android.dx.dex.file.IndexedItem::<init> (10 bytes)
Event: 2.695 Thread 0x0000000007393000 nmethod 1011 0x000000000f40e4d0 code [0x000000000f40e640, 0x000000000f40e850]
Event: 2.695 Thread 0x0000000007393000 1012       3       java.util.TreeMap::rotateLeft (96 bytes)
Event: 2.695 Thread 0x0000000005d3e000 1013       4       com.android.dx.rop.cst.CstString::compareTo0 (15 bytes)
Event: 2.695 Thread 0x0000000007393000 nmethod 1012 0x000000000f40e950 code [0x000000000f40eac0, 0x000000000f40ee10]
Event: 2.695 Thread 0x0000000007393000 1014       3       com.android.dx.rop.type.Prototype::compareTo (9 bytes)
Event: 2.696 Thread 0x0000000007393000 nmethod 1014 0x000000000f40ef10 code [0x000000000f40f080, 0x000000000f40f368]
Event: 2.696 Thread 0x0000000005d3e000 nmethod 1013 0x000000000f412190 code [0x000000000f4122e0, 0x000000000f412458]

GC Heap History (2 events):
Event: 1.641 GC heap before
{Heap before GC invocations=1 (full 0):
 PSYoungGen      total 18432K, used 15872K [0x00000000eab00000, 0x00000000ebf80000, 0x0000000100000000)
  eden space 15872K, 100% used [0x00000000eab00000,0x00000000eba80000,0x00000000eba80000)
  from space 2560K, 0% used [0x00000000ebd00000,0x00000000ebd00000,0x00000000ebf80000)
  to   space 2560K, 0% used [0x00000000eba80000,0x00000000eba80000,0x00000000ebd00000)
 ParOldGen       total 42496K, used 0K [0x00000000c0000000, 0x00000000c2980000, 0x00000000eab00000)
  object space 42496K, 0% used [0x00000000c0000000,0x00000000c0000000,0x00000000c2980000)
 Metaspace       used 5677K, capacity 6768K, committed 7040K, reserved 1056768K
  class space    used 584K, capacity 616K, committed 640K, reserved 1048576K
Event: 1.918 GC heap after
Heap after GC invocations=1 (full 0):
 PSYoungGen      total 18432K, used 2536K [0x00000000eab00000, 0x00000000ebf80000, 0x0000000100000000)
  eden space 15872K, 0% used [0x00000000eab00000,0x00000000eab00000,0x00000000eba80000)
  from space 2560K, 99% used [0x00000000eba80000,0x00000000ebcfa038,0x00000000ebd00000)
  to   space 2560K, 0% used [0x00000000ebd00000,0x00000000ebd00000,0x00000000ebf80000)
 ParOldGen       total 42496K, used 1388K [0x00000000c0000000, 0x00000000c2980000, 0x00000000eab00000)
  object space 42496K, 3% used [0x00000000c0000000,0x00000000c015b1d8,0x00000000c2980000)
 Metaspace       used 5677K, capacity 6768K, committed 7040K, reserved 1056768K
  class space    used 584K, capacity 616K, committed 640K, reserved 1048576K
}

Deoptimization events (3 events):
Event: 0.872 Thread 0x0000000007491800 Uncommon trap: reason=unstable_if action=reinterpret pc=0x000000000f1facdc method=java.util.HashMap.getNode(ILjava/lang/Object;)Ljava/util/HashMap$Node; @ 129
Event: 1.128 Thread 0x0000000007491800 Uncommon trap: reason=unstable_if action=reinterpret pc=0x000000000f2b3d9c method=com.android.dx.rop.code.RegisterSpec.equals(ILcom/android/dx/rop/type/TypeBearer;Lcom/android/dx/rop/code/LocalItem;)Z @ 16
Event: 1.130 Thread 0x0000000007491800 Uncommon trap: reason=unstable_if action=reinterpret pc=0x000000000f2028b0 method=java.util.BitSet.nextSetBit(I)I @ 87

Internal exceptions (2 events):
Event: 0.234 Thread 0x0000000002511000 Exception <a 'java/lang/NoSuchMethodError': Method sun.misc.Unsafe.defineClass(Ljava/lang/String;[BII)Ljava/lang/Class; name or signature does not match> (0x00000000eab07c78) thrown at [C:\re\workspace\8-2-build-windows-amd64-cygwin\jdk8u102\7268\hotspot\sº9GUþÍ?
Event: 0.234 Thread 0x0000000002511000 Exception <a 'java/lang/NoSuchMethodError': Method sun.misc.Unsafe.prefetchRead(Ljava/lang/Object;J)V name or signature does not match> (0x00000000eab07f60) thrown at [C:\re\workspace\8-2-build-windows-amd64-cygwin\jdk8u102\7268\hotspot\src\share\vm\prims\

Events (10 events):
Event: 2.352 loading class java/util/TreeMap$KeyIterator
Event: 2.352 loading class java/util/TreeMap$KeyIterator done
Event: 2.353 loading class java/util/TreeMap$EntrySet
Event: 2.353 loading class java/util/TreeMap$EntrySet done
Event: 2.353 loading class java/util/TreeMap$EntryIterator
Event: 2.360 loading class java/util/TreeMap$EntryIterator done
Event: 2.361 loading class com/android/dx/rop/cst/Zeroes
Event: 2.361 loading class com/android/dx/rop/cst/Zeroes done
Event: 2.693 loading class com/android/dx/dex/file/ProtoIdItem
Event: 2.693 loading class com/android/dx/dex/file/ProtoIdItem done


Dynamic libraries:
0x00007ff7070b0000 - 0x00007ff7070e7000 	C:\Program Files\Java\jdk1.8.0_102\bin\java.exe
0x00007ffac7330000 - 0x00007ffac74d9000 	C:\Windows\SYSTEM32\ntdll.dll
0x00007ffac5690000 - 0x00007ffac57c9000 	C:\Windows\system32\KERNEL32.DLL
0x00007ffac4740000 - 0x00007ffac484e000 	C:\Windows\system32\KERNELBASE.dll
0x00007ffac2810000 - 0x00007ffac289b000 	C:\Windows\system32\apphelp.dll
0x00007ffabbfb0000 - 0x00007ffabbfff000 	C:\Windows\AppPatch\AppPatch64\AcGenral.DLL
0x00007ffac4a50000 - 0x00007ffac4af7000 	C:\Windows\system32\msvcrt.dll
0x00007ffac4020000 - 0x00007ffac404b000 	C:\Windows\SYSTEM32\SspiCli.dll
0x00007ffac4bd0000 - 0x00007ffac4c21000 	C:\Windows\system32\SHLWAPI.dll
0x00007ffac5460000 - 0x00007ffac55d1000 	C:\Windows\system32\USER32.dll
0x00007ffac4f20000 - 0x00007ffac5096000 	C:\Windows\system32\ole32.dll
0x00007ffac5830000 - 0x00007ffac6c3d000 	C:\Windows\system32\SHELL32.dll
0x00007ffac3520000 - 0x00007ffac353f000 	C:\Windows\SYSTEM32\USERENV.dll
0x00007ffac4b20000 - 0x00007ffac4bc5000 	C:\Windows\system32\ADVAPI32.dll
0x00007ffaba500000 - 0x00007ffaba51b000 	C:\Windows\SYSTEM32\MPR.dll
0x00007ffac7190000 - 0x00007ffac72c6000 	C:\Windows\system32\RPCRT4.dll
0x00007ffac72d0000 - 0x00007ffac7327000 	C:\Windows\SYSTEM32\sechost.dll
0x00007ffac4d30000 - 0x00007ffac4f07000 	C:\Windows\SYSTEM32\combase.dll
0x00007ffac6e40000 - 0x00007ffac6f85000 	C:\Windows\system32\GDI32.dll
0x00007ffac42e0000 - 0x00007ffac42f4000 	C:\Windows\SYSTEM32\profapi.dll
0x00007ffac3400000 - 0x00007ffac34a1000 	C:\Windows\SYSTEM32\SHCORE.dll
0x00007ffac5140000 - 0x00007ffac5174000 	C:\Windows\system32\IMM32.DLL
0x00007ffac6f90000 - 0x00007ffac70c8000 	C:\Windows\system32\MSCTF.dll
0x00007ffac4290000 - 0x00007ffac42c1000 	C:\Windows\system32\nvinitx.dll
0x000000000f000000 - 0x000000000f006000 	C:\Program Files\NVIDIA Corporation\CoProcManager\_etoured.dll
0x00007ffac1e00000 - 0x00007ffac1e32000 	C:\Program Files\NVIDIA Corporation\CoProcManager\nvd3d9wrapx.dll
0x00007ffac6c40000 - 0x00007ffac6e16000 	C:\Windows\system32\SETUPAPI.dll
0x00007ffac4410000 - 0x00007ffac445a000 	C:\Windows\system32\CFGMGR32.dll
0x00007ffac1dd0000 - 0x00007ffac1df2000 	C:\Program Files\NVIDIA Corporation\CoProcManager\nvdxgiwrapx.dll
0x00007ffac3c50000 - 0x00007ffac3eaa000 	C:\Windows\WinSxS\amd64_microsoft.windows.common-controls_6595b64144ccf1df_6.0.9600.16384_none_62475f7becb72503\COMCTL32.dll
0x00000000771e0000 - 0x00000000772b1000 	C:\Program Files\Java\jdk1.8.0_102\jre\bin\msvcr100.dll
0x0000000076940000 - 0x00000000771da000 	C:\Program Files\Java\jdk1.8.0_102\jre\bin\server\jvm.dll
0x00007ffabf5c0000 - 0x00007ffabf5c9000 	C:\Windows\SYSTEM32\WSOCK32.dll
0x00007ffac48a0000 - 0x00007ffac48bf000 	C:\Windows\system32\WINMM.dll
0x00007ffac37c0000 - 0x00007ffac37ca000 	C:\Windows\SYSTEM32\VERSION.dll
0x00007ffac4a40000 - 0x00007ffac4a47000 	C:\Windows\system32\PSAPI.DLL
0x00007ffac4930000 - 0x00007ffac4988000 	C:\Windows\system32\WS2_32.dll
0x00007ffac43c0000 - 0x00007ffac43ea000 	C:\Windows\system32\WINMMBASE.dll
0x00007ffac4f10000 - 0x00007ffac4f19000 	C:\Windows\system32\NSI.dll
0x00007ffac4390000 - 0x00007ffac43b6000 	C:\Windows\system32\DEVOBJ.dll
0x0000000050250000 - 0x000000005025f000 	C:\Program Files\Java\jdk1.8.0_102\jre\bin\verify.dll
0x0000000050030000 - 0x0000000050059000 	C:\Program Files\Java\jdk1.8.0_102\jre\bin\java.dll
0x0000000050010000 - 0x0000000050026000 	C:\Program Files\Java\jdk1.8.0_102\jre\bin\zip.dll

VM Arguments:
jvm_args: -Djava.awt.headless=true -Xmx1024M -Dfile.encoding=GBK -Duser.country=CN -Duser.language=zh -Duser.variant 
java_command: com.android.dx.command.Main --dex --force-jumbo --num-threads=4 --multi-dex --output E:\Program Files\feiq\Recv Files\anchong\app\build\intermediates\transforms\dex\debug\folders\1000\5\slice_8 E:\Program Files\feiq\Recv Files\anchong\app\build\intermediates\transforms\instantRunSlicer\debug\folders\1\5\slice_8
java_class_path (initial): C:\Users\Administrator\AppData\Local\Android\Sdk\build-tools\23.0.2\lib\dx.jar
Launcher Type: SUN_STANDARD

Environment Variables:
JAVA_HOME=C:\Program Files\Java\jdk1.8.0_102
PATH=C:\ProgramData\Oracle\Java\javapath;C:\Program Files\Java\jdk1.7.0_79\bin;C:\Windows\system32;C:\Windows;C:\Windows\system32\wbem;E:\Git\cmd;F:\android-ndk-r13;
USERNAME=Administrator
OS=Windows_NT
PROCESSOR_IDENTIFIER=Intel64 Family 6 Model 42 Stepping 7, GenuineIntel



---------------  S Y S T E M  ---------------

OS: Windows 8.1 , 64 bit Build 9600 (6.3.9600.16656)

CPU:total 4 (2 cores per cpu, 2 threads per core) family 6 model 42 stepping 7, cmov, cx8, fxsr, mmx, sse, sse2, sse3, ssse3, sse4.1, sse4.2, popcnt, avx, aes, clmul, ht, tsc, tscinvbit

Memory: 4k page, physical 4036004k(439708k free), swap 8099236k(5016k free)

vm_info: Java HotSpot(TM) 64-Bit Server VM (25.102-b14) for windows-amd64 JRE (1.8.0_102-b14), built on Jun 22 2016 13:15:21 by "java_re" with MS VC++ 10.0 (VS2010)

time: Thu Dec 08 21:52:10 2016
elapsed time: 2 seconds (0d 0h 0m 2s)

