#
# There is insufficient memory for the Java Runtime Environment to continue.
# Native memory allocation (malloc) failed to allocate 420336 bytes for Chunk::new
# Possible reasons:
#   The system is out of physical RAM or swap space
#   In 32 bit mode, the process size limit was hit
# Possible solutions:
#   Reduce memory load on the system
#   Increase physical memory or swap space
#   Check if swap backing store is full
#   Use 64 bit Java on a 64 bit OS
#   Decrease Java heap size (-Xmx/-Xms)
#   Decrease number of Java threads
#   Decrease Java thread stack sizes (-Xss)
#   Set larger code cache with -XX:ReservedCodeCacheSize=
# This output file may be truncated or incomplete.
#
#  Out of Memory Error (allocation.cpp:390), pid=5480, tid=0x000000000000187c
#
# JRE version: Java(TM) SE Runtime Environment (8.0_102-b14) (build 1.8.0_102-b14)
# Java VM: Java HotSpot(TM) 64-Bit Server VM (25.102-b14 mixed mode windows-amd64 compressed oops)
# Failed to write core dump. Minidumps are not enabled by default on client versions of Windows
#

---------------  T H R E A D  ---------------

Current thread (0x0000000005e6e800):  JavaThread "C2 CompilerThread1" daemon [_thread_in_native, id=6268, stack(0x0000000007860000,0x0000000007960000)]

Stack: [0x0000000007860000,0x0000000007960000]
[error occurred during error reporting (printing stack bounds), id 0xc0000005]

Native frames: (J=compiled Java code, j=interpreted, Vv=VM code, C=native code)


Current CompileTask:
C2:   8376 1148   !   4       com.android.dx.cf.code.BytecodeArray::parseInstruction (2764 bytes)


---------------  P R O C E S S  ---------------

Java Threads: ( => current thread )
  0x00000000076d6800 JavaThread "pool-2-thread-4" [_thread_blocked, id=8336, stack(0x0000000008060000,0x0000000008160000)]
  0x00000000076d5800 JavaThread "pool-2-thread-3" [_thread_blocked, id=6796, stack(0x0000000007f60000,0x0000000008060000)]
  0x0000000007641000 JavaThread "pool-2-thread-2" [_thread_in_Java, id=11416, stack(0x0000000007e60000,0x0000000007f60000)]
  0x000000000763e000 JavaThread "pool-3-thread-1" [_thread_blocked, id=3364, stack(0x0000000007d60000,0x0000000007e60000)]
  0x000000000763d800 JavaThread "pool-2-thread-1" [_thread_in_Java, id=10284, stack(0x0000000007c60000,0x0000000007d60000)]
  0x00000000074c8000 JavaThread "Service Thread" daemon [_thread_blocked, id=7392, stack(0x0000000007a60000,0x0000000007b60000)]
  0x00000000074bb000 JavaThread "C1 CompilerThread2" daemon [_thread_blocked, id=6216, stack(0x0000000007960000,0x0000000007a60000)]
=>0x0000000005e6e800 JavaThread "C2 CompilerThread1" daemon [_thread_in_native, id=6268, stack(0x0000000007860000,0x0000000007960000)]
  0x0000000005e6b000 JavaThread "C2 CompilerThread0" daemon [_thread_in_native, id=11892, stack(0x0000000007360000,0x0000000007460000)]
  0x0000000005e1d000 JavaThread "Attach Listener" daemon [_thread_blocked, id=9844, stack(0x0000000007260000,0x0000000007360000)]
  0x0000000005e1c000 JavaThread "Signal Dispatcher" daemon [_thread_blocked, id=11240, stack(0x0000000007160000,0x0000000007260000)]
  0x000000000273a800 JavaThread "Finalizer" daemon [_thread_blocked, id=10716, stack(0x0000000007060000,0x0000000007160000)]
  0x0000000005dd9000 JavaThread "Reference Handler" daemon [_thread_blocked, id=3976, stack(0x0000000006f60000,0x0000000007060000)]
  0x0000000002641000 JavaThread "main" [_thread_in_native, id=4436, stack(0x0000000002540000,0x0000000002640000)]

Other Threads:
  0x0000000005dd7000 VMThread [stack: 0x0000000006e60000,0x0000000006f60000] [id=10680]
  0x0000000007522000 WatcherThread [stack: 0x0000000007b60000,0x0000000007c60000] [id=2188]

VM state:not at safepoint (normal execution)

VM Mutex/Monitor currently owned by a thread: None

Heap:
 PSYoungGen      total 18432K, used 3052K [0x00000000eab00000, 0x00000000ebf80000, 0x0000000100000000)
  eden space 15872K, 3% used [0x00000000eab00000,0x00000000eab80f70,0x00000000eba80000)
  from space 2560K, 99% used [0x00000000ebd00000,0x00000000ebf7a0f8,0x00000000ebf80000)
  to   space 2560K, 0% used [0x00000000eba80000,0x00000000eba80000,0x00000000ebd00000)
 ParOldGen       total 42496K, used 8773K [0x00000000c0000000, 0x00000000c2980000, 0x00000000eab00000)
  object space 42496K, 20% used [0x00000000c0000000,0x00000000c08917a0,0x00000000c2980000)
 Metaspace       used 6149K, capacity 7030K, committed 7296K, reserved 1056768K
  class space    used 602K, capacity 622K, committed 640K, reserved 1048576K

Card table byte_map: [0x0000000002b00000,0x0000000002d10000] byte_map_base: 0x0000000002500000

Marking Bits: (ParMarkBitMap*) 0x000000007715a6c0
 Begin Bits: [0x0000000003270000, 0x0000000004270000)
 End Bits:   [0x0000000004270000, 0x0000000005270000)

Polling page: 0x00000000020e0000

CodeCache: size=245760Kb used=5755Kb max_used=5755Kb free=240004Kb
 bounds [0x000000000f010000, 0x000000000f5c0000, 0x000000001e010000]
 total_blobs=1747 nmethods=1476 adapters=184
 compilation: enabled

Compilation events (10 events):
Event: 7.614 Thread 0x00000000074bb000 nmethod 1239 0x000000000f4e8ad0 code [0x000000000f4e8c40, 0x000000000f4e9110]
Event: 7.614 Thread 0x00000000074bb000 1227       3       com.android.dx.rop.cst.CstFieldRef::getType (8 bytes)
Event: 7.615 Thread 0x00000000074bb000 nmethod 1227 0x000000000f4e9250 code [0x000000000f4e93c0, 0x000000000f4e9768]
Event: 7.615 Thread 0x00000000074bb000 1242       3       com.android.dx.cf.attrib.BaseLocalVariables::byteLength (14 bytes)
Event: 7.615 Thread 0x00000000074bb000 nmethod 1242 0x000000000f4e9890 code [0x000000000f4e9a00, 0x000000000f4e9c50]
Event: 7.615 Thread 0x00000000074bb000 1228       3       com.android.dx.rop.cst.CstNat::getFieldType (11 bytes)
Event: 7.615 Thread 0x00000000074bb000 nmethod 1228 0x000000000f4e9d50 code [0x000000000f4e9ec0, 0x000000000f4ea0e8]
Event: 7.615 Thread 0x00000000074bb000 1226       3       com.android.dx.rop.cst.TypedConstant::getBasicFrameType (8 bytes)
Event: 7.615 Thread 0x00000000074bb000 nmethod 1226 0x000000000f4ea190 code [0x000000000f4ea300, 0x000000000f4ea5d8]
Event: 7.615 Thread 0x00000000074bb000 1243       3       com.android.dx.dex.file.OffsettedItem::<init> (44 bytes)

GC Heap History (4 events):
Event: 6.621 GC heap before
{Heap before GC invocations=1 (full 0):
 PSYoungGen      total 18432K, used 15872K [0x00000000eab00000, 0x00000000ebf80000, 0x0000000100000000)
  eden space 15872K, 100% used [0x00000000eab00000,0x00000000eba80000,0x00000000eba80000)
  from space 2560K, 0% used [0x00000000ebd00000,0x00000000ebd00000,0x00000000ebf80000)
  to   space 2560K, 0% used [0x00000000eba80000,0x00000000eba80000,0x00000000ebd00000)
 ParOldGen       total 42496K, used 0K [0x00000000c0000000, 0x00000000c2980000, 0x00000000eab00000)
  object space 42496K, 0% used [0x00000000c0000000,0x00000000c0000000,0x00000000c2980000)
 Metaspace       used 5809K, capacity 6708K, committed 6784K, reserved 1056768K
  class space    used 599K, capacity 620K, committed 640K, reserved 1048576K
Event: 6.638 GC heap after
Heap after GC invocations=1 (full 0):
 PSYoungGen      total 18432K, used 2559K [0x00000000eab00000, 0x00000000ebf80000, 0x0000000100000000)
  eden space 15872K, 0% used [0x00000000eab00000,0x00000000eab00000,0x00000000eba80000)
  from space 2560K, 99% used [0x00000000eba80000,0x00000000ebcffc98,0x00000000ebd00000)
  to   space 2560K, 0% used [0x00000000ebd00000,0x00000000ebd00000,0x00000000ebf80000)
 ParOldGen       total 42496K, used 1986K [0x00000000c0000000, 0x00000000c2980000, 0x00000000eab00000)
  object space 42496K, 4% used [0x00000000c0000000,0x00000000c01f09b0,0x00000000c2980000)
 Metaspace       used 5809K, capacity 6708K, committed 6784K, reserved 1056768K
  class space    used 599K, capacity 620K, committed 640K, reserved 1048576K
}
Event: 7.510 GC heap before
{Heap before GC invocations=2 (full 0):
 PSYoungGen      total 18432K, used 18431K [0x00000000eab00000, 0x00000000ebf80000, 0x0000000100000000)
  eden space 15872K, 100% used [0x00000000eab00000,0x00000000eba80000,0x00000000eba80000)
  from space 2560K, 99% used [0x00000000eba80000,0x00000000ebcffc98,0x00000000ebd00000)
  to   space 2560K, 0% used [0x00000000ebd00000,0x00000000ebd00000,0x00000000ebf80000)
 ParOldGen       total 42496K, used 1986K [0x00000000c0000000, 0x00000000c2980000, 0x00000000eab00000)
  object space 42496K, 4% used [0x00000000c0000000,0x00000000c01f09b0,0x00000000c2980000)
 Metaspace       used 6039K, capacity 6900K, committed 7040K, reserved 1056768K
  class space    used 600K, capacity 620K, committed 640K, reserved 1048576K
Event: 7.605 GC heap after
Heap after GC invocations=2 (full 0):
 PSYoungGen      total 18432K, used 2530K [0x00000000eab00000, 0x00000000ebf80000, 0x0000000100000000)
  eden space 15872K, 0% used [0x00000000eab00000,0x00000000eab00000,0x00000000eba80000)
  from space 2560K, 98% used [0x00000000ebd00000,0x00000000ebf78ac8,0x00000000ebf80000)
  to   space 2560K, 0% used [0x00000000eba80000,0x00000000eba80000,0x00000000ebd00000)
 ParOldGen       total 42496K, used 3827K [0x00000000c0000000, 0x00000000c2980000, 0x00000000eab00000)
  object space 42496K, 9% used [0x00000000c0000000,0x00000000c03bcd78,0x00000000c2980000)
 Metaspace       used 6039K, capacity 6900K, committed 7040K, reserved 1056768K
  class space    used 600K, capacity 620K, committed 640K, reserved 1048576K
}

Deoptimization events (8 events):
Event: 6.599 Thread 0x00000000076d6800 Uncommon trap: reason=null_check action=make_not_entrant pc=0x000000000f36e260 method=com.android.dx.ssa.SsaRenamer.getLocalForNewReg(I)Lcom/android/dx/rop/code/LocalItem; @ 19
Event: 6.642 Thread 0x00000000076d5800 Uncommon trap: reason=class_check action=maybe_recompile pc=0x000000000f2798b0 method=com.android.dx.ssa.NormalSsaInsn.accept(Lcom/android/dx/ssa/SsaInsn$Visitor;)V @ 9
Event: 6.656 Thread 0x00000000076d5800 Uncommon trap: reason=class_check action=maybe_recompile pc=0x000000000f2798b0 method=com.android.dx.ssa.NormalSsaInsn.accept(Lcom/android/dx/ssa/SsaInsn$Visitor;)V @ 9
Event: 6.671 Thread 0x0000000002641000 Uncommon trap: reason=class_check action=maybe_recompile pc=0x000000000f399b90 method=com.android.dx.ssa.NormalSsaInsn.accept(Lcom/android/dx/ssa/SsaInsn$Visitor;)V @ 9
Event: 6.671 Thread 0x0000000002641000 Uncommon trap: reason=class_check action=maybe_recompile pc=0x000000000f399b90 method=com.android.dx.ssa.NormalSsaInsn.accept(Lcom/android/dx/ssa/SsaInsn$Visitor;)V @ 9
Event: 6.680 Thread 0x00000000076d5800 Uncommon trap: reason=unstable_if action=reinterpret pc=0x000000000f34b72c method=com.android.dx.rop.code.RegisterSpecSet.put(Lcom/android/dx/rop/code/RegisterSpec;)V @ 77
Event: 6.680 Thread 0x00000000076d5800 Uncommon trap: reason=unstable_if action=reinterpret pc=0x000000000f38391c method=com.android.dx.rop.code.RegisterSpecSet.put(Lcom/android/dx/rop/code/RegisterSpec;)V @ 77
Event: 6.691 Thread 0x0000000002641000 Uncommon trap: reason=class_check action=maybe_recompile pc=0x000000000f2798b0 method=com.android.dx.ssa.NormalSsaInsn.accept(Lcom/android/dx/ssa/SsaInsn$Visitor;)V @ 9

Internal exceptions (3 events):
Event: 0.402 Thread 0x0000000002641000 Exception <a 'java/lang/NoSuchMethodError': Method sun.misc.Unsafe.defineClass(Ljava/lang/String;[BII)Ljava/lang/Class; name or signature does not match> (0x00000000eab07c78) thrown at [C:\re\workspace\8-2-build-windows-amd64-cygwin\jdk8u102\7268\hotspot\sµ÷ÿà¾Ù?
Event: 0.402 Thread 0x0000000002641000 Exception <a 'java/lang/NoSuchMethodError': Method sun.misc.Unsafe.prefetchRead(Ljava/lang/Object;J)V name or signature does not match> (0x00000000eab07f60) thrown at [C:\re\workspace\8-2-build-windows-amd64-cygwin\jdk8u102\7268\hotspot\src\share\vm\prims\A;²tªe@
Event: 6.599 Thread 0x00000000076d6800 Implicit null exception at 0x000000000f36c1f1 to 0x000000000f36e21d

Events (10 events):
Event: 6.680 Thread 0x00000000076d5800 DEOPT UNPACKING pc=0x000000000f05582a sp=0x000000000805ec20 mode 2
Event: 6.691 Thread 0x0000000002641000 Uncommon trap: trap_request=0xffffffde fr.pc=0x000000000f2798b0
Event: 6.691 Thread 0x0000000002641000 DEOPT PACKING pc=0x000000000f2798b0 sp=0x000000000263e290
Event: 6.691 Thread 0x0000000002641000 DEOPT UNPACKING pc=0x000000000f05582a sp=0x000000000263e230 mode 2
Event: 7.065 Executing VM operation: ForceSafepoint
Event: 7.427 Executing VM operation: ForceSafepoint done
Event: 7.468 Thread 0x000000000763d800 DEOPT PACKING pc=0x000000000f28e6e5 sp=0x0000000007d5e830
Event: 7.468 Thread 0x000000000763d800 DEOPT UNPACKING pc=0x000000000f05787f sp=0x0000000007d5e620 mode 0
Event: 7.509 Executing VM operation: ParallelGCFailedAllocation
Event: 7.605 Executing VM operation: ParallelGCFailedAllocation done


Dynamic libraries:
0x00007ff7070b0000 - 0x00007ff7070e7000 	C:\Program Files\Java\jdk1.8.0_102\bin\java.exe
0x00007ffac7330000 - 0x00007ffac74d9000 	C:\Windows\SYSTEM32\ntdll.dll
0x00007ffac5690000 - 0x00007ffac57c9000 	C:\Windows\system32\KERNEL32.DLL
0x00007ffac4740000 - 0x00007ffac484e000 	C:\Windows\system32\KERNELBASE.dll
0x00007ffac2810000 - 0x00007ffac289b000 	C:\Windows\system32\apphelp.dll
0x00007ffabbfb0000 - 0x00007ffabbfff000 	C:\Windows\AppPatch\AppPatch64\AcGenral.DLL
0x00007ffac4a50000 - 0x00007ffac4af7000 	C:\Windows\system32\msvcrt.dll
0x00007ffac4020000 - 0x00007ffac404b000 	C:\Windows\SYSTEM32\SspiCli.dll
0x00007ffac4bd0000 - 0x00007ffac4c21000 	C:\Windows\system32\SHLWAPI.dll
0x00007ffac5460000 - 0x00007ffac55d1000 	C:\Windows\system32\USER32.dll
0x00007ffac4f20000 - 0x00007ffac5096000 	C:\Windows\system32\ole32.dll
0x00007ffac5830000 - 0x00007ffac6c3d000 	C:\Windows\system32\SHELL32.dll
0x00007ffac3520000 - 0x00007ffac353f000 	C:\Windows\SYSTEM32\USERENV.dll
0x00007ffac4b20000 - 0x00007ffac4bc5000 	C:\Windows\system32\ADVAPI32.dll
0x00007ffaba500000 - 0x00007ffaba51b000 	C:\Windows\SYSTEM32\MPR.dll
0x00007ffac7190000 - 0x00007ffac72c6000 	C:\Windows\system32\RPCRT4.dll
0x00007ffac72d0000 - 0x00007ffac7327000 	C:\Windows\SYSTEM32\sechost.dll
0x00007ffac4d30000 - 0x00007ffac4f07000 	C:\Windows\SYSTEM32\combase.dll
0x00007ffac6e40000 - 0x00007ffac6f85000 	C:\Windows\system32\GDI32.dll
0x00007ffac42e0000 - 0x00007ffac42f4000 	C:\Windows\SYSTEM32\profapi.dll
0x00007ffac3400000 - 0x00007ffac34a1000 	C:\Windows\SYSTEM32\SHCORE.dll
0x00007ffac5140000 - 0x00007ffac5174000 	C:\Windows\system32\IMM32.DLL
0x00007ffac6f90000 - 0x00007ffac70c8000 	C:\Windows\system32\MSCTF.dll
0x00007ffac4290000 - 0x00007ffac42c1000 	C:\Windows\system32\nvinitx.dll
0x000000000f000000 - 0x000000000f006000 	C:\Program Files\NVIDIA Corporation\CoProcManager\_etoured.dll
0x00007ffac1e00000 - 0x00007ffac1e32000 	C:\Program Files\NVIDIA Corporation\CoProcManager\nvd3d9wrapx.dll
0x00007ffac6c40000 - 0x00007ffac6e16000 	C:\Windows\system32\SETUPAPI.dll
0x00007ffac4410000 - 0x00007ffac445a000 	C:\Windows\system32\CFGMGR32.dll
0x00007ffac1dd0000 - 0x00007ffac1df2000 	C:\Program Files\NVIDIA Corporation\CoProcManager\nvdxgiwrapx.dll
0x00007ffac3c50000 - 0x00007ffac3eaa000 	C:\Windows\WinSxS\amd64_microsoft.windows.common-controls_6595b64144ccf1df_6.0.9600.16384_none_62475f7becb72503\COMCTL32.dll
0x00000000771e0000 - 0x00000000772b1000 	C:\Program Files\Java\jdk1.8.0_102\jre\bin\msvcr100.dll
0x0000000076940000 - 0x00000000771da000 	C:\Program Files\Java\jdk1.8.0_102\jre\bin\server\jvm.dll
0x00007ffabf5c0000 - 0x00007ffabf5c9000 	C:\Windows\SYSTEM32\WSOCK32.dll
0x00007ffac48a0000 - 0x00007ffac48bf000 	C:\Windows\system32\WINMM.dll
0x00007ffac37c0000 - 0x00007ffac37ca000 	C:\Windows\SYSTEM32\VERSION.dll
0x00007ffac4a40000 - 0x00007ffac4a47000 	C:\Windows\system32\PSAPI.DLL
0x00007ffac4930000 - 0x00007ffac4988000 	C:\Windows\system32\WS2_32.dll
0x00007ffac43c0000 - 0x00007ffac43ea000 	C:\Windows\system32\WINMMBASE.dll
0x00007ffac4f10000 - 0x00007ffac4f19000 	C:\Windows\system32\NSI.dll
0x00007ffac4390000 - 0x00007ffac43b6000 	C:\Windows\system32\DEVOBJ.dll
0x0000000050250000 - 0x000000005025f000 	C:\Program Files\Java\jdk1.8.0_102\jre\bin\verify.dll
0x0000000050030000 - 0x0000000050059000 	C:\Program Files\Java\jdk1.8.0_102\jre\bin\java.dll
0x0000000050010000 - 0x0000000050026000 	C:\Program Files\Java\jdk1.8.0_102\jre\bin\zip.dll

VM Arguments:
jvm_args: -Djava.awt.headless=true -Xmx1024M -Dfile.encoding=GBK -Duser.country=CN -Duser.language=zh -Duser.variant 
java_command: com.android.dx.command.Main --dex --force-jumbo --num-threads=4 --multi-dex --output E:\Program Files\feiq\Recv Files\anchong\app\build\intermediates\transforms\dex\debug\folders\1000\10\library-2.4.0_dd460f45d27a359687729c3c169358b1eda3100b C:\Users\Administrator\.gradle\caches\modules-2\files-2.1\com.nineoldandroids\library\2.4.0\e9b63380f3a242dbdbf103a2355ad7e43bad17cb\library-2.4.0.jar
java_class_path (initial): C:\Users\Administrator\AppData\Local\Android\Sdk\build-tools\23.0.2\lib\dx.jar
Launcher Type: SUN_STANDARD

Environment Variables:
JAVA_HOME=C:\Program Files\Java\jdk1.8.0_102
PATH=C:\ProgramData\Oracle\Java\javapath;C:\Program Files\Java\jdk1.7.0_79\bin;C:\Windows\system32;C:\Windows;C:\Windows\system32\wbem;E:\Git\cmd;F:\android-ndk-r13;
USERNAME=Administrator
OS=Windows_NT
PROCESSOR_IDENTIFIER=Intel64 Family 6 Model 42 Stepping 7, GenuineIntel



---------------  S Y S T E M  ---------------

OS: Windows 8.1 , 64 bit Build 9600 (6.3.9600.16656)

CPU:total 4 (2 cores per cpu, 2 threads per core) family 6 model 42 stepping 7, cmov, cx8, fxsr, mmx, sse, sse2, sse3, ssse3, sse4.1, sse4.2, popcnt, avx, aes, clmul, ht, tsc, tscinvbit

Memory: 4k page, physical 4036004k(53008k free), swap 8099236k(8224k free)

vm_info: Java HotSpot(TM) 64-Bit Server VM (25.102-b14) for windows-amd64 JRE (1.8.0_102-b14), built on Jun 22 2016 13:15:21 by "java_re" with MS VC++ 10.0 (VS2010)

time: Thu Dec 08 21:50:06 2016
elapsed time: 9 seconds (0d 0h 0m 9s)

