#
# There is insufficient memory for the Java Runtime Environment to continue.
# Native memory allocation (malloc) failed to allocate 324032 bytes for Chunk::new
# Possible reasons:
#   The system is out of physical RAM or swap space
#   In 32 bit mode, the process size limit was hit
# Possible solutions:
#   Reduce memory load on the system
#   Increase physical memory or swap space
#   Check if swap backing store is full
#   Use 64 bit Java on a 64 bit OS
#   Decrease Java heap size (-Xmx/-Xms)
#   Decrease number of Java threads
#   Decrease Java thread stack sizes (-Xss)
#   Set larger code cache with -XX:ReservedCodeCacheSize=
# This output file may be truncated or incomplete.
#
#  Out of Memory Error (allocation.cpp:390), pid=7668, tid=0x0000000000002e64
#
# JRE version: Java(TM) SE Runtime Environment (8.0_102-b14) (build 1.8.0_102-b14)
# Java VM: Java HotSpot(TM) 64-Bit Server VM (25.102-b14 mixed mode windows-amd64 compressed oops)
# Failed to write core dump. Minidumps are not enabled by default on client versions of Windows
#

---------------  T H R E A D  ---------------

Current thread (0x0000000007efe800):  JavaThread "C2 CompilerThread1" daemon [_thread_in_native, id=11876, stack(0x00000000082b0000,0x00000000083b0000)]

Stack: [0x00000000082b0000,0x00000000083b0000]
[error occurred during error reporting (printing stack bounds), id 0xc0000005]

Native frames: (J=compiled Java code, j=interpreted, Vv=VM code, C=native code)


Current CompileTask:
C2:   9565 1183   !   4       com.android.dx.cf.code.BytecodeArray::parseInstruction (2764 bytes)


---------------  P R O C E S S  ---------------

Java Threads: ( => current thread )
  0x0000000008144800 JavaThread "pool-2-thread-4" [_thread_in_Java, id=11712, stack(0x0000000008ab0000,0x0000000008bb0000)]
  0x0000000008143000 JavaThread "pool-2-thread-3" [_thread_in_vm, id=10272, stack(0x00000000089b0000,0x0000000008ab0000)]
  0x0000000008142000 JavaThread "pool-2-thread-2" [_thread_blocked, id=10768, stack(0x00000000088b0000,0x00000000089b0000)]
  0x000000000813e800 JavaThread "pool-3-thread-1" [_thread_blocked, id=6888, stack(0x00000000087b0000,0x00000000088b0000)]
  0x000000000812c000 JavaThread "pool-2-thread-1" [_thread_in_vm, id=5548, stack(0x00000000086b0000,0x00000000087b0000)]
  0x0000000007f19000 JavaThread "Service Thread" daemon [_thread_blocked, id=3728, stack(0x00000000084b0000,0x00000000085b0000)]
  0x0000000007f14800 JavaThread "C1 CompilerThread2" daemon [_thread_blocked, id=10752, stack(0x00000000083b0000,0x00000000084b0000)]
=>0x0000000007efe800 JavaThread "C2 CompilerThread1" daemon [_thread_in_native, id=11876, stack(0x00000000082b0000,0x00000000083b0000)]
  0x00000000068ab000 JavaThread "C2 CompilerThread0" daemon [_thread_in_native, id=10676, stack(0x0000000007db0000,0x0000000007eb0000)]
  0x000000000685d000 JavaThread "Attach Listener" daemon [_thread_blocked, id=5340, stack(0x0000000007cb0000,0x0000000007db0000)]
  0x000000000685c000 JavaThread "Signal Dispatcher" daemon [_thread_blocked, id=11044, stack(0x0000000007bb0000,0x0000000007cb0000)]
  0x000000000317a800 JavaThread "Finalizer" daemon [_thread_blocked, id=5100, stack(0x0000000007ab0000,0x0000000007bb0000)]
  0x0000000003170000 JavaThread "Reference Handler" daemon [_thread_blocked, id=11636, stack(0x00000000079b0000,0x0000000007ab0000)]
  0x0000000003081000 JavaThread "main" [_thread_in_Java, id=11376, stack(0x0000000002f80000,0x0000000003080000)]

Other Threads:
  0x0000000006817000 VMThread [stack: 0x00000000078b0000,0x00000000079b0000] [id=11208]
  0x0000000007f5a800 WatcherThread [stack: 0x00000000085b0000,0x00000000086b0000] [id=10368]

VM state:not at safepoint (normal execution)

VM Mutex/Monitor currently owned by a thread: None

Heap:
 PSYoungGen      total 18432K, used 10151K [0x00000000eab00000, 0x00000000ebf80000, 0x0000000100000000)
  eden space 15872K, 48% used [0x00000000eab00000,0x00000000eb2713a0,0x00000000eba80000)
  from space 2560K, 98% used [0x00000000ebd00000,0x00000000ebf78b18,0x00000000ebf80000)
  to   space 2560K, 0% used [0x00000000eba80000,0x00000000eba80000,0x00000000ebd00000)
 ParOldGen       total 42496K, used 2710K [0x00000000c0000000, 0x00000000c2980000, 0x00000000eab00000)
  object space 42496K, 6% used [0x00000000c0000000,0x00000000c02a5990,0x00000000c2980000)
 Metaspace       used 6102K, capacity 6966K, committed 7040K, reserved 1056768K
  class space    used 606K, capacity 622K, committed 640K, reserved 1048576K

Card table byte_map: [0x0000000003540000,0x0000000003750000] byte_map_base: 0x0000000002f40000

Marking Bits: (ParMarkBitMap*) 0x000000007715a6c0
 Begin Bits: [0x0000000003cb0000, 0x0000000004cb0000)
 End Bits:   [0x0000000004cb0000, 0x0000000005cb0000)

Polling page: 0x0000000001150000

CodeCache: size=245760Kb used=5003Kb max_used=5003Kb free=240756Kb
 bounds [0x000000000f010000, 0x000000000f500000, 0x000000001e010000]
 total_blobs=1509 nmethods=1238 adapters=184
 compilation: enabled

Compilation events (10 events):
Event: 9.534 Thread 0x0000000007f14800 1240       3       com.android.dx.rop.code.RegisterSpec::access$500 (8 bytes)
Event: 9.534 Thread 0x0000000007f14800 nmethod 1240 0x000000000f4d2450 code [0x000000000f4d25c0, 0x000000000f4d2728]
Event: 9.536 Thread 0x0000000007f14800 1241       3       com.android.dx.cf.code.Simulator$SimVisitor::visitNoArgs (2108 bytes)
Event: 9.549 Thread 0x0000000007f14800 nmethod 1241 0x000000000f4dfb90 code [0x000000000f4e0a80, 0x000000000f4ec6a8]
Event: 9.553 Thread 0x0000000007f14800 1242       3       com.android.dx.ssa.SsaConverter::edgeSplitMoveExceptionsAndResults (157 bytes)
Event: 9.555 Thread 0x0000000007f14800 nmethod 1242 0x000000000f4f2ad0 code [0x000000000f4f2e80, 0x000000000f4f4ce8]
Event: 9.557 Thread 0x0000000007f14800 1243       3       com.android.dx.rop.cst.CstKnownNull::getType (4 bytes)
Event: 9.557 Thread 0x0000000007f14800 nmethod 1243 0x000000000f4f6210 code [0x000000000f4f6360, 0x000000000f4f64b0]
Event: 9.559 Thread 0x0000000007f14800 1244       3       com.android.dx.ssa.SsaConverter::edgeSplitPredecessors (44 bytes)
Event: 9.560 Thread 0x0000000007f14800 nmethod 1244 0x000000000f4f6550 code [0x000000000f4f6760, 0x000000000f4f7128]

GC Heap History (4 events):
Event: 8.176 GC heap before
{Heap before GC invocations=1 (full 0):
 PSYoungGen      total 18432K, used 15872K [0x00000000eab00000, 0x00000000ebf80000, 0x0000000100000000)
  eden space 15872K, 100% used [0x00000000eab00000,0x00000000eba80000,0x00000000eba80000)
  from space 2560K, 0% used [0x00000000ebd00000,0x00000000ebd00000,0x00000000ebf80000)
  to   space 2560K, 0% used [0x00000000eba80000,0x00000000eba80000,0x00000000ebd00000)
 ParOldGen       total 42496K, used 0K [0x00000000c0000000, 0x00000000c2980000, 0x00000000eab00000)
  object space 42496K, 0% used [0x00000000c0000000,0x00000000c0000000,0x00000000c2980000)
 Metaspace       used 3907K, capacity 5008K, committed 5120K, reserved 1056768K
  class space    used 432K, capacity 456K, committed 512K, reserved 1048576K
Event: 8.236 GC heap after
Heap after GC invocations=1 (full 0):
 PSYoungGen      total 18432K, used 1580K [0x00000000eab00000, 0x00000000ebf80000, 0x0000000100000000)
  eden space 15872K, 0% used [0x00000000eab00000,0x00000000eab00000,0x00000000eba80000)
  from space 2560K, 61% used [0x00000000eba80000,0x00000000ebc0b2d8,0x00000000ebd00000)
  to   space 2560K, 0% used [0x00000000ebd00000,0x00000000ebd00000,0x00000000ebf80000)
 ParOldGen       total 42496K, used 8K [0x00000000c0000000, 0x00000000c2980000, 0x00000000eab00000)
  object space 42496K, 0% used [0x00000000c0000000,0x00000000c0002000,0x00000000c2980000)
 Metaspace       used 3907K, capacity 5008K, committed 5120K, reserved 1056768K
  class space    used 432K, capacity 456K, committed 512K, reserved 1048576K
}
Event: 9.149 GC heap before
{Heap before GC invocations=2 (full 0):
 PSYoungGen      total 18432K, used 17452K [0x00000000eab00000, 0x00000000ebf80000, 0x0000000100000000)
  eden space 15872K, 100% used [0x00000000eab00000,0x00000000eba80000,0x00000000eba80000)
  from space 2560K, 61% used [0x00000000eba80000,0x00000000ebc0b2d8,0x00000000ebd00000)
  to   space 2560K, 0% used [0x00000000ebd00000,0x00000000ebd00000,0x00000000ebf80000)
 ParOldGen       total 42496K, used 8K [0x00000000c0000000, 0x00000000c2980000, 0x00000000eab00000)
  object space 42496K, 0% used [0x00000000c0000000,0x00000000c0002000,0x00000000c2980000)
 Metaspace       used 5982K, capacity 6838K, committed 7040K, reserved 1056768K
  class space    used 606K, capacity 622K, committed 640K, reserved 1048576K
Event: 9.200 GC heap after
Heap after GC invocations=2 (full 0):
 PSYoungGen      total 18432K, used 2530K [0x00000000eab00000, 0x00000000ebf80000, 0x0000000100000000)
  eden space 15872K, 0% used [0x00000000eab00000,0x00000000eab00000,0x00000000eba80000)
  from space 2560K, 98% used [0x00000000ebd00000,0x00000000ebf78b18,0x00000000ebf80000)
  to   space 2560K, 0% used [0x00000000eba80000,0x00000000eba80000,0x00000000ebd00000)
 ParOldGen       total 42496K, used 2710K [0x00000000c0000000, 0x00000000c2980000, 0x00000000eab00000)
  object space 42496K, 6% used [0x00000000c0000000,0x00000000c02a5990,0x00000000c2980000)
 Metaspace       used 5982K, capacity 6838K, committed 7040K, reserved 1056768K
  class space    used 606K, capacity 622K, committed 640K, reserved 1048576K
}

Deoptimization events (9 events):
Event: 8.028 Thread 0x0000000003081000 Uncommon trap: reason=unstable_if action=reinterpret pc=0x000000000f16a694 method=java.lang.String.compareTo(Ljava/lang/String;)I @ 38
Event: 8.689 Thread 0x0000000008144800 Uncommon trap: reason=unstable_if action=reinterpret pc=0x000000000f23a73c method=java.util.HashMap.getNode(ILjava/lang/Object;)Ljava/util/HashMap$Node; @ 62
Event: 9.080 Thread 0x0000000003081000 Uncommon trap: reason=class_check action=maybe_recompile pc=0x000000000f30103c method=com.android.dx.rop.type.Type.equals(Ljava/lang/Object;)Z @ 8
Event: 9.080 Thread 0x0000000003081000 Uncommon trap: reason=class_check action=maybe_recompile pc=0x000000000f30103c method=com.android.dx.rop.type.Type.equals(Ljava/lang/Object;)Z @ 8
Event: 9.080 Thread 0x0000000003081000 Uncommon trap: reason=class_check action=maybe_recompile pc=0x000000000f30103c method=com.android.dx.rop.type.Type.equals(Ljava/lang/Object;)Z @ 8
Event: 9.081 Thread 0x0000000003081000 Uncommon trap: reason=unstable_if action=reinterpret pc=0x000000000f2489b0 method=java.util.BitSet.nextSetBit(I)I @ 87
Event: 9.206 Thread 0x0000000003081000 Uncommon trap: reason=class_check action=maybe_recompile pc=0x000000000f30103c method=com.android.dx.rop.type.Type.equals(Ljava/lang/Object;)Z @ 8
Event: 9.206 Thread 0x0000000003081000 Uncommon trap: reason=class_check action=maybe_recompile pc=0x000000000f3e83a0 method=com.android.dx.rop.type.Type.equals(Ljava/lang/Object;)Z @ 8
Event: 9.525 Thread 0x0000000003081000 Uncommon trap: reason=class_check action=maybe_recompile pc=0x000000000f36ac64 method=com.android.dx.rop.type.Type.equals(Ljava/lang/Object;)Z @ 8

Internal exceptions (2 events):
Event: 5.230 Thread 0x0000000003081000 Exception <a 'java/lang/NoSuchMethodError': Method sun.misc.Unsafe.defineClass(Ljava/lang/String;[BII)Ljava/lang/Class; name or signature does not match> (0x00000000eab07c78) thrown at [C:\re\workspace\8-2-build-windows-amd64-cygwin\jdk8u102\7268\hotspot\sN:Rì@
Event: 5.231 Thread 0x0000000003081000 Exception <a 'java/lang/NoSuchMethodError': Method sun.misc.Unsafe.prefetchRead(Ljava/lang/Object;J)V name or signature does not match> (0x00000000eab07f60) thrown at [C:\re\workspace\8-2-build-windows-amd64-cygwin\jdk8u102\7268\hotspot\src\share\vm\prims\

Events (10 events):
Event: 9.201 Executing VM operation: ParallelGCFailedAllocation done
Event: 9.206 Thread 0x0000000003081000 Uncommon trap: trap_request=0xffffffde fr.pc=0x000000000f30103c
Event: 9.206 Thread 0x0000000003081000 DEOPT PACKING pc=0x000000000f30103c sp=0x000000000307dfd0
Event: 9.206 Thread 0x0000000003081000 DEOPT UNPACKING pc=0x000000000f05582a sp=0x000000000307df08 mode 2
Event: 9.206 Thread 0x0000000003081000 Uncommon trap: trap_request=0xffffffde fr.pc=0x000000000f3e83a0
Event: 9.206 Thread 0x0000000003081000 DEOPT PACKING pc=0x000000000f3e83a0 sp=0x000000000307df50
Event: 9.206 Thread 0x0000000003081000 DEOPT UNPACKING pc=0x000000000f05582a sp=0x000000000307def8 mode 2
Event: 9.525 Thread 0x0000000003081000 Uncommon trap: trap_request=0xffffffde fr.pc=0x000000000f36ac64
Event: 9.525 Thread 0x0000000003081000 DEOPT PACKING pc=0x000000000f36ac64 sp=0x000000000307d8f0
Event: 9.525 Thread 0x0000000003081000 DEOPT UNPACKING pc=0x000000000f05582a sp=0x000000000307d750 mode 2


Dynamic libraries:
0x00007ff7070b0000 - 0x00007ff7070e7000 	C:\Program Files\Java\jdk1.8.0_102\bin\java.exe
0x00007ffac7330000 - 0x00007ffac74d9000 	C:\Windows\SYSTEM32\ntdll.dll
0x00007ffac5690000 - 0x00007ffac57c9000 	C:\Windows\system32\KERNEL32.DLL
0x00007ffac4740000 - 0x00007ffac484e000 	C:\Windows\system32\KERNELBASE.dll
0x00007ffac2810000 - 0x00007ffac289b000 	C:\Windows\system32\apphelp.dll
0x00007ffabbfb0000 - 0x00007ffabbfff000 	C:\Windows\AppPatch\AppPatch64\AcGenral.DLL
0x00007ffac4a50000 - 0x00007ffac4af7000 	C:\Windows\system32\msvcrt.dll
0x00007ffac4020000 - 0x00007ffac404b000 	C:\Windows\SYSTEM32\SspiCli.dll
0x00007ffac4bd0000 - 0x00007ffac4c21000 	C:\Windows\system32\SHLWAPI.dll
0x00007ffac5460000 - 0x00007ffac55d1000 	C:\Windows\system32\USER32.dll
0x00007ffac4f20000 - 0x00007ffac5096000 	C:\Windows\system32\ole32.dll
0x00007ffac5830000 - 0x00007ffac6c3d000 	C:\Windows\system32\SHELL32.dll
0x00007ffac3520000 - 0x00007ffac353f000 	C:\Windows\SYSTEM32\USERENV.dll
0x00007ffac4b20000 - 0x00007ffac4bc5000 	C:\Windows\system32\ADVAPI32.dll
0x00007ffaba500000 - 0x00007ffaba51b000 	C:\Windows\SYSTEM32\MPR.dll
0x00007ffac7190000 - 0x00007ffac72c6000 	C:\Windows\system32\RPCRT4.dll
0x00007ffac72d0000 - 0x00007ffac7327000 	C:\Windows\SYSTEM32\sechost.dll
0x00007ffac4d30000 - 0x00007ffac4f07000 	C:\Windows\SYSTEM32\combase.dll
0x00007ffac6e40000 - 0x00007ffac6f85000 	C:\Windows\system32\GDI32.dll
0x00007ffac42e0000 - 0x00007ffac42f4000 	C:\Windows\SYSTEM32\profapi.dll
0x00007ffac3400000 - 0x00007ffac34a1000 	C:\Windows\SYSTEM32\SHCORE.dll
0x00007ffac5140000 - 0x00007ffac5174000 	C:\Windows\system32\IMM32.DLL
0x00007ffac6f90000 - 0x00007ffac70c8000 	C:\Windows\system32\MSCTF.dll
0x00007ffac4290000 - 0x00007ffac42c1000 	C:\Windows\system32\nvinitx.dll
0x000000000f000000 - 0x000000000f006000 	C:\Program Files\NVIDIA Corporation\CoProcManager\_etoured.dll
0x00007ffac1e00000 - 0x00007ffac1e32000 	C:\Program Files\NVIDIA Corporation\CoProcManager\nvd3d9wrapx.dll
0x00007ffac6c40000 - 0x00007ffac6e16000 	C:\Windows\system32\SETUPAPI.dll
0x00007ffac4410000 - 0x00007ffac445a000 	C:\Windows\system32\CFGMGR32.dll
0x00007ffac1dd0000 - 0x00007ffac1df2000 	C:\Program Files\NVIDIA Corporation\CoProcManager\nvdxgiwrapx.dll
0x00007ffac3c50000 - 0x00007ffac3eaa000 	C:\Windows\WinSxS\amd64_microsoft.windows.common-controls_6595b64144ccf1df_6.0.9600.16384_none_62475f7becb72503\COMCTL32.dll
0x00000000771e0000 - 0x00000000772b1000 	C:\Program Files\Java\jdk1.8.0_102\jre\bin\msvcr100.dll
0x0000000076940000 - 0x00000000771da000 	C:\Program Files\Java\jdk1.8.0_102\jre\bin\server\jvm.dll
0x00007ffabf5c0000 - 0x00007ffabf5c9000 	C:\Windows\SYSTEM32\WSOCK32.dll
0x00007ffac48a0000 - 0x00007ffac48bf000 	C:\Windows\system32\WINMM.dll
0x00007ffac37c0000 - 0x00007ffac37ca000 	C:\Windows\SYSTEM32\VERSION.dll
0x00007ffac4a40000 - 0x00007ffac4a47000 	C:\Windows\system32\PSAPI.DLL
0x00007ffac4930000 - 0x00007ffac4988000 	C:\Windows\system32\WS2_32.dll
0x00007ffac43c0000 - 0x00007ffac43ea000 	C:\Windows\system32\WINMMBASE.dll
0x00007ffac4f10000 - 0x00007ffac4f19000 	C:\Windows\system32\NSI.dll
0x00007ffac4390000 - 0x00007ffac43b6000 	C:\Windows\system32\DEVOBJ.dll
0x0000000050250000 - 0x000000005025f000 	C:\Program Files\Java\jdk1.8.0_102\jre\bin\verify.dll
0x0000000050030000 - 0x0000000050059000 	C:\Program Files\Java\jdk1.8.0_102\jre\bin\java.dll
0x0000000050010000 - 0x0000000050026000 	C:\Program Files\Java\jdk1.8.0_102\jre\bin\zip.dll

VM Arguments:
jvm_args: -Djava.awt.headless=true -Xmx1024M -Dfile.encoding=GBK -Duser.country=CN -Duser.language=zh -Duser.variant 
java_command: com.android.dx.command.Main --dex --force-jumbo --num-threads=4 --multi-dex --output E:\Program Files\feiq\Recv Files\anchong\app\build\intermediates\transforms\dex\debug\folders\1000\10\com.android.support-support-v4-23.4.0_c1b3e6675f167f38ccd99bd27ee0c5a8ddaef4ca E:\Program Files\feiq\Recv Files\anchong\app\build\intermediates\exploded-aar\com.android.support\support-v4\23.4.0\jars\classes.jar
java_class_path (initial): C:\Users\Administrator\AppData\Local\Android\Sdk\build-tools\23.0.2\lib\dx.jar
Launcher Type: SUN_STANDARD

Environment Variables:
JAVA_HOME=C:\Program Files\Java\jdk1.8.0_102
PATH=C:\ProgramData\Oracle\Java\javapath;C:\Program Files\Java\jdk1.7.0_79\bin;C:\Windows\system32;C:\Windows;C:\Windows\system32\wbem;E:\Git\cmd;F:\android-ndk-r13;
USERNAME=Administrator
OS=Windows_NT
PROCESSOR_IDENTIFIER=Intel64 Family 6 Model 42 Stepping 7, GenuineIntel



---------------  S Y S T E M  ---------------

OS: Windows 8.1 , 64 bit Build 9600 (6.3.9600.16656)

CPU:total 4 (2 cores per cpu, 2 threads per core) family 6 model 42 stepping 7, cmov, cx8, fxsr, mmx, sse, sse2, sse3, ssse3, sse4.1, sse4.2, popcnt, avx, aes, clmul, ht, tsc, tscinvbit

Memory: 4k page, physical 4036004k(413176k free), swap 8099236k(5104k free)

vm_info: Java HotSpot(TM) 64-Bit Server VM (25.102-b14) for windows-amd64 JRE (1.8.0_102-b14), built on Jun 22 2016 13:15:21 by "java_re" with MS VC++ 10.0 (VS2010)

time: Thu Dec 08 21:52:03 2016
elapsed time: 9 seconds (0d 0h 0m 9s)

