#
# There is insufficient memory for the Java Runtime Environment to continue.
# Native memory allocation (malloc) failed to allocate 32784 bytes for Chunk::new
# Possible reasons:
#   The system is out of physical RAM or swap space
#   In 32 bit mode, the process size limit was hit
# Possible solutions:
#   Reduce memory load on the system
#   Increase physical memory or swap space
#   Check if swap backing store is full
#   Use 64 bit Java on a 64 bit OS
#   Decrease Java heap size (-Xmx/-Xms)
#   Decrease number of Java threads
#   Decrease Java thread stack sizes (-Xss)
#   Set larger code cache with -XX:ReservedCodeCacheSize=
# This output file may be truncated or incomplete.
#
#  Out of Memory Error (allocation.cpp:390), pid=7888, tid=0x0000000000002944
#
# JRE version: Java(TM) SE Runtime Environment (8.0_102-b14) (build 1.8.0_102-b14)
# Java VM: Java HotSpot(TM) 64-Bit Server VM (25.102-b14 mixed mode windows-amd64 compressed oops)
# Failed to write core dump. Minidumps are not enabled by default on client versions of Windows
#

---------------  T H R E A D  ---------------

Current thread (0x000000000647b000):  JavaThread "C2 CompilerThread0" daemon [_thread_in_native, id=10564, stack(0x0000000007970000,0x0000000007a70000)]

Stack: [0x0000000007970000,0x0000000007a70000]
[error occurred during error reporting (printing stack bounds), id 0xc0000005]

Native frames: (J=compiled Java code, j=interpreted, Vv=VM code, C=native code)


Current CompileTask:
C2:   8375 1321       4       com.android.dx.ssa.back.LivenessAnalyzer::run (231 bytes)


---------------  P R O C E S S  ---------------

Java Threads: ( => current thread )
  0x0000000007d33800 JavaThread "pool-2-thread-4" [_thread_in_Java, id=10520, stack(0x0000000008670000,0x0000000008770000)]
  0x0000000007d76000 JavaThread "pool-2-thread-3" [_thread_in_Java, id=10732, stack(0x0000000008570000,0x0000000008670000)]
  0x0000000007d75800 JavaThread "pool-2-thread-2" [_thread_in_Java, id=4420, stack(0x0000000008470000,0x0000000008570000)]
  0x0000000007d74800 JavaThread "pool-3-thread-1" [_thread_blocked, id=11084, stack(0x0000000008370000,0x0000000008470000)]
  0x0000000007d74000 JavaThread "pool-2-thread-1" [_thread_in_Java, id=9256, stack(0x0000000008270000,0x0000000008370000)]
  0x0000000007ada000 JavaThread "Service Thread" daemon [_thread_blocked, id=4676, stack(0x0000000008070000,0x0000000008170000)]
  0x0000000007acc800 JavaThread "C1 CompilerThread2" daemon [_thread_blocked, id=2228, stack(0x0000000007f70000,0x0000000008070000)]
  0x000000000647e800 JavaThread "C2 CompilerThread1" daemon [_thread_in_native, id=11344, stack(0x0000000007e70000,0x0000000007f70000)]
=>0x000000000647b000 JavaThread "C2 CompilerThread0" daemon [_thread_in_native, id=10564, stack(0x0000000007970000,0x0000000007a70000)]
  0x000000000642d000 JavaThread "Attach Listener" daemon [_thread_blocked, id=9412, stack(0x0000000007870000,0x0000000007970000)]
  0x000000000642c000 JavaThread "Signal Dispatcher" daemon [_thread_blocked, id=4352, stack(0x0000000007770000,0x0000000007870000)]
  0x0000000002d4a800 JavaThread "Finalizer" daemon [_thread_blocked, id=12252, stack(0x0000000007670000,0x0000000007770000)]
  0x00000000063e9000 JavaThread "Reference Handler" daemon [_thread_blocked, id=952, stack(0x0000000007570000,0x0000000007670000)]
  0x0000000002c51000 JavaThread "main" [_thread_in_Java, id=11336, stack(0x0000000002b40000,0x0000000002c40000)]

Other Threads:
  0x00000000063e7000 VMThread [stack: 0x0000000007470000,0x0000000007570000] [id=9800]
  0x0000000007b1e000 WatcherThread [stack: 0x0000000008170000,0x0000000008270000] [id=8300]

VM state:not at safepoint (normal execution)

VM Mutex/Monitor currently owned by a thread: None

Heap:
 PSYoungGen      total 34304K, used 33072K [0x00000000eab00000, 0x00000000ecf00000, 0x0000000100000000)
  eden space 31744K, 96% used [0x00000000eab00000,0x00000000ec8cfe28,0x00000000eca00000)
  from space 2560K, 99% used [0x00000000ecc80000,0x00000000ecefc1d8,0x00000000ecf00000)
  to   space 2560K, 0% used [0x00000000eca00000,0x00000000eca00000,0x00000000ecc80000)
 ParOldGen       total 31232K, used 10311K [0x00000000c0000000, 0x00000000c1e80000, 0x00000000eab00000)
  object space 31232K, 33% used [0x00000000c0000000,0x00000000c0a11f10,0x00000000c1e80000)
 Metaspace       used 6318K, capacity 7158K, committed 7296K, reserved 1058816K
  class space    used 607K, capacity 622K, committed 640K, reserved 1048576K

Card table byte_map: [0x0000000003110000,0x0000000003320000] byte_map_base: 0x0000000002b10000

Marking Bits: (ParMarkBitMap*) 0x000000007715a6c0
 Begin Bits: [0x0000000003880000, 0x0000000004880000)
 End Bits:   [0x0000000004880000, 0x0000000005880000)

Polling page: 0x0000000000d30000

CodeCache: size=245760Kb used=6455Kb max_used=6455Kb free=239304Kb
 bounds [0x000000000f010000, 0x000000000f670000, 0x000000001e010000]
 total_blobs=1939 nmethods=1667 adapters=184
 compilation: enabled

Compilation events (10 events):
Event: 7.591 Thread 0x0000000007acc800 nmethod 1389 0x000000000f5927d0 code [0x000000000f592940, 0x000000000f592d88]
Event: 7.591 Thread 0x0000000007acc800 1369   !   3       com.android.dx.rop.type.Type::putIntern (50 bytes)
Event: 7.592 Thread 0x0000000007acc800 nmethod 1369 0x000000000f592e90 code [0x000000000f593080, 0x000000000f593b58]
Event: 7.592 Thread 0x0000000007acc800 1372       3       com.android.dx.ssa.Dominators::<init> (55 bytes)
Event: 7.593 Thread 0x0000000007acc800 nmethod 1372 0x000000000f594090 code [0x000000000f594220, 0x000000000f594770]
Event: 7.593 Thread 0x0000000007acc800 1357       1       com.android.dx.command.dexer.Main$Arguments::access$1900 (5 bytes)
Event: 7.593 Thread 0x0000000007acc800 nmethod 1357 0x000000000f5949d0 code [0x000000000f594b20, 0x000000000f594c10]
Event: 7.593 Thread 0x0000000007acc800 1390       3       com.android.dx.rop.code.Rops::opConst (85 bytes)
Event: 7.594 Thread 0x0000000007acc800 nmethod 1390 0x000000000f594c90 code [0x000000000f594ee0, 0x000000000f595be8]
Event: 7.600 Thread 0x0000000007acc800 1391       3       com.android.dx.ssa.back.FirstFitLocalCombiningAllocator::handleCheckCastResults (413 bytes)

GC Heap History (5 events):
Event: 5.662 GC heap before
{Heap before GC invocations=1 (full 0):
 PSYoungGen      total 18432K, used 15872K [0x00000000eab00000, 0x00000000ebf80000, 0x0000000100000000)
  eden space 15872K, 100% used [0x00000000eab00000,0x00000000eba80000,0x00000000eba80000)
  from space 2560K, 0% used [0x00000000ebd00000,0x00000000ebd00000,0x00000000ebf80000)
  to   space 2560K, 0% used [0x00000000eba80000,0x00000000eba80000,0x00000000ebd00000)
 ParOldGen       total 42496K, used 0K [0x00000000c0000000, 0x00000000c2980000, 0x00000000eab00000)
  object space 42496K, 0% used [0x00000000c0000000,0x00000000c0000000,0x00000000c2980000)
 Metaspace       used 5543K, capacity 6450K, committed 6528K, reserved 1056768K
  class space    used 600K, capacity 618K, committed 640K, reserved 1048576K
Event: 5.738 GC heap after
Heap after GC invocations=1 (full 0):
 PSYoungGen      total 18432K, used 2549K [0x00000000eab00000, 0x00000000ecf00000, 0x0000000100000000)
  eden space 15872K, 0% used [0x00000000eab00000,0x00000000eab00000,0x00000000eba80000)
  from space 2560K, 99% used [0x00000000eba80000,0x00000000ebcfd7a0,0x00000000ebd00000)
  to   space 2560K, 0% used [0x00000000ecc80000,0x00000000ecc80000,0x00000000ecf00000)
 ParOldGen       total 42496K, used 999K [0x00000000c0000000, 0x00000000c2980000, 0x00000000eab00000)
  object space 42496K, 2% used [0x00000000c0000000,0x00000000c00f9ca8,0x00000000c2980000)
 Metaspace       used 5543K, capacity 6450K, committed 6528K, reserved 1056768K
  class space    used 600K, capacity 618K, committed 640K, reserved 1048576K
}
Event: 6.922 GC heap before
{Heap before GC invocations=2 (full 0):
 PSYoungGen      total 18432K, used 18421K [0x00000000eab00000, 0x00000000ecf00000, 0x0000000100000000)
  eden space 15872K, 100% used [0x00000000eab00000,0x00000000eba80000,0x00000000eba80000)
  from space 2560K, 99% used [0x00000000eba80000,0x00000000ebcfd7a0,0x00000000ebd00000)
  to   space 2560K, 0% used [0x00000000ecc80000,0x00000000ecc80000,0x00000000ecf00000)
 ParOldGen       total 42496K, used 999K [0x00000000c0000000, 0x00000000c2980000, 0x00000000eab00000)
  object space 42496K, 2% used [0x00000000c0000000,0x00000000c00f9ca8,0x00000000c2980000)
 Metaspace       used 6065K, capacity 6902K, committed 7040K, reserved 1056768K
  class space    used 606K, capacity 622K, committed 640K, reserved 1048576K
Event: 7.080 GC heap after
Heap after GC invocations=2 (full 0):
 PSYoungGen      total 34304K, used 2530K [0x00000000eab00000, 0x00000000ecf00000, 0x0000000100000000)
  eden space 31744K, 0% used [0x00000000eab00000,0x00000000eab00000,0x00000000eca00000)
  from space 2560K, 98% used [0x00000000ecc80000,0x00000000ecef8ab8,0x00000000ecf00000)
  to   space 2560K, 0% used [0x00000000eca00000,0x00000000eca00000,0x00000000ecc80000)
 ParOldGen       total 42496K, used 3059K [0x00000000c0000000, 0x00000000c2980000, 0x00000000eab00000)
  object space 42496K, 7% used [0x00000000c0000000,0x00000000c02fced8,0x00000000c2980000)
 Metaspace       used 6065K, capacity 6902K, committed 7040K, reserved 1056768K
  class space    used 606K, capacity 622K, committed 640K, reserved 1048576K
}
Event: 7.603 GC heap before
{Heap before GC invocations=3 (full 0):
 PSYoungGen      total 34304K, used 23113K [0x00000000eab00000, 0x00000000ecf00000, 0x0000000100000000)
  eden space 31744K, 64% used [0x00000000eab00000,0x00000000ebf19d30,0x00000000eca00000)
  from space 2560K, 98% used [0x00000000ecc80000,0x00000000ecef8ab8,0x00000000ecf00000)
  to   space 2560K, 0% used [0x00000000eca00000,0x00000000eca00000,0x00000000ecc80000)
 ParOldGen       total 42496K, used 3059K [0x00000000c0000000, 0x00000000c2980000, 0x00000000eab00000)
  object space 42496K, 7% used [0x00000000c0000000,0x00000000c02fced8,0x00000000c2980000)
 Metaspace       used 6155K, capacity 6966K, committed 7040K, reserved 1060864K
  class space    used 607K, capacity 622K, committed 640K, reserved 1048576K

Deoptimization events (10 events):
Event: 5.806 Thread 0x0000000002c51000 Uncommon trap: reason=unstable_if action=reinterpret pc=0x000000000f259df0 method=java.util.BitSet.nextSetBit(I)I @ 87
Event: 5.814 Thread 0x0000000007d75800 Uncommon trap: reason=class_check action=maybe_recompile pc=0x000000000f274030 method=com.android.dx.ssa.NormalSsaInsn.accept(Lcom/android/dx/ssa/SsaInsn$Visitor;)V @ 9
Event: 5.814 Thread 0x0000000007d75800 Uncommon trap: reason=class_check action=maybe_recompile pc=0x000000000f274030 method=com.android.dx.ssa.NormalSsaInsn.accept(Lcom/android/dx/ssa/SsaInsn$Visitor;)V @ 9
Event: 5.814 Thread 0x0000000007d75800 Uncommon trap: reason=class_check action=maybe_recompile pc=0x000000000f274030 method=com.android.dx.ssa.NormalSsaInsn.accept(Lcom/android/dx/ssa/SsaInsn$Visitor;)V @ 9
Event: 5.814 Thread 0x0000000007d75800 Uncommon trap: reason=class_check action=maybe_recompile pc=0x000000000f274030 method=com.android.dx.ssa.NormalSsaInsn.accept(Lcom/android/dx/ssa/SsaInsn$Visitor;)V @ 9
Event: 5.870 Thread 0x0000000007d75800 Uncommon trap: reason=unstable_if action=reinterpret pc=0x000000000f2736b4 method=java.util.BitSet.ensureCapacity(I)V @ 6
Event: 6.423 Thread 0x0000000007d76000 Uncommon trap: reason=null_check action=make_not_entrant pc=0x000000000f371a9c method=com.android.dx.ssa.SsaRenamer.getLocalForNewReg(I)Lcom/android/dx/rop/code/LocalItem; @ 19
Event: 6.424 Thread 0x0000000007d74000 Uncommon trap: reason=unstable_if action=reinterpret pc=0x000000000f311e20 method=com.android.dx.rop.code.RegisterSpec.equals(ILcom/android/dx/rop/type/TypeBearer;Lcom/android/dx/rop/code/LocalItem;)Z @ 42
Event: 6.431 Thread 0x0000000007d75800 Uncommon trap: reason=unstable_if action=reinterpret pc=0x000000000f3e386c method=com.android.dx.rop.code.RegisterSpecSet.put(Lcom/android/dx/rop/code/RegisterSpec;)V @ 77
Event: 6.431 Thread 0x0000000007d75800 Uncommon trap: reason=unstable_if action=reinterpret pc=0x000000000f3fabe8 method=com.android.dx.rop.code.RegisterSpecSet.put(Lcom/android/dx/rop/code/RegisterSpec;)V @ 77

Internal exceptions (3 events):
Event: 0.403 Thread 0x0000000002c51000 Exception <a 'java/lang/NoSuchMethodError': Method sun.misc.Unsafe.defineClass(Ljava/lang/String;[BII)Ljava/lang/Class; name or signature does not match> (0x00000000eab07c78) thrown at [C:\re\workspace\8-2-build-windows-amd64-cygwin\jdk8u102\7268\hotspot\sıÆ≤~ Ÿ?
Event: 0.403 Thread 0x0000000002c51000 Exception <a 'java/lang/NoSuchMethodError': Method sun.misc.Unsafe.prefetchRead(Ljava/lang/Object;J)V name or signature does not match> (0x00000000eab07f60) thrown at [C:\re\workspace\8-2-build-windows-amd64-cygwin\jdk8u102\7268\hotspot\src\share\vm\prims\äÀ eu±@
Event: 6.423 Thread 0x0000000007d76000 Implicit null exception at 0x000000000f36fa07 to 0x000000000f371a59

Events (10 events):
Event: 6.431 Thread 0x0000000007d75800 DEOPT PACKING pc=0x000000000f3e386c sp=0x000000000856ecd0
Event: 6.431 Thread 0x0000000007d75800 DEOPT UNPACKING pc=0x000000000f05582a sp=0x000000000856ec58 mode 2
Event: 6.431 Thread 0x0000000007d75800 Uncommon trap: trap_request=0xffffff65 fr.pc=0x000000000f3fabe8
Event: 6.431 Thread 0x0000000007d75800 DEOPT PACKING pc=0x000000000f3fabe8 sp=0x000000000856ecc0
Event: 6.431 Thread 0x0000000007d75800 DEOPT UNPACKING pc=0x000000000f05582a sp=0x000000000856ebe0 mode 2
Event: 6.593 Executing VM operation: ParallelGCFailedAllocation
Event: 7.080 Executing VM operation: ParallelGCFailedAllocation done
Event: 7.562 loading class com/android/dx/cf/attrib/AttExceptions
Event: 7.562 loading class com/android/dx/cf/attrib/AttExceptions done
Event: 7.601 Executing VM operation: CollectForMetadataAllocation


Dynamic libraries:
0x00007ff7070b0000 - 0x00007ff7070e7000 	C:\Program Files\Java\jdk1.8.0_102\bin\java.exe
0x00007ffac7330000 - 0x00007ffac74d9000 	C:\Windows\SYSTEM32\ntdll.dll
0x00007ffac5690000 - 0x00007ffac57c9000 	C:\Windows\system32\KERNEL32.DLL
0x00007ffac4740000 - 0x00007ffac484e000 	C:\Windows\system32\KERNELBASE.dll
0x00007ffac2810000 - 0x00007ffac289b000 	C:\Windows\system32\apphelp.dll
0x00007ffabbfb0000 - 0x00007ffabbfff000 	C:\Windows\AppPatch\AppPatch64\AcGenral.DLL
0x00007ffac4a50000 - 0x00007ffac4af7000 	C:\Windows\system32\msvcrt.dll
0x00007ffac4020000 - 0x00007ffac404b000 	C:\Windows\SYSTEM32\SspiCli.dll
0x00007ffac4bd0000 - 0x00007ffac4c21000 	C:\Windows\system32\SHLWAPI.dll
0x00007ffac5460000 - 0x00007ffac55d1000 	C:\Windows\system32\USER32.dll
0x00007ffac4f20000 - 0x00007ffac5096000 	C:\Windows\system32\ole32.dll
0x00007ffac5830000 - 0x00007ffac6c3d000 	C:\Windows\system32\SHELL32.dll
0x00007ffac3520000 - 0x00007ffac353f000 	C:\Windows\SYSTEM32\USERENV.dll
0x00007ffac4b20000 - 0x00007ffac4bc5000 	C:\Windows\system32\ADVAPI32.dll
0x00007ffaba500000 - 0x00007ffaba51b000 	C:\Windows\SYSTEM32\MPR.dll
0x00007ffac7190000 - 0x00007ffac72c6000 	C:\Windows\system32\RPCRT4.dll
0x00007ffac72d0000 - 0x00007ffac7327000 	C:\Windows\SYSTEM32\sechost.dll
0x00007ffac4d30000 - 0x00007ffac4f07000 	C:\Windows\SYSTEM32\combase.dll
0x00007ffac6e40000 - 0x00007ffac6f85000 	C:\Windows\system32\GDI32.dll
0x00007ffac42e0000 - 0x00007ffac42f4000 	C:\Windows\SYSTEM32\profapi.dll
0x00007ffac3400000 - 0x00007ffac34a1000 	C:\Windows\SYSTEM32\SHCORE.dll
0x00007ffac5140000 - 0x00007ffac5174000 	C:\Windows\system32\IMM32.DLL
0x00007ffac6f90000 - 0x00007ffac70c8000 	C:\Windows\system32\MSCTF.dll
0x00007ffac4290000 - 0x00007ffac42c1000 	C:\Windows\system32\nvinitx.dll
0x000000000f000000 - 0x000000000f006000 	C:\Program Files\NVIDIA Corporation\CoProcManager\_etoured.dll
0x00007ffac1e00000 - 0x00007ffac1e32000 	C:\Program Files\NVIDIA Corporation\CoProcManager\nvd3d9wrapx.dll
0x00007ffac6c40000 - 0x00007ffac6e16000 	C:\Windows\system32\SETUPAPI.dll
0x00007ffac4410000 - 0x00007ffac445a000 	C:\Windows\system32\CFGMGR32.dll
0x00007ffac1dd0000 - 0x00007ffac1df2000 	C:\Program Files\NVIDIA Corporation\CoProcManager\nvdxgiwrapx.dll
0x00007ffac3c50000 - 0x00007ffac3eaa000 	C:\Windows\WinSxS\amd64_microsoft.windows.common-controls_6595b64144ccf1df_6.0.9600.16384_none_62475f7becb72503\COMCTL32.dll
0x00000000771e0000 - 0x00000000772b1000 	C:\Program Files\Java\jdk1.8.0_102\jre\bin\msvcr100.dll
0x0000000076940000 - 0x00000000771da000 	C:\Program Files\Java\jdk1.8.0_102\jre\bin\server\jvm.dll
0x00007ffabf5c0000 - 0x00007ffabf5c9000 	C:\Windows\SYSTEM32\WSOCK32.dll
0x00007ffac48a0000 - 0x00007ffac48bf000 	C:\Windows\system32\WINMM.dll
0x00007ffac37c0000 - 0x00007ffac37ca000 	C:\Windows\SYSTEM32\VERSION.dll
0x00007ffac4a40000 - 0x00007ffac4a47000 	C:\Windows\system32\PSAPI.DLL
0x00007ffac4930000 - 0x00007ffac4988000 	C:\Windows\system32\WS2_32.dll
0x00007ffac43c0000 - 0x00007ffac43ea000 	C:\Windows\system32\WINMMBASE.dll
0x00007ffac4f10000 - 0x00007ffac4f19000 	C:\Windows\system32\NSI.dll
0x00007ffac4390000 - 0x00007ffac43b6000 	C:\Windows\system32\DEVOBJ.dll
0x0000000050250000 - 0x000000005025f000 	C:\Program Files\Java\jdk1.8.0_102\jre\bin\verify.dll
0x0000000050030000 - 0x0000000050059000 	C:\Program Files\Java\jdk1.8.0_102\jre\bin\java.dll
0x0000000050010000 - 0x0000000050026000 	C:\Program Files\Java\jdk1.8.0_102\jre\bin\zip.dll

VM Arguments:
jvm_args: -Djava.awt.headless=true -Xmx1024M -Dfile.encoding=GBK -Duser.country=CN -Duser.language=zh -Duser.variant 
java_command: com.android.dx.command.Main --dex --force-jumbo --num-threads=4 --multi-dex --output E:\Program Files\feiq\Recv Files\anchong\app\build\intermediates\transforms\dex\debug\folders\1000\10\com.android.support-appcompat-v7-23.4.0_8dad4fbe47d755db91b310c67b65b109bf15660f E:\Program Files\feiq\Recv Files\anchong\app\build\intermediates\exploded-aar\com.android.support\appcompat-v7\23.4.0\jars\classes.jar
java_class_path (initial): C:\Users\Administrator\AppData\Local\Android\Sdk\build-tools\23.0.2\lib\dx.jar
Launcher Type: SUN_STANDARD

Environment Variables:
JAVA_HOME=C:\Program Files\Java\jdk1.8.0_102
PATH=C:\ProgramData\Oracle\Java\javapath;C:\Program Files\Java\jdk1.7.0_79\bin;C:\Windows\system32;C:\Windows;C:\Windows\system32\wbem;E:\Git\cmd;F:\android-ndk-r13;
USERNAME=Administrator
OS=Windows_NT
PROCESSOR_IDENTIFIER=Intel64 Family 6 Model 42 Stepping 7, GenuineIntel



---------------  S Y S T E M  ---------------

OS: Windows 8.1 , 64 bit Build 9600 (6.3.9600.16656)

CPU:total 4 (2 cores per cpu, 2 threads per core) family 6 model 42 stepping 7, cmov, cx8, fxsr, mmx, sse, sse2, sse3, ssse3, sse4.1, sse4.2, popcnt, avx, aes, clmul, ht, tsc, tscinvbit

Memory: 4k page, physical 4036004k(53008k free), swap 8099236k(8224k free)

vm_info: Java HotSpot(TM) 64-Bit Server VM (25.102-b14) for windows-amd64 JRE (1.8.0_102-b14), built on Jun 22 2016 13:15:21 by "java_re" with MS VC++ 10.0 (VS2010)

time: Thu Dec 08 21:50:06 2016
elapsed time: 9 seconds (0d 0h 0m 9s)

