#
# There is insufficient memory for the Java Runtime Environment to continue.
# Native memory allocation (malloc) failed to allocate 65552 bytes for Chunk::new
# Possible reasons:
#   The system is out of physical RAM or swap space
#   In 32 bit mode, the process size limit was hit
# Possible solutions:
#   Reduce memory load on the system
#   Increase physical memory or swap space
#   Check if swap backing store is full
#   Use 64 bit Java on a 64 bit OS
#   Decrease Java heap size (-Xmx/-Xms)
#   Decrease number of Java threads
#   Decrease Java thread stack sizes (-Xss)
#   Set larger code cache with -XX:ReservedCodeCacheSize=
# This output file may be truncated or incomplete.
#
#  Out of Memory Error (allocation.cpp:390), pid=11376, tid=0x00000000000029e8
#
# JRE version: Java(TM) SE Runtime Environment (8.0_102-b14) (build 1.8.0_102-b14)
# Java VM: Java HotSpot(TM) 64-Bit Server VM (25.102-b14 mixed mode windows-amd64 compressed oops)
# Failed to write core dump. Minidumps are not enabled by default on client versions of Windows
#

---------------  T H R E A D  ---------------

Current thread (0x0000000005d0e800):  JavaThread "C2 CompilerThread1" daemon [_thread_in_native, id=10728, stack(0x0000000007700000,0x0000000007800000)]

Stack: [0x0000000007700000,0x0000000007800000]
[error occurred during error reporting (printing stack bounds), id 0xc0000005]

Native frames: (J=compiled Java code, j=interpreted, Vv=VM code, C=native code)


Current CompileTask:
C2:   3324 1310       4       com.android.dx.ssa.SCCP::simulateBranch (666 bytes)


---------------  P R O C E S S  ---------------

Java Threads: ( => current thread )
  0x000000000762c000 JavaThread "pool-2-thread-4" [_thread_in_Java, id=8556, stack(0x0000000007f00000,0x0000000008000000)]
  0x0000000007628000 JavaThread "pool-2-thread-3" [_thread_in_Java, id=3240, stack(0x0000000007e00000,0x0000000007f00000)]
  0x0000000007624000 JavaThread "pool-2-thread-2" [_thread_blocked, id=4348, stack(0x0000000007d00000,0x0000000007e00000)]
  0x0000000007566800 JavaThread "pool-3-thread-1" [_thread_blocked, id=12228, stack(0x0000000007c00000,0x0000000007d00000)]
  0x0000000007564800 JavaThread "pool-2-thread-1" [_thread_in_Java, id=11972, stack(0x0000000007b00000,0x0000000007c00000)]
  0x0000000007377800 JavaThread "Service Thread" daemon [_thread_blocked, id=5248, stack(0x0000000007900000,0x0000000007a00000)]
  0x000000000731e000 JavaThread "C1 CompilerThread2" daemon [_thread_in_native, id=4628, stack(0x0000000007800000,0x0000000007900000)]
=>0x0000000005d0e800 JavaThread "C2 CompilerThread1" daemon [_thread_in_native, id=10728, stack(0x0000000007700000,0x0000000007800000)]
  0x0000000005d0b000 JavaThread "C2 CompilerThread0" daemon [_thread_in_native, id=10860, stack(0x0000000007200000,0x0000000007300000)]
  0x0000000005cbd000 JavaThread "Attach Listener" daemon [_thread_blocked, id=1664, stack(0x0000000007100000,0x0000000007200000)]
  0x0000000005cbc000 JavaThread "Signal Dispatcher" daemon [_thread_blocked, id=10996, stack(0x0000000007000000,0x0000000007100000)]
  0x00000000025da800 JavaThread "Finalizer" daemon [_thread_blocked, id=12276, stack(0x0000000006f00000,0x0000000007000000)]
  0x0000000005c79000 JavaThread "Reference Handler" daemon [_thread_blocked, id=11568, stack(0x0000000006e00000,0x0000000006f00000)]
  0x00000000024e1000 JavaThread "main" [_thread_in_Java, id=10320, stack(0x00000000020a0000,0x00000000021a0000)]

Other Threads:
  0x0000000005c77000 VMThread [stack: 0x0000000006d00000,0x0000000006e00000] [id=3692]
  0x00000000073cb800 WatcherThread [stack: 0x0000000007a00000,0x0000000007b00000] [id=8476]

VM state:not at safepoint (normal execution)

VM Mutex/Monitor currently owned by a thread: None

Heap:
 PSYoungGen      total 34304K, used 13803K [0x00000000eab00000, 0x00000000ecf00000, 0x0000000100000000)
  eden space 31744K, 35% used [0x00000000eab00000,0x00000000eb5fc210,0x00000000eca00000)
  from space 2560K, 99% used [0x00000000ecc80000,0x00000000ecefecf0,0x00000000ecf00000)
  to   space 2560K, 0% used [0x00000000eca00000,0x00000000eca00000,0x00000000ecc80000)
 ParOldGen       total 42496K, used 3918K [0x00000000c0000000, 0x00000000c2980000, 0x00000000eab00000)
  object space 42496K, 9% used [0x00000000c0000000,0x00000000c03d39d8,0x00000000c2980000)
 Metaspace       used 6137K, capacity 6966K, committed 7040K, reserved 1056768K
  class space    used 604K, capacity 622K, committed 640K, reserved 1048576K

Card table byte_map: [0x00000000029a0000,0x0000000002bb0000] byte_map_base: 0x00000000023a0000

Marking Bits: (ParMarkBitMap*) 0x000000007715a6c0
 Begin Bits: [0x0000000003110000, 0x0000000004110000)
 End Bits:   [0x0000000004110000, 0x0000000005110000)

Polling page: 0x0000000000590000

CodeCache: size=245760Kb used=5461Kb max_used=5461Kb free=240298Kb
 bounds [0x000000000f010000, 0x000000000f570000, 0x000000001e010000]
 total_blobs=1637 nmethods=1366 adapters=184
 compilation: enabled

Compilation events (10 events):
Event: 3.295 Thread 0x000000000731e000 nmethod 1359 0x000000000f55a290 code [0x000000000f55a3e0, 0x000000000f55a530]
Event: 3.295 Thread 0x000000000731e000 1360       1       com.android.dx.cf.code.OneLocalsArray::getOrNull (7 bytes)
Event: 3.295 Thread 0x000000000731e000 nmethod 1360 0x000000000f55a5d0 code [0x000000000f55a720, 0x000000000f55a850]
Event: 3.295 Thread 0x000000000731e000 1361       3       com.android.dx.cf.code.ExecutionStack::peekType (11 bytes)
Event: 3.296 Thread 0x000000000731e000 nmethod 1361 0x000000000f55a910 code [0x000000000f55aa80, 0x000000000f55ad38]
Event: 3.297 Thread 0x000000000731e000 1363       3       com.android.dx.cf.code.Ropper::getRopMethod (64 bytes)
Event: 3.299 Thread 0x000000000731e000 nmethod 1363 0x000000000f55ae10 code [0x000000000f55b060, 0x000000000f55bdf8]
Event: 3.299 Thread 0x000000000731e000 1365       3       com.android.dx.rop.code.RegisterSpecSet::intersect (117 bytes)
Event: 3.300 Thread 0x000000000731e000 nmethod 1365 0x000000000f55c6d0 code [0x000000000f55c8c0, 0x000000000f55d2b8]
Event: 3.300 Thread 0x000000000731e000 1366       3       com.android.dx.rop.code.RegisterSpecSet::equals (106 bytes)

GC Heap History (4 events):
Event: 1.638 GC heap before
{Heap before GC invocations=1 (full 0):
 PSYoungGen      total 18432K, used 15872K [0x00000000eab00000, 0x00000000ebf80000, 0x0000000100000000)
  eden space 15872K, 100% used [0x00000000eab00000,0x00000000eba80000,0x00000000eba80000)
  from space 2560K, 0% used [0x00000000ebd00000,0x00000000ebd00000,0x00000000ebf80000)
  to   space 2560K, 0% used [0x00000000eba80000,0x00000000eba80000,0x00000000ebd00000)
 ParOldGen       total 42496K, used 0K [0x00000000c0000000, 0x00000000c2980000, 0x00000000eab00000)
  object space 42496K, 0% used [0x00000000c0000000,0x00000000c0000000,0x00000000c2980000)
 Metaspace       used 5584K, capacity 6516K, committed 6784K, reserved 1056768K
  class space    used 600K, capacity 620K, committed 640K, reserved 1048576K
Event: 1.718 GC heap after
Heap after GC invocations=1 (full 0):
 PSYoungGen      total 18432K, used 2558K [0x00000000eab00000, 0x00000000ecf00000, 0x0000000100000000)
  eden space 15872K, 0% used [0x00000000eab00000,0x00000000eab00000,0x00000000eba80000)
  from space 2560K, 99% used [0x00000000eba80000,0x00000000ebcffa00,0x00000000ebd00000)
  to   space 2560K, 0% used [0x00000000ecc80000,0x00000000ecc80000,0x00000000ecf00000)
 ParOldGen       total 42496K, used 1716K [0x00000000c0000000, 0x00000000c2980000, 0x00000000eab00000)
  object space 42496K, 4% used [0x00000000c0000000,0x00000000c01ad2b8,0x00000000c2980000)
 Metaspace       used 5584K, capacity 6516K, committed 6784K, reserved 1056768K
  class space    used 600K, capacity 620K, committed 640K, reserved 1048576K
}
Event: 2.950 GC heap before
{Heap before GC invocations=2 (full 0):
 PSYoungGen      total 18432K, used 18430K [0x00000000eab00000, 0x00000000ecf00000, 0x0000000100000000)
  eden space 15872K, 100% used [0x00000000eab00000,0x00000000eba80000,0x00000000eba80000)
  from space 2560K, 99% used [0x00000000eba80000,0x00000000ebcffa00,0x00000000ebd00000)
  to   space 2560K, 0% used [0x00000000ecc80000,0x00000000ecc80000,0x00000000ecf00000)
 ParOldGen       total 42496K, used 1716K [0x00000000c0000000, 0x00000000c2980000, 0x00000000eab00000)
  object space 42496K, 4% used [0x00000000c0000000,0x00000000c01ad2b8,0x00000000c2980000)
 Metaspace       used 6033K, capacity 6902K, committed 7040K, reserved 1056768K
  class space    used 604K, capacity 622K, committed 640K, reserved 1048576K
Event: 2.964 GC heap after
Heap after GC invocations=2 (full 0):
 PSYoungGen      total 34304K, used 2555K [0x00000000eab00000, 0x00000000ecf00000, 0x0000000100000000)
  eden space 31744K, 0% used [0x00000000eab00000,0x00000000eab00000,0x00000000eca00000)
  from space 2560K, 99% used [0x00000000ecc80000,0x00000000ecefecf0,0x00000000ecf00000)
  to   space 2560K, 0% used [0x00000000eca00000,0x00000000eca00000,0x00000000ecc80000)
 ParOldGen       total 42496K, used 3918K [0x00000000c0000000, 0x00000000c2980000, 0x00000000eab00000)
  object space 42496K, 9% used [0x00000000c0000000,0x00000000c03d39d8,0x00000000c2980000)
 Metaspace       used 6033K, capacity 6902K, committed 7040K, reserved 1056768K
  class space    used 604K, capacity 622K, committed 640K, reserved 1048576K
}

Deoptimization events (10 events):
Event: 1.831 Thread 0x0000000007628000 Uncommon trap: reason=unstable_if action=reinterpret pc=0x000000000f2929b0 method=java.util.BitSet.nextSetBit(I)I @ 87
Event: 1.953 Thread 0x000000000762c000 Uncommon trap: reason=unstable_if action=reinterpret pc=0x000000000f2fb1dc method=com.android.dx.rop.cst.Constant.compareTo(Lcom/android/dx/rop/cst/Constant;)I @ 12
Event: 2.800 Thread 0x0000000007624000 Uncommon trap: reason=unstable_if action=reinterpret pc=0x000000000f36a528 method=com.android.dx.rop.code.RegisterSpec.equals(ILcom/android/dx/rop/type/TypeBearer;Lcom/android/dx/rop/code/LocalItem;)Z @ 16
Event: 3.006 Thread 0x0000000007624000 Uncommon trap: reason=null_check action=make_not_entrant pc=0x000000000f355274 method=com.android.dx.ssa.SsaRenamer.getLocalForNewReg(I)Lcom/android/dx/rop/code/LocalItem; @ 19
Event: 3.283 Thread 0x0000000007564800 Uncommon trap: reason=bimorphic action=maybe_recompile pc=0x000000000f4a6d90 method=java.util.HashMap.putVal(ILjava/lang/Object;Ljava/lang/Object;ZZ)Ljava/lang/Object; @ 91
Event: 3.283 Thread 0x0000000007564800 Uncommon trap: reason=bimorphic action=maybe_recompile pc=0x000000000f4a6d90 method=java.util.HashMap.putVal(ILjava/lang/Object;Ljava/lang/Object;ZZ)Ljava/lang/Object; @ 91
Event: 3.283 Thread 0x0000000007564800 Uncommon trap: reason=unstable_if action=reinterpret pc=0x000000000f267f24 method=java.util.HashMap.getNode(ILjava/lang/Object;)Ljava/util/HashMap$Node; @ 62
Event: 3.283 Thread 0x0000000007564800 Uncommon trap: reason=bimorphic action=maybe_recompile pc=0x000000000f4a6d90 method=java.util.HashMap.putVal(ILjava/lang/Object;Ljava/lang/Object;ZZ)Ljava/lang/Object; @ 91
Event: 3.288 Thread 0x0000000007564800 Uncommon trap: reason=bimorphic action=maybe_recompile pc=0x000000000f4a6d90 method=java.util.HashMap.putVal(ILjava/lang/Object;Ljava/lang/Object;ZZ)Ljava/lang/Object; @ 91
Event: 3.296 Thread 0x0000000007564800 Uncommon trap: reason=unstable_if action=reinterpret pc=0x000000000f47687c method=com.android.dx.util.IntList.binarysearch(I)I @ 105

Internal exceptions (3 events):
Event: 0.043 Thread 0x00000000024e1000 Exception <a 'java/lang/NoSuchMethodError': Method sun.misc.Unsafe.defineClass(Ljava/lang/String;[BII)Ljava/lang/Class; name or signature does not match> (0x00000000eab07c78) thrown at [C:\re\workspace\8-2-build-windows-amd64-cygwin\jdk8u102\7268\hotspot\s¦xX”\K¦?
Event: 0.044 Thread 0x00000000024e1000 Exception <a 'java/lang/NoSuchMethodError': Method sun.misc.Unsafe.prefetchRead(Ljava/lang/Object;J)V name or signature does not match> (0x00000000eab07f60) thrown at [C:\re\workspace\8-2-build-windows-amd64-cygwin\jdk8u102\7268\hotspot\src\share\vm\prims\rÞÛ÷‹@
Event: 3.006 Thread 0x0000000007624000 Implicit null exception at 0x000000000f3532ed to 0x000000000f355255

Events (10 events):
Event: 3.283 Thread 0x0000000007564800 DEOPT UNPACKING pc=0x000000000f05582a sp=0x0000000007bfe320 mode 2
Event: 3.283 Thread 0x0000000007564800 Uncommon trap: trap_request=0xffffffc6 fr.pc=0x000000000f4a6d90
Event: 3.283 Thread 0x0000000007564800 DEOPT PACKING pc=0x000000000f4a6d90 sp=0x0000000007bfe7d0
Event: 3.284 Thread 0x0000000007564800 DEOPT UNPACKING pc=0x000000000f05582a sp=0x0000000007bfe758 mode 2
Event: 3.288 Thread 0x0000000007564800 Uncommon trap: trap_request=0xffffffc6 fr.pc=0x000000000f4a6d90
Event: 3.288 Thread 0x0000000007564800 DEOPT PACKING pc=0x000000000f4a6d90 sp=0x0000000007bfe6c0
Event: 3.288 Thread 0x0000000007564800 DEOPT UNPACKING pc=0x000000000f05582a sp=0x0000000007bfe648 mode 2
Event: 3.296 Thread 0x0000000007564800 Uncommon trap: trap_request=0xffffff65 fr.pc=0x000000000f47687c
Event: 3.296 Thread 0x0000000007564800 DEOPT PACKING pc=0x000000000f47687c sp=0x0000000007bfe730
Event: 3.296 Thread 0x0000000007564800 DEOPT UNPACKING pc=0x000000000f05582a sp=0x0000000007bfe6a8 mode 2


Dynamic libraries:
0x00007ff7070b0000 - 0x00007ff7070e7000 	C:\Program Files\Java\jdk1.8.0_102\bin\java.exe
0x00007ffac7330000 - 0x00007ffac74d9000 	C:\Windows\SYSTEM32\ntdll.dll
0x00007ffac5690000 - 0x00007ffac57c9000 	C:\Windows\system32\KERNEL32.DLL
0x00007ffac4740000 - 0x00007ffac484e000 	C:\Windows\system32\KERNELBASE.dll
0x00007ffac2810000 - 0x00007ffac289b000 	C:\Windows\system32\apphelp.dll
0x00007ffabbfb0000 - 0x00007ffabbfff000 	C:\Windows\AppPatch\AppPatch64\AcGenral.DLL
0x00007ffac4a50000 - 0x00007ffac4af7000 	C:\Windows\system32\msvcrt.dll
0x00007ffac4020000 - 0x00007ffac404b000 	C:\Windows\SYSTEM32\SspiCli.dll
0x00007ffac4bd0000 - 0x00007ffac4c21000 	C:\Windows\system32\SHLWAPI.dll
0x00007ffac5460000 - 0x00007ffac55d1000 	C:\Windows\system32\USER32.dll
0x00007ffac4f20000 - 0x00007ffac5096000 	C:\Windows\system32\ole32.dll
0x00007ffac5830000 - 0x00007ffac6c3d000 	C:\Windows\system32\SHELL32.dll
0x00007ffac3520000 - 0x00007ffac353f000 	C:\Windows\SYSTEM32\USERENV.dll
0x00007ffac4b20000 - 0x00007ffac4bc5000 	C:\Windows\system32\ADVAPI32.dll
0x00007ffaba500000 - 0x00007ffaba51b000 	C:\Windows\SYSTEM32\MPR.dll
0x00007ffac7190000 - 0x00007ffac72c6000 	C:\Windows\system32\RPCRT4.dll
0x00007ffac72d0000 - 0x00007ffac7327000 	C:\Windows\SYSTEM32\sechost.dll
0x00007ffac4d30000 - 0x00007ffac4f07000 	C:\Windows\SYSTEM32\combase.dll
0x00007ffac6e40000 - 0x00007ffac6f85000 	C:\Windows\system32\GDI32.dll
0x00007ffac42e0000 - 0x00007ffac42f4000 	C:\Windows\SYSTEM32\profapi.dll
0x00007ffac3400000 - 0x00007ffac34a1000 	C:\Windows\SYSTEM32\SHCORE.dll
0x00007ffac5140000 - 0x00007ffac5174000 	C:\Windows\system32\IMM32.DLL
0x00007ffac6f90000 - 0x00007ffac70c8000 	C:\Windows\system32\MSCTF.dll
0x00007ffac4290000 - 0x00007ffac42c1000 	C:\Windows\system32\nvinitx.dll
0x000000000f000000 - 0x000000000f006000 	C:\Program Files\NVIDIA Corporation\CoProcManager\_etoured.dll
0x00007ffac1e00000 - 0x00007ffac1e32000 	C:\Program Files\NVIDIA Corporation\CoProcManager\nvd3d9wrapx.dll
0x00007ffac6c40000 - 0x00007ffac6e16000 	C:\Windows\system32\SETUPAPI.dll
0x00007ffac4410000 - 0x00007ffac445a000 	C:\Windows\system32\CFGMGR32.dll
0x00007ffac1dd0000 - 0x00007ffac1df2000 	C:\Program Files\NVIDIA Corporation\CoProcManager\nvdxgiwrapx.dll
0x00007ffac3c50000 - 0x00007ffac3eaa000 	C:\Windows\WinSxS\amd64_microsoft.windows.common-controls_6595b64144ccf1df_6.0.9600.16384_none_62475f7becb72503\COMCTL32.dll
0x00000000771e0000 - 0x00000000772b1000 	C:\Program Files\Java\jdk1.8.0_102\jre\bin\msvcr100.dll
0x0000000076940000 - 0x00000000771da000 	C:\Program Files\Java\jdk1.8.0_102\jre\bin\server\jvm.dll
0x00007ffabf5c0000 - 0x00007ffabf5c9000 	C:\Windows\SYSTEM32\WSOCK32.dll
0x00007ffac48a0000 - 0x00007ffac48bf000 	C:\Windows\system32\WINMM.dll
0x00007ffac37c0000 - 0x00007ffac37ca000 	C:\Windows\SYSTEM32\VERSION.dll
0x00007ffac4a40000 - 0x00007ffac4a47000 	C:\Windows\system32\PSAPI.DLL
0x00007ffac4930000 - 0x00007ffac4988000 	C:\Windows\system32\WS2_32.dll
0x00007ffac43c0000 - 0x00007ffac43ea000 	C:\Windows\system32\WINMMBASE.dll
0x00007ffac4f10000 - 0x00007ffac4f19000 	C:\Windows\system32\NSI.dll
0x00007ffac4390000 - 0x00007ffac43b6000 	C:\Windows\system32\DEVOBJ.dll
0x0000000050250000 - 0x000000005025f000 	C:\Program Files\Java\jdk1.8.0_102\jre\bin\verify.dll
0x0000000050030000 - 0x0000000050059000 	C:\Program Files\Java\jdk1.8.0_102\jre\bin\java.dll
0x0000000050010000 - 0x0000000050026000 	C:\Program Files\Java\jdk1.8.0_102\jre\bin\zip.dll

VM Arguments:
jvm_args: -Djava.awt.headless=true -Xmx1024M -Dfile.encoding=GBK -Duser.country=CN -Duser.language=zh -Duser.variant 
java_command: com.android.dx.command.Main --dex --force-jumbo --num-threads=4 --multi-dex --output E:\Program Files\feiq\Recv Files\anchong\app\build\intermediates\transforms\dex\debug\folders\1000\10\glide-3.7.0_1f3ddf859a86296da03fddcf50d19f29d652df81 C:\Users\Administrator\.gradle\caches\modules-2\files-2.1\com.github.bumptech.glide\glide\3.7.0\9e9eeaf9948ee4d6c3ab354e8dc14368f16994a4\glide-3.7.0.jar
java_class_path (initial): C:\Users\Administrator\AppData\Local\Android\Sdk\build-tools\23.0.2\lib\dx.jar
Launcher Type: SUN_STANDARD

Environment Variables:
JAVA_HOME=C:\Program Files\Java\jdk1.8.0_102
PATH=C:\ProgramData\Oracle\Java\javapath;C:\Program Files\Java\jdk1.7.0_79\bin;C:\Windows\system32;C:\Windows;C:\Windows\system32\wbem;E:\Git\cmd;F:\android-ndk-r13;
USERNAME=Administrator
OS=Windows_NT
PROCESSOR_IDENTIFIER=Intel64 Family 6 Model 42 Stepping 7, GenuineIntel



---------------  S Y S T E M  ---------------

OS: Windows 8.1 , 64 bit Build 9600 (6.3.9600.16656)

CPU:total 4 (2 cores per cpu, 2 threads per core) family 6 model 42 stepping 7, cmov, cx8, fxsr, mmx, sse, sse2, sse3, ssse3, sse4.1, sse4.2, popcnt, avx, aes, clmul, ht, tsc, tscinvbit

Memory: 4k page, physical 4036004k(458732k free), swap 8099236k(5804k free)

vm_info: Java HotSpot(TM) 64-Bit Server VM (25.102-b14) for windows-amd64 JRE (1.8.0_102-b14), built on Jun 22 2016 13:15:21 by "java_re" with MS VC++ 10.0 (VS2010)

time: Thu Dec 08 21:52:28 2016
elapsed time: 3 seconds (0d 0h 0m 3s)

