#
# There is insufficient memory for the Java Runtime Environment to continue.
# Native memory allocation (malloc) failed to allocate 139904 bytes for Chunk::new
# Possible reasons:
#   The system is out of physical RAM or swap space
#   In 32 bit mode, the process size limit was hit
# Possible solutions:
#   Reduce memory load on the system
#   Increase physical memory or swap space
#   Check if swap backing store is full
#   Use 64 bit Java on a 64 bit OS
#   Decrease Java heap size (-Xmx/-Xms)
#   Decrease number of Java threads
#   Decrease Java thread stack sizes (-Xss)
#   Set larger code cache with -XX:ReservedCodeCacheSize=
# This output file may be truncated or incomplete.
#
#  Out of Memory Error (allocation.cpp:390), pid=9356, tid=0x0000000000002b50
#
# JRE version: Java(TM) SE Runtime Environment (8.0_102-b14) (build 1.8.0_102-b14)
# Java VM: Java HotSpot(TM) 64-Bit Server VM (25.102-b14 mixed mode windows-amd64 compressed oops)
# Failed to write core dump. Minidumps are not enabled by default on client versions of Windows
#

---------------  T H R E A D  ---------------

Current thread (0x00000000071f0800):  JavaThread "C2 CompilerThread0" daemon [_thread_in_native, id=11088, stack(0x00000000075f0000,0x00000000076f0000)]

Stack: [0x00000000075f0000,0x00000000076f0000]
[error occurred during error reporting (printing stack bounds), id 0xc0000005]

Native frames: (J=compiled Java code, j=interpreted, Vv=VM code, C=native code)


Current CompileTask:
C2:   8604 1622   !   4       com.android.dx.cf.code.Ropper::processBlock (1101 bytes)


---------------  P R O C E S S  ---------------

Java Threads: ( => current thread )
  0x000000000749e000 JavaThread "pool-2-thread-4" [_thread_blocked, id=2012, stack(0x0000000007ef0000,0x0000000007ff0000)]
  0x000000000749d800 JavaThread "pool-2-thread-3" [_thread_blocked, id=9456, stack(0x0000000007df0000,0x0000000007ef0000)]
  0x0000000007499800 JavaThread "pool-2-thread-2" [_thread_blocked, id=10676, stack(0x0000000007cf0000,0x0000000007df0000)]
  0x0000000007497000 JavaThread "pool-3-thread-1" [_thread_blocked, id=11468, stack(0x0000000007bf0000,0x0000000007cf0000)]
  0x000000000744d800 JavaThread "pool-2-thread-1" [_thread_blocked, id=11636, stack(0x0000000007af0000,0x0000000007bf0000)]
  0x0000000007249800 JavaThread "Service Thread" daemon [_thread_blocked, id=9024, stack(0x00000000078f0000,0x00000000079f0000)]
  0x0000000007219000 JavaThread "C1 CompilerThread2" daemon [_thread_blocked, id=3364, stack(0x00000000077f0000,0x00000000078f0000)]
  0x00000000071f3000 JavaThread "C2 CompilerThread1" daemon [_thread_in_native, id=8564, stack(0x00000000076f0000,0x00000000077f0000)]
=>0x00000000071f0800 JavaThread "C2 CompilerThread0" daemon [_thread_in_native, id=11088, stack(0x00000000075f0000,0x00000000076f0000)]
  0x0000000005c9d000 JavaThread "Attach Listener" daemon [_thread_blocked, id=10488, stack(0x00000000070f0000,0x00000000071f0000)]
  0x0000000005c9c000 JavaThread "Signal Dispatcher" daemon [_thread_blocked, id=3084, stack(0x0000000006ff0000,0x00000000070f0000)]
  0x00000000025ba800 JavaThread "Finalizer" daemon [_thread_blocked, id=12200, stack(0x0000000006ef0000,0x0000000006ff0000)]
  0x0000000005c59000 JavaThread "Reference Handler" daemon [_thread_blocked, id=948, stack(0x0000000006df0000,0x0000000006ef0000)]
  0x00000000024c1000 JavaThread "main" [_thread_blocked, id=12040, stack(0x00000000023c0000,0x00000000024c0000)]

Other Threads:
  0x0000000005c57000 VMThread [stack: 0x0000000006cf0000,0x0000000006df0000] [id=3108]
  0x000000000726f000 WatcherThread [stack: 0x00000000079f0000,0x0000000007af0000] [id=7456]

VM state:at safepoint (normal execution)

VM Mutex/Monitor currently owned by a thread:  ([mutex/lock_event])
[0x000000000203c1e0] Threads_lock - owner thread: 0x0000000005c57000
[0x000000000203c0e0] Heap_lock - owner thread: 0x000000000749d800

Heap:
 PSYoungGen      total 34304K, used 34296K [0x00000000eab00000, 0x00000000eee00000, 0x0000000100000000)
  eden space 31744K, 100% used [0x00000000eab00000,0x00000000eca00000,0x00000000eca00000)
  from space 2560K, 99% used [0x00000000eca00000,0x00000000ecc7e188,0x00000000ecc80000)
  to   space 2560K, 99% used [0x00000000eeb80000,0x00000000eedfa360,0x00000000eee00000)
 ParOldGen       total 42496K, used 13132K [0x00000000c0000000, 0x00000000c2980000, 0x00000000eab00000)
  object space 42496K, 30% used [0x00000000c0000000,0x00000000c0cd3370,0x00000000c2980000)
 Metaspace       used 6304K, capacity 7094K, committed 7296K, reserved 1056768K
  class space    used 607K, capacity 622K, committed 640K, reserved 1048576K

Card table byte_map: [0x0000000002980000,0x0000000002b90000] byte_map_base: 0x0000000002380000

Marking Bits: (ParMarkBitMap*) 0x000000007715a6c0
 Begin Bits: [0x00000000030f0000, 0x00000000040f0000)
 End Bits:   [0x00000000040f0000, 0x00000000050f0000)

Polling page: 0x0000000000430000

CodeCache: size=245760Kb used=7474Kb max_used=7500Kb free=238285Kb
 bounds [0x000000000f010000, 0x000000000f770000, 0x000000001e010000]
 total_blobs=1959 nmethods=1688 adapters=184
 compilation: enabled

Compilation events (10 events):
Event: 8.129 Thread 0x0000000007219000 1721       1       com.android.dx.rop.cst.CstLiteral32::isCategory2 (2 bytes)
Event: 8.129 Thread 0x0000000007219000 nmethod 1721 0x000000000f74db50 code [0x000000000f74dca0, 0x000000000f74ddb0]
Event: 8.141 Thread 0x0000000007219000 1722       2       java.util.concurrent.locks.ReentrantLock::lock (8 bytes)
Event: 8.141 Thread 0x0000000007219000 nmethod 1722 0x000000000f74de10 code [0x000000000f74df80, 0x000000000f74e108]
Event: 8.142 Thread 0x0000000007219000 1723 %     3       com.android.dx.cf.cst.ConstantPoolParser::parse @ 96 (365 bytes)
Event: 8.146 Thread 0x0000000007219000 nmethod 1723% 0x000000000f74e190 code [0x000000000f74e720, 0x000000000f751d88]
Event: 8.163 Thread 0x0000000007219000 1724       2       com.android.dx.ssa.LiteralOpUpgrader::isConstIntZeroOrKnownNull (34 bytes)
Event: 8.163 Thread 0x0000000007219000 nmethod 1724 0x000000000f754090 code [0x000000000f754200, 0x000000000f754408]
Event: 8.306 Thread 0x00000000071f3000 nmethod 1636 0x000000000f75aed0 code [0x000000000f75b540, 0x000000000f761018]
Event: 8.307 Thread 0x00000000071f3000 1702       4       com.android.dx.ssa.SCCP::simulatePhiBlock (50 bytes)

GC Heap History (7 events):
Event: 2.280 GC heap before
{Heap before GC invocations=1 (full 0):
 PSYoungGen      total 18432K, used 15872K [0x00000000eab00000, 0x00000000ebf80000, 0x0000000100000000)
  eden space 15872K, 100% used [0x00000000eab00000,0x00000000eba80000,0x00000000eba80000)
  from space 2560K, 0% used [0x00000000ebd00000,0x00000000ebd00000,0x00000000ebf80000)
  to   space 2560K, 0% used [0x00000000eba80000,0x00000000eba80000,0x00000000ebd00000)
 ParOldGen       total 42496K, used 0K [0x00000000c0000000, 0x00000000c2980000, 0x00000000eab00000)
  object space 42496K, 0% used [0x00000000c0000000,0x00000000c0000000,0x00000000c2980000)
 Metaspace       used 5545K, capacity 6452K, committed 6528K, reserved 1056768K
  class space    used 601K, capacity 620K, committed 640K, reserved 1048576K
Event: 2.422 GC heap after
Heap after GC invocations=1 (full 0):
 PSYoungGen      total 18432K, used 2559K [0x00000000eab00000, 0x00000000ecf00000, 0x0000000100000000)
  eden space 15872K, 0% used [0x00000000eab00000,0x00000000eab00000,0x00000000eba80000)
  from space 2560K, 99% used [0x00000000eba80000,0x00000000ebcffc98,0x00000000ebd00000)
  to   space 2560K, 0% used [0x00000000ecc80000,0x00000000ecc80000,0x00000000ecf00000)
 ParOldGen       total 42496K, used 926K [0x00000000c0000000, 0x00000000c2980000, 0x00000000eab00000)
  object space 42496K, 2% used [0x00000000c0000000,0x00000000c00e7aa8,0x00000000c2980000)
 Metaspace       used 5545K, capacity 6452K, committed 6528K, reserved 1056768K
  class space    used 601K, capacity 620K, committed 640K, reserved 1048576K
}
Event: 3.943 GC heap before
{Heap before GC invocations=2 (full 0):
 PSYoungGen      total 18432K, used 18431K [0x00000000eab00000, 0x00000000ecf00000, 0x0000000100000000)
  eden space 15872K, 100% used [0x00000000eab00000,0x00000000eba80000,0x00000000eba80000)
  from space 2560K, 99% used [0x00000000eba80000,0x00000000ebcffc98,0x00000000ebd00000)
  to   space 2560K, 0% used [0x00000000ecc80000,0x00000000ecc80000,0x00000000ecf00000)
 ParOldGen       total 42496K, used 926K [0x00000000c0000000, 0x00000000c2980000, 0x00000000eab00000)
  object space 42496K, 2% used [0x00000000c0000000,0x00000000c00e7aa8,0x00000000c2980000)
 Metaspace       used 6084K, capacity 6902K, committed 7040K, reserved 1056768K
  class space    used 606K, capacity 622K, committed 640K, reserved 1048576K
Event: 3.997 GC heap after
Heap after GC invocations=2 (full 0):
 PSYoungGen      total 34304K, used 2546K [0x00000000eab00000, 0x00000000ecf00000, 0x0000000100000000)
  eden space 31744K, 0% used [0x00000000eab00000,0x00000000eab00000,0x00000000eca00000)
  from space 2560K, 99% used [0x00000000ecc80000,0x00000000ecefcac8,0x00000000ecf00000)
  to   space 2560K, 0% used [0x00000000eca00000,0x00000000eca00000,0x00000000ecc80000)
 ParOldGen       total 42496K, used 2669K [0x00000000c0000000, 0x00000000c2980000, 0x00000000eab00000)
  object space 42496K, 6% used [0x00000000c0000000,0x00000000c029b558,0x00000000c2980000)
 Metaspace       used 6084K, capacity 6902K, committed 7040K, reserved 1056768K
  class space    used 606K, capacity 622K, committed 640K, reserved 1048576K
}
Event: 6.510 GC heap before
{Heap before GC invocations=3 (full 0):
 PSYoungGen      total 34304K, used 34290K [0x00000000eab00000, 0x00000000ecf00000, 0x0000000100000000)
  eden space 31744K, 100% used [0x00000000eab00000,0x00000000eca00000,0x00000000eca00000)
  from space 2560K, 99% used [0x00000000ecc80000,0x00000000ecefcac8,0x00000000ecf00000)
  to   space 2560K, 0% used [0x00000000eca00000,0x00000000eca00000,0x00000000ecc80000)
 ParOldGen       total 42496K, used 2669K [0x00000000c0000000, 0x00000000c2980000, 0x00000000eab00000)
  object space 42496K, 6% used [0x00000000c0000000,0x00000000c029b558,0x00000000c2980000)
 Metaspace       used 6252K, capacity 7094K, committed 7296K, reserved 1056768K
  class space    used 607K, capacity 622K, committed 640K, reserved 1048576K
Event: 7.047 GC heap after
Heap after GC invocations=3 (full 0):
 PSYoungGen      total 34304K, used 2552K [0x00000000eab00000, 0x00000000eee00000, 0x0000000100000000)
  eden space 31744K, 0% used [0x00000000eab00000,0x00000000eab00000,0x00000000eca00000)
  from space 2560K, 99% used [0x00000000eca00000,0x00000000ecc7e188,0x00000000ecc80000)
  to   space 2560K, 0% used [0x00000000eeb80000,0x00000000eeb80000,0x00000000eee00000)
 ParOldGen       total 42496K, used 7847K [0x00000000c0000000, 0x00000000c2980000, 0x00000000eab00000)
  object space 42496K, 18% used [0x00000000c0000000,0x00000000c07a9df0,0x00000000c2980000)
 Metaspace       used 6252K, capacity 7094K, committed 7296K, reserved 1056768K
  class space    used 607K, capacity 622K, committed 640K, reserved 1048576K
}
Event: 8.434 GC heap before
{Heap before GC invocations=4 (full 0):
 PSYoungGen      total 34304K, used 34296K [0x00000000eab00000, 0x00000000eee00000, 0x0000000100000000)
  eden space 31744K, 100% used [0x00000000eab00000,0x00000000eca00000,0x00000000eca00000)
  from space 2560K, 99% used [0x00000000eca00000,0x00000000ecc7e188,0x00000000ecc80000)
  to   space 2560K, 0% used [0x00000000eeb80000,0x00000000eeb80000,0x00000000eee00000)
 ParOldGen       total 42496K, used 7847K [0x00000000c0000000, 0x00000000c2980000, 0x00000000eab00000)
  object space 42496K, 18% used [0x00000000c0000000,0x00000000c07a9df0,0x00000000c2980000)
 Metaspace       used 6304K, capacity 7094K, committed 7296K, reserved 1056768K
  class space    used 607K, capacity 622K, committed 640K, reserved 1048576K

Deoptimization events (10 events):
Event: 7.953 Thread 0x000000000744d800 Uncommon trap: reason=bimorphic action=maybe_recompile pc=0x000000000f6732c0 method=com.android.dx.ssa.SCCP.setLatticeValueTo(IILcom/android/dx/rop/cst/Constant;)Z @ 43
Event: 7.953 Thread 0x000000000744d800 Uncommon trap: reason=bimorphic action=maybe_recompile pc=0x000000000f6f6ab4 method=com.android.dx.ssa.SCCP.simulatePhi(Lcom/android/dx/ssa/PhiInsn;)V @ 124
Event: 7.953 Thread 0x000000000744d800 Uncommon trap: reason=bimorphic action=maybe_recompile pc=0x000000000f6732c0 method=com.android.dx.ssa.SCCP.setLatticeValueTo(IILcom/android/dx/rop/cst/Constant;)Z @ 43
Event: 7.953 Thread 0x000000000744d800 Uncommon trap: reason=bimorphic action=maybe_recompile pc=0x000000000f6f6bd0 method=com.android.dx.ssa.SCCP.setLatticeValueTo(IILcom/android/dx/rop/cst/Constant;)Z @ 43
Event: 7.958 Thread 0x000000000744d800 Uncommon trap: reason=bimorphic action=maybe_recompile pc=0x000000000f6732c0 method=com.android.dx.ssa.SCCP.setLatticeValueTo(IILcom/android/dx/rop/cst/Constant;)Z @ 43
Event: 7.958 Thread 0x000000000744d800 Uncommon trap: reason=bimorphic action=maybe_recompile pc=0x000000000f6f6ab4 method=com.android.dx.ssa.SCCP.simulatePhi(Lcom/android/dx/ssa/PhiInsn;)V @ 124
Event: 7.958 Thread 0x000000000744d800 Uncommon trap: reason=bimorphic action=maybe_recompile pc=0x000000000f6f6bd0 method=com.android.dx.ssa.SCCP.setLatticeValueTo(IILcom/android/dx/rop/cst/Constant;)Z @ 43
Event: 8.082 Thread 0x000000000744d800 Uncommon trap: reason=unstable_if action=reinterpret pc=0x000000000f556f98 method=com.android.dx.ssa.SCCP.simulateStmt(Lcom/android/dx/ssa/SsaInsn;)V @ 53
Event: 8.122 Thread 0x000000000749e000 Uncommon trap: reason=unstable_if action=reinterpret pc=0x000000000f44b2bc method=com.android.dx.util.IntList.binarysearch(I)I @ 105
Event: 8.123 Thread 0x000000000749e000 Uncommon trap: reason=unstable_if action=reinterpret pc=0x000000000f6904b4 method=com.android.dx.ssa.SsaMethod.blockIndexToRopLabel(I)I @ 1

Internal exceptions (2 events):
Event: 0.625 Thread 0x00000000024c1000 Exception <a 'java/lang/NoSuchMethodError': Method sun.misc.Unsafe.defineClass(Ljava/lang/String;[BII)Ljava/lang/Class; name or signature does not match> (0x00000000eab07c78) thrown at [C:\re\workspace\8-2-build-windows-amd64-cygwin\jdk8u102\7268\hotspot\sªÌ³kÿã?
Event: 0.625 Thread 0x00000000024c1000 Exception <a 'java/lang/NoSuchMethodError': Method sun.misc.Unsafe.prefetchRead(Ljava/lang/Object;J)V name or signature does not match> (0x00000000eab07f60) thrown at [C:\re\workspace\8-2-build-windows-amd64-cygwin\jdk8u102\7268\hotspot\src\share\vm\prims\

Events (10 events):
Event: 8.082 Thread 0x000000000744d800 Uncommon trap: trap_request=0xffffff65 fr.pc=0x000000000f556f98
Event: 8.082 Thread 0x000000000744d800 DEOPT PACKING pc=0x000000000f556f98 sp=0x0000000007bee600
Event: 8.082 Thread 0x000000000744d800 DEOPT UNPACKING pc=0x000000000f05582a sp=0x0000000007bee5e8 mode 2
Event: 8.122 Thread 0x000000000749e000 Uncommon trap: trap_request=0xffffff65 fr.pc=0x000000000f44b2bc
Event: 8.122 Thread 0x000000000749e000 DEOPT PACKING pc=0x000000000f44b2bc sp=0x0000000007fee4d0
Event: 8.122 Thread 0x000000000749e000 DEOPT UNPACKING pc=0x000000000f05582a sp=0x0000000007fee448 mode 2
Event: 8.123 Thread 0x000000000749e000 Uncommon trap: trap_request=0xffffff65 fr.pc=0x000000000f6904b4
Event: 8.123 Thread 0x000000000749e000 DEOPT PACKING pc=0x000000000f6904b4 sp=0x0000000007fee570
Event: 8.123 Thread 0x000000000749e000 DEOPT UNPACKING pc=0x000000000f05582a sp=0x0000000007fee498 mode 2
Event: 8.434 Executing VM operation: ParallelGCFailedAllocation


Dynamic libraries:
0x00007ff7070b0000 - 0x00007ff7070e7000 	C:\Program Files\Java\jdk1.8.0_102\bin\java.exe
0x00007ffac7330000 - 0x00007ffac74d9000 	C:\Windows\SYSTEM32\ntdll.dll
0x00007ffac5690000 - 0x00007ffac57c9000 	C:\Windows\system32\KERNEL32.DLL
0x00007ffac4740000 - 0x00007ffac484e000 	C:\Windows\system32\KERNELBASE.dll
0x00007ffac2810000 - 0x00007ffac289b000 	C:\Windows\system32\apphelp.dll
0x00007ffabbfb0000 - 0x00007ffabbfff000 	C:\Windows\AppPatch\AppPatch64\AcGenral.DLL
0x00007ffac4a50000 - 0x00007ffac4af7000 	C:\Windows\system32\msvcrt.dll
0x00007ffac4020000 - 0x00007ffac404b000 	C:\Windows\SYSTEM32\SspiCli.dll
0x00007ffac4bd0000 - 0x00007ffac4c21000 	C:\Windows\system32\SHLWAPI.dll
0x00007ffac5460000 - 0x00007ffac55d1000 	C:\Windows\system32\USER32.dll
0x00007ffac4f20000 - 0x00007ffac5096000 	C:\Windows\system32\ole32.dll
0x00007ffac5830000 - 0x00007ffac6c3d000 	C:\Windows\system32\SHELL32.dll
0x00007ffac3520000 - 0x00007ffac353f000 	C:\Windows\SYSTEM32\USERENV.dll
0x00007ffac4b20000 - 0x00007ffac4bc5000 	C:\Windows\system32\ADVAPI32.dll
0x00007ffaba500000 - 0x00007ffaba51b000 	C:\Windows\SYSTEM32\MPR.dll
0x00007ffac7190000 - 0x00007ffac72c6000 	C:\Windows\system32\RPCRT4.dll
0x00007ffac72d0000 - 0x00007ffac7327000 	C:\Windows\SYSTEM32\sechost.dll
0x00007ffac4d30000 - 0x00007ffac4f07000 	C:\Windows\SYSTEM32\combase.dll
0x00007ffac6e40000 - 0x00007ffac6f85000 	C:\Windows\system32\GDI32.dll
0x00007ffac42e0000 - 0x00007ffac42f4000 	C:\Windows\SYSTEM32\profapi.dll
0x00007ffac3400000 - 0x00007ffac34a1000 	C:\Windows\SYSTEM32\SHCORE.dll
0x00007ffac5140000 - 0x00007ffac5174000 	C:\Windows\system32\IMM32.DLL
0x00007ffac6f90000 - 0x00007ffac70c8000 	C:\Windows\system32\MSCTF.dll
0x00007ffac4290000 - 0x00007ffac42c1000 	C:\Windows\system32\nvinitx.dll
0x000000000f000000 - 0x000000000f006000 	C:\Program Files\NVIDIA Corporation\CoProcManager\_etoured.dll
0x00007ffac1e00000 - 0x00007ffac1e32000 	C:\Program Files\NVIDIA Corporation\CoProcManager\nvd3d9wrapx.dll
0x00007ffac6c40000 - 0x00007ffac6e16000 	C:\Windows\system32\SETUPAPI.dll
0x00007ffac4410000 - 0x00007ffac445a000 	C:\Windows\system32\CFGMGR32.dll
0x00007ffac1dd0000 - 0x00007ffac1df2000 	C:\Program Files\NVIDIA Corporation\CoProcManager\nvdxgiwrapx.dll
0x00007ffac3c50000 - 0x00007ffac3eaa000 	C:\Windows\WinSxS\amd64_microsoft.windows.common-controls_6595b64144ccf1df_6.0.9600.16384_none_62475f7becb72503\COMCTL32.dll
0x00000000771e0000 - 0x00000000772b1000 	C:\Program Files\Java\jdk1.8.0_102\jre\bin\msvcr100.dll
0x0000000076940000 - 0x00000000771da000 	C:\Program Files\Java\jdk1.8.0_102\jre\bin\server\jvm.dll
0x00007ffabf5c0000 - 0x00007ffabf5c9000 	C:\Windows\SYSTEM32\WSOCK32.dll
0x00007ffac48a0000 - 0x00007ffac48bf000 	C:\Windows\system32\WINMM.dll
0x00007ffac37c0000 - 0x00007ffac37ca000 	C:\Windows\SYSTEM32\VERSION.dll
0x00007ffac4a40000 - 0x00007ffac4a47000 	C:\Windows\system32\PSAPI.DLL
0x00007ffac4930000 - 0x00007ffac4988000 	C:\Windows\system32\WS2_32.dll
0x00007ffac43c0000 - 0x00007ffac43ea000 	C:\Windows\system32\WINMMBASE.dll
0x00007ffac4f10000 - 0x00007ffac4f19000 	C:\Windows\system32\NSI.dll
0x00007ffac4390000 - 0x00007ffac43b6000 	C:\Windows\system32\DEVOBJ.dll
0x0000000050250000 - 0x000000005025f000 	C:\Program Files\Java\jdk1.8.0_102\jre\bin\verify.dll
0x0000000050030000 - 0x0000000050059000 	C:\Program Files\Java\jdk1.8.0_102\jre\bin\java.dll
0x0000000050010000 - 0x0000000050026000 	C:\Program Files\Java\jdk1.8.0_102\jre\bin\zip.dll

VM Arguments:
jvm_args: -Djava.awt.headless=true -Xmx1024M -Dfile.encoding=GBK -Duser.country=CN -Duser.language=zh -Duser.variant 
java_command: com.android.dx.command.Main --dex --force-jumbo --num-threads=4 --multi-dex --output E:\Program Files\feiq\Recv Files\anchong\app\build\intermediates\transforms\dex\debug\folders\1000\10\com.android.support-appcompat-v7-23.4.0_8dad4fbe47d755db91b310c67b65b109bf15660f E:\Program Files\feiq\Recv Files\anchong\app\build\intermediates\exploded-aar\com.android.support\appcompat-v7\23.4.0\jars\classes.jar
java_class_path (initial): C:\Users\Administrator\AppData\Local\Android\Sdk\build-tools\24.0.0\lib\dx.jar
Launcher Type: SUN_STANDARD

Environment Variables:
JAVA_HOME=C:\Program Files\Java\jdk1.8.0_102
PATH=C:\ProgramData\Oracle\Java\javapath;C:\Program Files\Java\jdk1.7.0_79\bin;C:\Windows\system32;C:\Windows;C:\Windows\system32\wbem;E:\Git\cmd;F:\android-ndk-r13;
USERNAME=Administrator
OS=Windows_NT
PROCESSOR_IDENTIFIER=Intel64 Family 6 Model 42 Stepping 7, GenuineIntel



---------------  S Y S T E M  ---------------

OS: Windows 8.1 , 64 bit Build 9600 (6.3.9600.16656)

CPU:total 4 (2 cores per cpu, 2 threads per core) family 6 model 42 stepping 7, cmov, cx8, fxsr, mmx, sse, sse2, sse3, ssse3, sse4.1, sse4.2, popcnt, avx, aes, clmul, ht, tsc, tscinvbit

Memory: 4k page, physical 4036004k(425584k free), swap 8099236k(5060k free)

vm_info: Java HotSpot(TM) 64-Bit Server VM (25.102-b14) for windows-amd64 JRE (1.8.0_102-b14), built on Jun 22 2016 13:15:21 by "java_re" with MS VC++ 10.0 (VS2010)

time: Thu Dec 08 22:39:07 2016
elapsed time: 8 seconds (0d 0h 0m 8s)

