#
# There is insufficient memory for the Java Runtime Environment to continue.
# Native memory allocation (malloc) failed to allocate 208016 bytes for Chunk::new
# Possible reasons:
#   The system is out of physical RAM or swap space
#   In 32 bit mode, the process size limit was hit
# Possible solutions:
#   Reduce memory load on the system
#   Increase physical memory or swap space
#   Check if swap backing store is full
#   Use 64 bit Java on a 64 bit OS
#   Decrease Java heap size (-Xmx/-Xms)
#   Decrease number of Java threads
#   Decrease Java thread stack sizes (-Xss)
#   Set larger code cache with -XX:ReservedCodeCacheSize=
# This output file may be truncated or incomplete.
#
#  Out of Memory Error (allocation.cpp:390), pid=10676, tid=0x0000000000001530
#
# JRE version: Java(TM) SE Runtime Environment (8.0_102-b14) (build 1.8.0_102-b14)
# Java VM: Java HotSpot(TM) 64-Bit Server VM (25.102-b14 mixed mode windows-amd64 compressed oops)
# Failed to write core dump. Minidumps are not enabled by default on client versions of Windows
#

---------------  T H R E A D  ---------------

Current thread (0x000000000608c800):  JavaThread "C2 CompilerThread0" daemon [_thread_in_native, id=5424, stack(0x0000000007590000,0x0000000007690000)]

Stack: [0x0000000007590000,0x0000000007690000]
[error occurred during error reporting (printing stack bounds), id 0xc0000005]

Native frames: (J=compiled Java code, j=interpreted, Vv=VM code, C=native code)


Current CompileTask:
C2:   3403  968       4       com.android.dx.ssa.NormalSsaInsn::mapSourceRegisters (48 bytes)


---------------  P R O C E S S  ---------------

Java Threads: ( => current thread )
  0x000000000796e800 JavaThread "pool-2-thread-4" [_thread_blocked, id=10780, stack(0x0000000008a90000,0x0000000008b90000)]
  0x00000000078f3000 JavaThread "pool-2-thread-3" [_thread_in_vm, id=9784, stack(0x0000000008990000,0x0000000008a90000)]
  0x00000000078f1000 JavaThread "pool-2-thread-2" [_thread_in_Java, id=12020, stack(0x0000000008890000,0x0000000008990000)]
  0x0000000007a2d000 JavaThread "pool-3-thread-1" [_thread_blocked, id=5500, stack(0x0000000008790000,0x0000000008890000)]
  0x0000000007a2c000 JavaThread "pool-2-thread-1" [_thread_blocked, id=4396, stack(0x0000000008690000,0x0000000008790000)]
  0x00000000076f9800 JavaThread "Service Thread" daemon [_thread_blocked, id=10624, stack(0x0000000007c90000,0x0000000007d90000)]
  0x00000000076ec800 JavaThread "C1 CompilerThread2" daemon [_thread_in_native, id=10456, stack(0x0000000007b90000,0x0000000007c90000)]
  0x0000000007691000 JavaThread "C2 CompilerThread1" daemon [_thread_blocked, id=3700, stack(0x0000000007a90000,0x0000000007b90000)]
=>0x000000000608c800 JavaThread "C2 CompilerThread0" daemon [_thread_in_native, id=5424, stack(0x0000000007590000,0x0000000007690000)]
  0x000000000608b000 JavaThread "Attach Listener" daemon [_thread_blocked, id=11076, stack(0x0000000007490000,0x0000000007590000)]
  0x000000000608a000 JavaThread "Signal Dispatcher" daemon [_thread_blocked, id=10516, stack(0x0000000007390000,0x0000000007490000)]
  0x000000000295c000 JavaThread "Finalizer" daemon [_thread_blocked, id=4740, stack(0x0000000007290000,0x0000000007390000)]
  0x0000000002953800 JavaThread "Reference Handler" daemon [_thread_blocked, id=11604, stack(0x0000000007190000,0x0000000007290000)]
  0x0000000002861000 JavaThread "main" [_thread_blocked, id=10592, stack(0x0000000002730000,0x0000000002830000)]

Other Threads:
  0x0000000005ff7000 VMThread [stack: 0x0000000007090000,0x0000000007190000] [id=6484]
  0x000000000775b000 WatcherThread [stack: 0x0000000007d90000,0x0000000007e90000] [id=3552]

VM state:not at safepoint (normal execution)

VM Mutex/Monitor currently owned by a thread: None

Heap:
 PSYoungGen      total 18432K, used 4842K [0x00000000eab00000, 0x00000000ebf80000, 0x0000000100000000)
  eden space 15872K, 14% used [0x00000000eab00000,0x00000000ead3ad98,0x00000000eba80000)
  from space 2560K, 99% used [0x00000000eba80000,0x00000000ebcffc98,0x00000000ebd00000)
  to   space 2560K, 0% used [0x00000000ebd00000,0x00000000ebd00000,0x00000000ebf80000)
 ParOldGen       total 42496K, used 1441K [0x00000000c0000000, 0x00000000c2980000, 0x00000000eab00000)
  object space 42496K, 3% used [0x00000000c0000000,0x00000000c0168480,0x00000000c2980000)
 Metaspace       used 5890K, capacity 6772K, committed 7040K, reserved 1058816K
  class space    used 600K, capacity 620K, committed 640K, reserved 1048576K

Card table byte_map: [0x0000000002d20000,0x0000000002f30000] byte_map_base: 0x0000000002720000

Marking Bits: (ParMarkBitMap*) 0x000000007715a6c0
 Begin Bits: [0x0000000003490000, 0x0000000004490000)
 End Bits:   [0x0000000004490000, 0x0000000005490000)

Polling page: 0x00000000007f0000

CodeCache: size=245760Kb used=3874Kb max_used=3874Kb free=241885Kb
 bounds [0x000000000f010000, 0x000000000f3e0000, 0x000000001e010000]
 total_blobs=1236 nmethods=965 adapters=184
 compilation: enabled

Compilation events (10 events):
Event: 3.387 Thread 0x000000000608c800  967       4       java.util.Collections$UnmodifiableCollection$1::hasNext (10 bytes)
Event: 3.389 Thread 0x000000000608c800 nmethod 967 0x000000000f3be290 code [0x000000000f3be3e0, 0x000000000f3be4b8]
Event: 3.389 Thread 0x000000000608c800  968       4       com.android.dx.ssa.NormalSsaInsn::mapSourceRegisters (48 bytes)
Event: 3.392 Thread 0x0000000007691000 nmethod 965 0x000000000f3bb9d0 code [0x000000000f3bbb40, 0x000000000f3bc058]
Event: 3.392 Thread 0x0000000007691000  969       4       com.android.dx.util.Bits::findFirst (61 bytes)
Event: 3.394 Thread 0x0000000007691000 nmethod 969 0x000000000f3bb710 code [0x000000000f3bb840, 0x000000000f3bb918]
Event: 3.394 Thread 0x0000000007691000  973       4       com.android.dx.rop.cst.Constant::compareTo (33 bytes)
Event: 3.396 Thread 0x0000000007691000 nmethod 973 0x000000000f3bb3d0 code [0x000000000f3bb520, 0x000000000f3bb5d8]
Event: 3.397 Thread 0x0000000007691000  978   !   4       com.android.dx.util.IntList::set (53 bytes)
Event: 3.398 Thread 0x0000000007691000 nmethod 978 0x000000000f3c8950 code [0x000000000f3c8aa0, 0x000000000f3c8b98]

GC Heap History (2 events):
Event: 3.346 GC heap before
{Heap before GC invocations=1 (full 0):
 PSYoungGen      total 18432K, used 15872K [0x00000000eab00000, 0x00000000ebf80000, 0x0000000100000000)
  eden space 15872K, 100% used [0x00000000eab00000,0x00000000eba80000,0x00000000eba80000)
  from space 2560K, 0% used [0x00000000ebd00000,0x00000000ebd00000,0x00000000ebf80000)
  to   space 2560K, 0% used [0x00000000eba80000,0x00000000eba80000,0x00000000ebd00000)
 ParOldGen       total 42496K, used 0K [0x00000000c0000000, 0x00000000c2980000, 0x00000000eab00000)
  object space 42496K, 0% used [0x00000000c0000000,0x00000000c0000000,0x00000000c2980000)
 Metaspace       used 5836K, capacity 6708K, committed 6784K, reserved 1056768K
  class space    used 600K, capacity 620K, committed 640K, reserved 1048576K
Event: 3.356 GC heap after
Heap after GC invocations=1 (full 0):
 PSYoungGen      total 18432K, used 2559K [0x00000000eab00000, 0x00000000ebf80000, 0x0000000100000000)
  eden space 15872K, 0% used [0x00000000eab00000,0x00000000eab00000,0x00000000eba80000)
  from space 2560K, 99% used [0x00000000eba80000,0x00000000ebcffc98,0x00000000ebd00000)
  to   space 2560K, 0% used [0x00000000ebd00000,0x00000000ebd00000,0x00000000ebf80000)
 ParOldGen       total 42496K, used 1441K [0x00000000c0000000, 0x00000000c2980000, 0x00000000eab00000)
  object space 42496K, 3% used [0x00000000c0000000,0x00000000c0168480,0x00000000c2980000)
 Metaspace       used 5836K, capacity 6708K, committed 6784K, reserved 1056768K
  class space    used 600K, capacity 620K, committed 640K, reserved 1048576K
}

Deoptimization events (2 events):
Event: 2.191 Thread 0x0000000002861000 Uncommon trap: reason=unstable_if action=reinterpret pc=0x000000000f242c5c method=java.util.HashMap.getNode(ILjava/lang/Object;)Ljava/util/HashMap$Node; @ 129
Event: 2.580 Thread 0x000000000796e800 Uncommon trap: reason=class_check action=maybe_recompile pc=0x000000000f26efb0 method=com.android.dx.ssa.NormalSsaInsn.accept(Lcom/android/dx/ssa/SsaInsn$Visitor;)V @ 9

Internal exceptions (2 events):
Event: 0.039 Thread 0x0000000002861000 Exception <a 'java/lang/NoSuchMethodError': Method sun.misc.Unsafe.defineClass(Ljava/lang/String;[BII)Ljava/lang/Class; name or signature does not match> (0x00000000eab07c78) thrown at [C:\re\workspace\8-2-build-windows-amd64-cygwin\jdk8u102\7268\hotspot\s€á@í#¤?
Event: 0.039 Thread 0x0000000002861000 Exception <a 'java/lang/NoSuchMethodError': Method sun.misc.Unsafe.prefetchRead(Ljava/lang/Object;J)V name or signature does not match> (0x00000000eab07f60) thrown at [C:\re\workspace\8-2-build-windows-amd64-cygwin\jdk8u102\7268\hotspot\src\share\vm\prims\

Events (10 events):
Event: 2.575 loading class java/util/ArrayList$1 done
Event: 2.580 Thread 0x000000000796e800 Uncommon trap: trap_request=0xffffffde fr.pc=0x000000000f26efb0
Event: 2.580 Thread 0x000000000796e800 DEOPT PACKING pc=0x000000000f26efb0 sp=0x0000000008b8e680
Event: 2.580 Thread 0x000000000796e800 DEOPT UNPACKING pc=0x000000000f05582a sp=0x0000000008b8e610 mode 2
Event: 2.609 loading class java/util/DualPivotQuicksort
Event: 2.610 loading class java/util/DualPivotQuicksort done
Event: 3.345 Executing VM operation: ParallelGCFailedAllocation
Event: 3.356 Executing VM operation: ParallelGCFailedAllocation done
Event: 3.359 loading class com/android/dx/cf/attrib/AttEnclosingMethod
Event: 3.359 loading class com/android/dx/cf/attrib/AttEnclosingMethod done


Dynamic libraries:
0x00007ff7070b0000 - 0x00007ff7070e7000 	C:\Program Files\Java\jdk1.8.0_102\bin\java.exe
0x00007ffac7330000 - 0x00007ffac74d9000 	C:\Windows\SYSTEM32\ntdll.dll
0x00007ffac5690000 - 0x00007ffac57c9000 	C:\Windows\system32\KERNEL32.DLL
0x00007ffac4740000 - 0x00007ffac484e000 	C:\Windows\system32\KERNELBASE.dll
0x00007ffac2810000 - 0x00007ffac289b000 	C:\Windows\system32\apphelp.dll
0x00007ffabbfb0000 - 0x00007ffabbfff000 	C:\Windows\AppPatch\AppPatch64\AcGenral.DLL
0x00007ffac4a50000 - 0x00007ffac4af7000 	C:\Windows\system32\msvcrt.dll
0x00007ffac4020000 - 0x00007ffac404b000 	C:\Windows\SYSTEM32\SspiCli.dll
0x00007ffac4bd0000 - 0x00007ffac4c21000 	C:\Windows\system32\SHLWAPI.dll
0x00007ffac5460000 - 0x00007ffac55d1000 	C:\Windows\system32\USER32.dll
0x00007ffac4f20000 - 0x00007ffac5096000 	C:\Windows\system32\ole32.dll
0x00007ffac5830000 - 0x00007ffac6c3d000 	C:\Windows\system32\SHELL32.dll
0x00007ffac3520000 - 0x00007ffac353f000 	C:\Windows\SYSTEM32\USERENV.dll
0x00007ffac4b20000 - 0x00007ffac4bc5000 	C:\Windows\system32\ADVAPI32.dll
0x00007ffaba500000 - 0x00007ffaba51b000 	C:\Windows\SYSTEM32\MPR.dll
0x00007ffac7190000 - 0x00007ffac72c6000 	C:\Windows\system32\RPCRT4.dll
0x00007ffac72d0000 - 0x00007ffac7327000 	C:\Windows\SYSTEM32\sechost.dll
0x00007ffac4d30000 - 0x00007ffac4f07000 	C:\Windows\SYSTEM32\combase.dll
0x00007ffac6e40000 - 0x00007ffac6f85000 	C:\Windows\system32\GDI32.dll
0x00007ffac42e0000 - 0x00007ffac42f4000 	C:\Windows\SYSTEM32\profapi.dll
0x00007ffac3400000 - 0x00007ffac34a1000 	C:\Windows\SYSTEM32\SHCORE.dll
0x00007ffac5140000 - 0x00007ffac5174000 	C:\Windows\system32\IMM32.DLL
0x00007ffac6f90000 - 0x00007ffac70c8000 	C:\Windows\system32\MSCTF.dll
0x00007ffac4290000 - 0x00007ffac42c1000 	C:\Windows\system32\nvinitx.dll
0x000000000f000000 - 0x000000000f006000 	C:\Program Files\NVIDIA Corporation\CoProcManager\_etoured.dll
0x00007ffac1e00000 - 0x00007ffac1e32000 	C:\Program Files\NVIDIA Corporation\CoProcManager\nvd3d9wrapx.dll
0x00007ffac6c40000 - 0x00007ffac6e16000 	C:\Windows\system32\SETUPAPI.dll
0x00007ffac4410000 - 0x00007ffac445a000 	C:\Windows\system32\CFGMGR32.dll
0x00007ffac1dd0000 - 0x00007ffac1df2000 	C:\Program Files\NVIDIA Corporation\CoProcManager\nvdxgiwrapx.dll
0x00007ffac3c50000 - 0x00007ffac3eaa000 	C:\Windows\WinSxS\amd64_microsoft.windows.common-controls_6595b64144ccf1df_6.0.9600.16384_none_62475f7becb72503\COMCTL32.dll
0x00000000771e0000 - 0x00000000772b1000 	C:\Program Files\Java\jdk1.8.0_102\jre\bin\msvcr100.dll
0x0000000076940000 - 0x00000000771da000 	C:\Program Files\Java\jdk1.8.0_102\jre\bin\server\jvm.dll
0x00007ffabf5c0000 - 0x00007ffabf5c9000 	C:\Windows\SYSTEM32\WSOCK32.dll
0x00007ffac48a0000 - 0x00007ffac48bf000 	C:\Windows\system32\WINMM.dll
0x00007ffac37c0000 - 0x00007ffac37ca000 	C:\Windows\SYSTEM32\VERSION.dll
0x00007ffac4a40000 - 0x00007ffac4a47000 	C:\Windows\system32\PSAPI.DLL
0x00007ffac4930000 - 0x00007ffac4988000 	C:\Windows\system32\WS2_32.dll
0x00007ffac43c0000 - 0x00007ffac43ea000 	C:\Windows\system32\WINMMBASE.dll
0x00007ffac4f10000 - 0x00007ffac4f19000 	C:\Windows\system32\NSI.dll
0x00007ffac4390000 - 0x00007ffac43b6000 	C:\Windows\system32\DEVOBJ.dll
0x0000000050250000 - 0x000000005025f000 	C:\Program Files\Java\jdk1.8.0_102\jre\bin\verify.dll
0x0000000050030000 - 0x0000000050059000 	C:\Program Files\Java\jdk1.8.0_102\jre\bin\java.dll
0x0000000050010000 - 0x0000000050026000 	C:\Program Files\Java\jdk1.8.0_102\jre\bin\zip.dll

VM Arguments:
jvm_args: -Djava.awt.headless=true -Xmx1024M -Dfile.encoding=GBK -Duser.country=CN -Duser.language=zh -Duser.variant 
java_command: com.android.dx.command.Main --dex --force-jumbo --num-threads=4 --multi-dex --output E:\Program Files\feiq\Recv Files\anchong\app\build\intermediates\transforms\dex\debug\folders\1000\10\org.xutils-xutils-3.3.20_ac0835404a051d614ae6624a7c5544e9882bb0b5 E:\Program Files\feiq\Recv Files\anchong\app\build\intermediates\exploded-aar\org.xutils\xutils\3.3.20\jars\classes.jar
java_class_path (initial): C:\Users\Administrator\AppData\Local\Android\Sdk\build-tools\23.0.2\lib\dx.jar
Launcher Type: SUN_STANDARD

Environment Variables:
JAVA_HOME=C:\Program Files\Java\jdk1.8.0_102
PATH=C:\ProgramData\Oracle\Java\javapath;C:\Program Files\Java\jdk1.7.0_79\bin;C:\Windows\system32;C:\Windows;C:\Windows\system32\wbem;E:\Git\cmd;F:\android-ndk-r13;
USERNAME=Administrator
OS=Windows_NT
PROCESSOR_IDENTIFIER=Intel64 Family 6 Model 42 Stepping 7, GenuineIntel



---------------  S Y S T E M  ---------------

OS: Windows 8.1 , 64 bit Build 9600 (6.3.9600.16656)

CPU:total 4 (2 cores per cpu, 2 threads per core) family 6 model 42 stepping 7, cmov, cx8, fxsr, mmx, sse, sse2, sse3, ssse3, sse4.1, sse4.2, popcnt, avx, aes, clmul, ht, tsc, tscinvbit

Memory: 4k page, physical 4036004k(454624k free), swap 8099236k(5132k free)

vm_info: Java HotSpot(TM) 64-Bit Server VM (25.102-b14) for windows-amd64 JRE (1.8.0_102-b14), built on Jun 22 2016 13:15:21 by "java_re" with MS VC++ 10.0 (VS2010)

time: Thu Dec 08 21:52:29 2016
elapsed time: 3 seconds (0d 0h 0m 3s)

